
Amber/25 is provided by courtesy of Prof. Adrian Roitberg and we encourge all
users to register at Amber site for free to enhance the visiblity of Amber. 

Currently Loaded Modules:
  1) gcc/14.2.0   2) openmpi/5.0.7   3) amber/25

 

----------------------------------------------------------------------------
   /apps/lmod/modulefiles/mpi/gcc/14.2.0/openmpi/5.0.7/amber/25.lua:
----------------------------------------------------------------------------
help([[    AMBER (US), Assisted Model Building with Energy Refinement, is a software
    package that simulates a family of force fields for the molecular dynamics of
    biomolecules.  Originally developed by Dr. Peter Kollman's group at UCSF, it
    is maintained via an active collaboration among scientists at several
    universities including Dr. Adrian Roitberg at UF.

    This module sets the following environment variables:
        * HPC_AMBER_DIR - installation directory
        * HPC_AMBER_BIN - executable directory
        * HPC_AMBER_LIB - library directory
        * AMBERHOME - main AMBER variable

Reference: https://docs.rc.ufl.edu/software/apps/amber

Version 25
]])
whatis("Name: AMBER")
whatis("Version: 25")
whatis("Category: Chemistry, Molecular Dynamics")
whatis("URL: http://ambermd.org/ ")
whatis("Description: Assisted Model Building with Energy Refinement")
prepend_path("LD_LIBRARY_PATH","/apps/gcc/14.2.0/openmpi/5.0.7/amber/25/lib")
prepend_path("PATH","/apps/gcc/14.2.0/openmpi/5.0.7/amber/25/bin")
setenv("PYTHONPATH","/apps/gcc/14.2.0/openmpi/5.0.7/amber/25/lib/python3.10/site-packages")
setenv("HPC_AMBER_DIR","/apps/gcc/14.2.0/openmpi/5.0.7/amber/25")
setenv("AMBERHOME","/apps/gcc/14.2.0/openmpi/5.0.7/amber/25")
setenv("HPC_AMBER_INC","/apps/gcc/14.2.0/openmpi/5.0.7/amber/25/include")
setenv("HPC_AMBER_BIN","/apps/gcc/14.2.0/openmpi/5.0.7/amber/25/bin")
setenv("HPC_AMBER_LIB","/apps/gcc/14.2.0/openmpi/5.0.7/amber/25/lib")
LmodMessage("")
LmodMessage("Amber/25 is provided by courtesy of Prof. Adrian Roitberg and we encourge all 
users to register at Amber site for free to enhance the visiblity of Amber.")

