
          -------------------------------------------------------
          Amber 24 PMEMD                              2024
          -------------------------------------------------------

| PMEMD implementation of SANDER, Release 24

|  Compiled date/time: Thu Apr  3 17:55:38 2025
| Run on 12/01/2025 at 06:59:59

|   Executable path: /apps/gcc/14.2.0/openmpi/5.0.7/amber/25/bin/pmemd
| Working directory: /home/john.aitken/oxdc-md-fall25/systems/empty+2
|          Hostname: c0710a-s13

  [-O]verwriting output

File Assignments:
|   MDIN: mdin_templates/eq1b_mc_cpu_1fs.in                                     
|  MDOUT: eq1b.cpu.out                                                          
| INPCRD: eq1a.cpu.rst7                                                         
|   PARM: 5vg3.prmtop                                                           
| RESTRT: eq1b.cpu.rst7                                                         
|   REFC: eq1a.cpu.rst7                                                         
|  MDVEL: mdvel                                                                 
|   MDEN: mden                                                                  
|  MDCRD: eq1b.cpu.nc                                                           
| MDINFO: eq1b.cpu.mdinfo                                                       
|  MDFRC: mdfrc                                                                 


 Here is the input file:

eq1b: npt (mc), 50 ps, 1 fs, medium damping + restraints                       
 &cntrl                                                                        
  imin=0, iwrap=1,                                                             
  ntx=5, irest=1,                                                              
  dt=0.001, nstlim=50000,                                                      
  ntc=2, ntf=2,                                                                
  ntb=2, ntp=1, barostat=2,                                                    
  mcbarint=25, pres0=1.0,                                                      
  ntt=3, gamma_ln=2.0, temp0=300.0,                                            
  cut=10.0,                                                                    
  ntpr=1000, ntwx=1000, ntwr=5000, ntxo=2, ioutfm=1,                           
  ntr=1, restraint_wt=1.0,                                                     
  restraintmask='!:WAT,HOH,Na+,Cl- & !@H='                                     
 /                                                                             
                                                                               


Note: ig = -1. Setting random seed to   716425 based on wallclock time in 
      microseconds.
| irandom = 1, using AMBER's internal random number generator (default).
 
 
| Conditional Compilation Defines Used:
| PUBFFT
| BINTRAJ
| EMIL

| Largest sphere to fit in unit cell has radius =    37.012

| New format PARM file being parsed.
| Version =    1.000 Date = 09/16/25 Time = 15:13:38

| Note: 1-4 EEL scale factors are being read from the topology file.

| Note: 1-4 VDW scale factors are being read from the topology file.
| Duplicated    0 dihedrals

| Duplicated    0 dihedrals

--------------------------------------------------------------------------------
   1.  RESOURCE   USE: 
--------------------------------------------------------------------------------

 getting box info from netcdf restart file
 NATOM  =   63283 NTYPES =      19 NBONH =   60215 MBONA  =    3149
 NTHETH =    6786 MTHETA =    4291 NPHIH =   13868 MPHIA  =   13506
 NHPARM =       0 NPARM  =       0 NNB   =  109843 NRES   =   19473
 NBONA  =    3149 NTHETA =    4291 NPHIA =   13506 NUMBND =      95
 NUMANG =     235 NPTRA  =     200 NATYP =      46 NPHB   =       1
 IFBOX  =       1 NMXRS  =      24 IFCAP =       0 NEXTRA =       0
 NCOPY  =       0

| Coordinate Index Table dimensions:    13   19   14
| Direct force subcell size =     5.6942    5.6370    5.8166

     BOX TYPE: RECTILINEAR

--------------------------------------------------------------------------------
   2.  CONTROL  DATA  FOR  THE  RUN
--------------------------------------------------------------------------------

default_name                                                                    

General flags:
     imin    =       0, nmropt  =       0

Nature and format of input:
     ntx     =       5, irest   =       1, ntrx    =       1

Nature and format of output:
     ntxo    =       2, ntpr    =    1000, ntrx    =       1, ntwr    =    5000
     iwrap   =       1, ntwx    =    1000, ntwv    =       0, ntwe    =       0
     ioutfm  =       1, ntwprt  =       0, idecomp =       0, rbornstat=      0

Potential function:
     ntf     =       2, ntb     =       2, igb     =       0, nsnb    =      25
     ipol    =       0, gbsa    =       0, iesp    =       0
     dielc   =   1.00000, cut     =  10.00000, intdiel =   1.00000

Frozen or restrained atoms:
     ibelly  =       0, ntr     =       1
     restraint_wt =   1.00000

Molecular dynamics:
     nstlim  =     50000, nscm    =         0, nrespa  =         1
     t       =   0.00000, dt      =   0.00100, vlimit  =  20.00000

Langevin dynamics temperature regulation:
     ig      =  716425
     temp0   = 300.00000, tempi   =   0.00000, gamma_ln=   2.00000

Pressure regulation:
     ntp     =       1
     pres0   =   1.00000, comp    =  44.60000, taup    =   1.00000
     Monte-Carlo Barostat:
     mcbarint  =      25

SHAKE:
     ntc     =       2, jfastw  =       0
     tol     =   0.00001

| Intermolecular bonds treatment:
|     no_intermolecular_bonds =       1

| Energy averages sample interval:
|     ene_avg_sampling =    1000

Ewald parameters:
     verbose =       0, ew_type =       0, nbflag  =       1, use_pme =       1
     vdwmeth =       1, eedmeth =       1, netfrc  =       1
     Box X =   74.024   Box Y =  107.103   Box Z =   81.433
     Alpha =   90.000   Beta  =   90.000   Gamma =   90.000
     NFFT1 =   80       NFFT2 =  108       NFFT3 =   90
     Cutoff=   10.000   Tol   =0.100E-04
     Ewald Coefficient =  0.27511
     Interpolation order =    4

    LOADING THE CONSTRAINED ATOMS AS GROUPS


   5.  REFERENCE ATOM COORDINATES

  default_name                                                                    
     Mask !:WAT,HOH,Na+,Cl- & !@H=; matches  3060 atoms
| MONTE CARLO BAROSTAT IMPORTANT NOTE:
|   The Monte-Carlo barostat does not require the virial to adjust the system volume.
|   Since it is an expensive calculation, it is skipped for efficiency. A side-effect
|   is that the reported pressure is always 0 because it is not calculated.

--------------------------------------------------------------------------------
   3.  ATOMIC COORDINATES AND VELOCITIES
--------------------------------------------------------------------------------

default_name                                                                    
 begin time read from input coords =   100.000 ps

 
 Number of triangulated 3-point waters found:    19080

     Sum of charges from parm topology file =   0.00000486
     Forcing neutrality...

| Dynamic Memory, Types Used:
| Reals             2875352
| Integers          2615584

| Nonbonded Pairs Initial Allocation:    19141525

--------------------------------------------------------------------------------
   4.  RESULTS
--------------------------------------------------------------------------------

 ---------------------------------------------------
 APPROXIMATING switch and d/dx switch using CUBIC SPLINE INTERPOLATION
 using   5000.0 points per unit in tabled values
 TESTING RELATIVE ERROR over r ranging from 0.0 to cutoff
| CHECK switch(x): max rel err =   0.2738E-14   at   2.422500
| CHECK d/dx switch(x): max rel err =   0.8314E-11   at   2.736960
 ---------------------------------------------------
|---------------------------------------------------
| APPROXIMATING direct energy using CUBIC SPLINE INTERPOLATION
|  with   50.0 points per unit in tabled values
| Relative Error Limit not exceeded for r .gt.   2.33
| APPROXIMATING direct force using CUBIC SPLINE INTERPOLATION
|  with   50.0 points per unit in tabled values
| Relative Error Limit not exceeded for r .gt.   2.80
|---------------------------------------------------
vlimit exceeded for step    152; vmax =    23.7972
vlimit exceeded for step    154; vmax =    38.0066
vlimit exceeded for step    165; vmax =    54.8619
vlimit exceeded for step    168; vmax =    20.4273
vlimit exceeded for step    171; vmax =    20.6807
vlimit exceeded for step    181; vmax =    20.9516
vlimit exceeded for step    182; vmax =    20.1221
vlimit exceeded for step    212; vmax =    20.1879
| MC Barostat: Decreasing size of volume moves
vlimit exceeded for step    315; vmax =    27.5035
vlimit exceeded for step    316; vmax =    99.1096
vlimit exceeded for step    317; vmax =    29.2846
| MC Barostat: Decreasing size of volume moves
vlimit exceeded for step    562; vmax =    76.1574
| MC Barostat: Decreasing size of volume moves
vlimit exceeded for step    760; vmax =   449.7641
vlimit exceeded for step    761; vmax =    21.5672
vlimit exceeded for step    762; vmax =    24.3289
vlimit exceeded for step    765; vmax =    21.4714
vlimit exceeded for step    789; vmax =    22.0956
vlimit exceeded for step    791; vmax =    20.0951
vlimit exceeded for step    815; vmax =    20.2433
vlimit exceeded for step    829; vmax =    21.6189
vlimit exceeded for step    833; vmax =    20.0807
vlimit exceeded for step    844; vmax =    21.2214
vlimit exceeded for step    852; vmax =    21.8804
vlimit exceeded for step    853; vmax =    20.2762
vlimit exceeded for step    870; vmax =    20.5007
vlimit exceeded for step    874; vmax =    26.1137
vlimit exceeded for step    875; vmax =    22.1764
vlimit exceeded for step    914; vmax =    28.1199
vlimit exceeded for step    915; vmax =    20.7445
vlimit exceeded for step    916; vmax =    29.1325
vlimit exceeded for step    918; vmax =    21.2360
vlimit exceeded for step    965; vmax =    22.7310
| MC Barostat: Decreasing size of volume moves

 NSTEP =     1000   TIME(PS) =     101.000  TEMP(K) =   318.13  PRESS =     0.0
 Etot   =   -151232.5252  EKtot   =     40975.7646  EPtot      =   -192208.2898
 BOND   =      1575.6527  ANGLE   =      4232.1022  DIHED      =      2432.3753
 UB     =         0.0000  IMP     =         0.0000  CMAP       =       260.8812
 1-4 NB =      1409.6531  1-4 EEL =     15784.6137  VDWAALS    =     23759.4262
 EELEC  =   -242182.9126  EHBOND  =         0.0000  RESTRAINT  =       519.9184
 EAMBER (non-restraint)  =   -192728.2082
 EKCMT  =         0.0000  VIRIAL  =         0.0000  VOLUME     =    645615.9977
                                                    Density    =         0.9964
 Ewald error estimate:   0.5404E-04
 ------------------------------------------------------------------------------

vlimit exceeded for step   1184; vmax =    20.1907
vlimit exceeded for step   1212; vmax =    21.9071
| MC Barostat: Decreasing size of volume moves
vlimit exceeded for step   1382; vmax =    24.1074
vlimit exceeded for step   1383; vmax =    28.7562
| MC Barostat: Decreasing size of volume moves
vlimit exceeded for step   1504; vmax =    25.6511
vlimit exceeded for step   1512; vmax =    21.0111
vlimit exceeded for step   1656; vmax =    32.3651
vlimit exceeded for step   1657; vmax =    26.5335
vlimit exceeded for step   1658; vmax =    31.2257
vlimit exceeded for step   1659; vmax =    24.3972
vlimit exceeded for step   1667; vmax =    23.1776
vlimit exceeded for step   1681; vmax =    21.1655
vlimit exceeded for step   1682; vmax =    21.5136
| MC Barostat: Decreasing size of volume moves
vlimit exceeded for step   1858; vmax =    42.9306
vlimit exceeded for step   1979; vmax =    73.1968
vlimit exceeded for step   1981; vmax =   322.9595
vlimit exceeded for step   1982; vmax =    20.6824
vlimit exceeded for step   1983; vmax =    29.2458
vlimit exceeded for step   1998; vmax =    20.3199
| MC Barostat: Decreasing size of volume moves
vlimit exceeded for step   1999; vmax =    21.8706

 NSTEP =     2000   TIME(PS) =     102.000  TEMP(K) =   329.21  PRESS =     0.0
 Etot   =   -150325.7863  EKtot   =     42403.9151  EPtot      =   -192729.7014
 BOND   =      1471.5831  ANGLE   =      3677.0610  DIHED      =      2293.5336
 UB     =         0.0000  IMP     =         0.0000  CMAP       =       247.7447
 1-4 NB =      1339.6338  1-4 EEL =     16071.8257  VDWAALS    =     23532.3357
 EELEC  =   -241783.5085  EHBOND  =         0.0000  RESTRAINT  =       420.0895
 EAMBER (non-restraint)  =   -193149.7909
 EKCMT  =         0.0000  VIRIAL  =         0.0000  VOLUME     =    646343.7107
                                                    Density    =         0.9953
 Ewald error estimate:   0.3196E-04
 ------------------------------------------------------------------------------

vlimit exceeded for step   2008; vmax =    66.6520
vlimit exceeded for step   2009; vmax =   100.2806
vlimit exceeded for step   2057; vmax =    36.9843
vlimit exceeded for step   2066; vmax =    26.0901
vlimit exceeded for step   2069; vmax =    20.0897
vlimit exceeded for step   2070; vmax =    22.5611
vlimit exceeded for step   2073; vmax =    20.7262
vlimit exceeded for step   2093; vmax =    20.5623
vlimit exceeded for step   2094; vmax =    21.5474
vlimit exceeded for step   2179; vmax =   162.4926
vlimit exceeded for step   2180; vmax =    20.6601
vlimit exceeded for step   2193; vmax =    24.6038
vlimit exceeded for step   2195; vmax =    22.1088
vlimit exceeded for step   2196; vmax =    20.0369
vlimit exceeded for step   2197; vmax =    20.1741
vlimit exceeded for step   2206; vmax =    21.6347
vlimit exceeded for step   2207; vmax =    20.4702
vlimit exceeded for step   2208; vmax =   719.5924
vlimit exceeded for step   2209; vmax =    21.7459
vlimit exceeded for step   2210; vmax =    22.8940
vlimit exceeded for step   2211; vmax =    25.7383
vlimit exceeded for step   2229; vmax =    29.9104
| MC Barostat: Decreasing size of volume moves
vlimit exceeded for step   2255; vmax =    42.2522
vlimit exceeded for step   2256; vmax =    26.5886
vlimit exceeded for step   2257; vmax =    24.6936
vlimit exceeded for step   2298; vmax =    20.7598
| MC Barostat: Decreasing size of volume moves
vlimit exceeded for step   2664; vmax =    32.8779
vlimit exceeded for step   2928; vmax =   124.5987

 NSTEP =     3000   TIME(PS) =     103.000  TEMP(K) =   303.44  PRESS =     0.0
 Etot   =   -153999.9260  EKtot   =     39083.7420  EPtot      =   -193083.6681
 BOND   =      1294.4530  ANGLE   =      3363.8372  DIHED      =      2299.8549
 UB     =         0.0000  IMP     =         0.0000  CMAP       =       232.3382
 1-4 NB =      1367.9301  1-4 EEL =     16122.9403  VDWAALS    =     23063.2127
 EELEC  =   -241226.7921  EHBOND  =         0.0000  RESTRAINT  =       398.5577
 EAMBER (non-restraint)  =   -193482.2257
 EKCMT  =         0.0000  VIRIAL  =         0.0000  VOLUME     =    643584.3113
                                                    Density    =         0.9996
 Ewald error estimate:   0.6558E-04
 ------------------------------------------------------------------------------

vlimit exceeded for step   3117; vmax =    52.0407
vlimit exceeded for step   3118; vmax =    23.2578
vlimit exceeded for step   3126; vmax =    21.9766
vlimit exceeded for step   3130; vmax =    21.2871
vlimit exceeded for step   3131; vmax =    23.6300
vlimit exceeded for step   3168; vmax =    20.8120
vlimit exceeded for step   3260; vmax =   367.4093
vlimit exceeded for step   3261; vmax =    24.4760
vlimit exceeded for step   3262; vmax =    22.8638
vlimit exceeded for step   3263; vmax =    24.1426
vlimit exceeded for step   3265; vmax =    25.1911
vlimit exceeded for step   3267; vmax =    22.7706
vlimit exceeded for step   3268; vmax =    27.0035
vlimit exceeded for step   3281; vmax =    20.8525
vlimit exceeded for step   3294; vmax =    20.5604
vlimit exceeded for step   3295; vmax =    20.3640
vlimit exceeded for step   3309; vmax =    27.7308
vlimit exceeded for step   3310; vmax =    29.1429
vlimit exceeded for step   3311; vmax =    22.1543
vlimit exceeded for step   3313; vmax =    39.5089
vlimit exceeded for step   3343; vmax =    46.3279
vlimit exceeded for step   3344; vmax =   137.4269
vlimit exceeded for step   3345; vmax =    37.3141
vlimit exceeded for step   3346; vmax =    23.1394
vlimit exceeded for step   3347; vmax =    25.1340
vlimit exceeded for step   3348; vmax =    25.6019
vlimit exceeded for step   3349; vmax =    23.5919
vlimit exceeded for step   3351; vmax =    22.0111
vlimit exceeded for step   3366; vmax =    29.3625
vlimit exceeded for step   3382; vmax =    24.3290
vlimit exceeded for step   3383; vmax =    22.3576
vlimit exceeded for step   3387; vmax =    39.3193
vlimit exceeded for step   3389; vmax =    24.0891
vlimit exceeded for step   3390; vmax =    20.3340
vlimit exceeded for step   3392; vmax =    62.3237
vlimit exceeded for step   3393; vmax =    29.4943
vlimit exceeded for step   3394; vmax =    21.2474
vlimit exceeded for step   3404; vmax =    21.2582
vlimit exceeded for step   3405; vmax =    21.8616
vlimit exceeded for step   3407; vmax =    21.2665
vlimit exceeded for step   3408; vmax =    22.6255
vlimit exceeded for step   3410; vmax =    22.2371
vlimit exceeded for step   3411; vmax =    22.4007
vlimit exceeded for step   3497; vmax =    22.2090
vlimit exceeded for step   3498; vmax =    20.6924
| MC Barostat: Decreasing size of volume moves
vlimit exceeded for step   3738; vmax =    22.5705
vlimit exceeded for step   3740; vmax =    29.0317
vlimit exceeded for step   3741; vmax =    21.4668
vlimit exceeded for step   3742; vmax =    22.4793
vlimit exceeded for step   3906; vmax =    41.2709
vlimit exceeded for step   3907; vmax =    22.7479
vlimit exceeded for step   3911; vmax =    21.7399
vlimit exceeded for step   3913; vmax =    23.1203
vlimit exceeded for step   3937; vmax =    22.0641
vlimit exceeded for step   3938; vmax =    20.0632
vlimit exceeded for step   3941; vmax =    21.3470
vlimit exceeded for step   3954; vmax =    20.3141
vlimit exceeded for step   3955; vmax =    21.1298

 NSTEP =     4000   TIME(PS) =     104.000  TEMP(K) =   306.50  PRESS =     0.0
 Etot   =   -154307.8752  EKtot   =     39478.0058  EPtot      =   -193785.8810
 BOND   =      1321.8765  ANGLE   =      3401.0633  DIHED      =      2389.3413
 UB     =         0.0000  IMP     =         0.0000  CMAP       =       238.9055
 1-4 NB =      1377.8939  1-4 EEL =     16082.8219  VDWAALS    =     23444.0486
 EELEC  =   -242457.7578  EHBOND  =         0.0000  RESTRAINT  =       415.9258
 EAMBER (non-restraint)  =   -194201.8068
 EKCMT  =         0.0000  VIRIAL  =         0.0000  VOLUME     =    641369.5420
                                                    Density    =         1.0030
 Ewald error estimate:   0.9009E-04
 ------------------------------------------------------------------------------

vlimit exceeded for step   4044; vmax =    20.0769
vlimit exceeded for step   4050; vmax =    26.1275
vlimit exceeded for step   4180; vmax =    47.3746
vlimit exceeded for step   4199; vmax =    23.3778
vlimit exceeded for step   4213; vmax =    29.8848
vlimit exceeded for step   4215; vmax =    28.6701
vlimit exceeded for step   4216; vmax =    24.5927
vlimit exceeded for step   4219; vmax =    21.1490
vlimit exceeded for step   4224; vmax =    35.9376
vlimit exceeded for step   4228; vmax =    20.0912
vlimit exceeded for step   4257; vmax =    20.0307
vlimit exceeded for step   4281; vmax =    20.1485
vlimit exceeded for step   4290; vmax =    20.0348
vlimit exceeded for step   4307; vmax =    20.2329
vlimit exceeded for step   4340; vmax =    23.1030
vlimit exceeded for step   4349; vmax =   181.7491
vlimit exceeded for step   4538; vmax =    30.5694
vlimit exceeded for step   4544; vmax =    21.5820
vlimit exceeded for step   4545; vmax =    21.7628
vlimit exceeded for step   4730; vmax =    34.1117
vlimit exceeded for step   4731; vmax =    50.8307
vlimit exceeded for step   4732; vmax =    24.0478
vlimit exceeded for step   4741; vmax =    20.2056
| MC Barostat: Decreasing size of volume moves
vlimit exceeded for step   4989; vmax =    24.3605
vlimit exceeded for step   4990; vmax =    23.0390
| MC Barostat: Decreasing size of volume moves

 NSTEP =     5000   TIME(PS) =     105.000  TEMP(K) =   303.81  PRESS =     0.0
 Etot   =   -154704.1106  EKtot   =     39132.1181  EPtot      =   -193836.2286
 BOND   =      1243.4513  ANGLE   =      3373.3198  DIHED      =      2350.7139
 UB     =         0.0000  IMP     =         0.0000  CMAP       =       240.0965
 1-4 NB =      1347.7025  1-4 EEL =     15917.4337  VDWAALS    =     23523.1314
 EELEC  =   -242260.3016  EHBOND  =         0.0000  RESTRAINT  =       428.2238
 EAMBER (non-restraint)  =   -194264.4524
 EKCMT  =         0.0000  VIRIAL  =         0.0000  VOLUME     =    641007.2423
                                                    Density    =         1.0036
 Ewald error estimate:   0.3096E-04
 ------------------------------------------------------------------------------

vlimit exceeded for step   5026; vmax =    25.0008
vlimit exceeded for step   5038; vmax =    22.4390
vlimit exceeded for step   5160; vmax =    25.6407
vlimit exceeded for step   5169; vmax =    44.9805
vlimit exceeded for step   5170; vmax =    21.8703
vlimit exceeded for step   5183; vmax =    20.2361
vlimit exceeded for step   5186; vmax =    20.5641
vlimit exceeded for step   5198; vmax =    20.4634
vlimit exceeded for step   5436; vmax =    22.6854
vlimit exceeded for step   5442; vmax =  1023.6560
vlimit exceeded for step   5443; vmax =    33.2975
vlimit exceeded for step   5457; vmax =    20.6148
vlimit exceeded for step   5458; vmax =    21.8913
vlimit exceeded for step   5459; vmax =    21.0496
vlimit exceeded for step   5460; vmax =    20.4354
vlimit exceeded for step   5461; vmax =    20.1444
vlimit exceeded for step   5462; vmax =    20.1563
vlimit exceeded for step   5463; vmax =    20.0750
vlimit exceeded for step   5474; vmax =    21.0229
vlimit exceeded for step   5498; vmax =    20.5582
vlimit exceeded for step   5504; vmax =    61.2981
vlimit exceeded for step   5505; vmax =    22.4197
vlimit exceeded for step   5506; vmax =    33.7125
vlimit exceeded for step   5507; vmax =    24.4147
vlimit exceeded for step   5508; vmax =    28.8395
vlimit exceeded for step   5520; vmax =    34.2964
vlimit exceeded for step   5521; vmax =    21.2303
vlimit exceeded for step   5524; vmax =    20.8321
vlimit exceeded for step   5525; vmax =    20.6344
vlimit exceeded for step   5535; vmax =    33.8819
vlimit exceeded for step   5537; vmax =    23.4323
vlimit exceeded for step   5562; vmax =    38.3332
vlimit exceeded for step   5563; vmax =    20.0357
vlimit exceeded for step   5567; vmax =    25.1539
vlimit exceeded for step   5568; vmax =    40.1263
vlimit exceeded for step   5569; vmax =    21.3305
vlimit exceeded for step   5575; vmax =    28.0173
vlimit exceeded for step   5576; vmax =    24.0304
vlimit exceeded for step   5587; vmax =    40.3505
vlimit exceeded for step   5588; vmax =    21.9763
vlimit exceeded for step   5589; vmax =    23.1303
vlimit exceeded for step   5590; vmax =    21.8091
vlimit exceeded for step   5592; vmax =    69.3783
vlimit exceeded for step   5593; vmax =   940.2657
vlimit exceeded for step   5594; vmax =    26.2603
vlimit exceeded for step   5596; vmax =    28.3247
vlimit exceeded for step   5601; vmax =    20.8115
vlimit exceeded for step   5602; vmax =    20.0717
vlimit exceeded for step   5605; vmax =    22.2642
vlimit exceeded for step   5606; vmax =    20.2228
vlimit exceeded for step   5609; vmax =    23.6226
vlimit exceeded for step   5612; vmax =    21.4979
vlimit exceeded for step   5613; vmax =    20.8688
vlimit exceeded for step   5614; vmax =    72.3833
vlimit exceeded for step   5615; vmax =    25.5385
vlimit exceeded for step   5616; vmax =    25.3964
vlimit exceeded for step   5619; vmax =    22.1229
vlimit exceeded for step   5620; vmax =    41.6880
vlimit exceeded for step   5621; vmax =    21.7108
vlimit exceeded for step   5622; vmax =    27.9223
vlimit exceeded for step   5623; vmax =    20.2478
vlimit exceeded for step   5625; vmax =    25.5466
vlimit exceeded for step   5626; vmax =    21.7056
vlimit exceeded for step   5630; vmax =    21.2959
vlimit exceeded for step   5631; vmax =    66.5882
vlimit exceeded for step   5632; vmax =    27.9588
vlimit exceeded for step   5634; vmax =    27.2912
vlimit exceeded for step   5635; vmax =    21.6578
vlimit exceeded for step   5636; vmax =    21.6898
vlimit exceeded for step   5637; vmax =    35.3347
vlimit exceeded for step   5638; vmax =    23.4566
vlimit exceeded for step   5639; vmax =    20.3012
vlimit exceeded for step   5640; vmax =    23.1361
vlimit exceeded for step   5642; vmax =    20.7379
vlimit exceeded for step   5645; vmax =    21.7467
vlimit exceeded for step   5648; vmax =    20.3793
vlimit exceeded for step   5651; vmax =    22.9804
vlimit exceeded for step   5652; vmax =    21.7873
vlimit exceeded for step   5653; vmax =    21.5402
vlimit exceeded for step   5655; vmax =    21.7545
vlimit exceeded for step   5656; vmax =    22.6747
vlimit exceeded for step   5659; vmax =    22.3799
vlimit exceeded for step   5660; vmax =    20.2180
vlimit exceeded for step   5668; vmax =    21.0922
vlimit exceeded for step   5669; vmax =    22.0648
vlimit exceeded for step   5670; vmax =    20.0617
vlimit exceeded for step   5671; vmax =    22.4631
vlimit exceeded for step   5672; vmax =    24.3418
vlimit exceeded for step   5679; vmax =    61.2115
vlimit exceeded for step   5680; vmax =    25.6743
vlimit exceeded for step   5681; vmax =    28.9513
vlimit exceeded for step   5682; vmax =    22.5825
vlimit exceeded for step   5683; vmax =    24.7840
vlimit exceeded for step   5687; vmax =    20.6545
vlimit exceeded for step   5688; vmax =    20.4064
vlimit exceeded for step   5696; vmax =    20.7506
vlimit exceeded for step   5710; vmax =    20.6648
vlimit exceeded for step   5712; vmax =    20.6619
vlimit exceeded for step   5722; vmax =    20.0168
| MC Barostat: Decreasing size of volume moves
vlimit exceeded for step   5870; vmax =    20.8255
vlimit exceeded for step   5874; vmax =   658.7497
vlimit exceeded for step   5878; vmax =    66.0687
vlimit exceeded for step   5879; vmax =    21.4088
vlimit exceeded for step   5880; vmax =    20.5088
vlimit exceeded for step   5882; vmax =    56.3954

     Coordinate resetting cannot be accomplished,
     deviation is too large
     iter_cnt, my_bond_idx, i and j are :       4    2132    4322    4323
