            --------------------------------------------------------
                             AMBER SQM VERSION 19
 
                                     By
              Ross C. Walker, Michael F. Crowley, Scott Brozell,
                         Tim Giese, Andreas W. Goetz,
                        Tai-Sung Lee and David A. Case
 
            --------------------------------------------------------
 

--------------------------------------------------------------------------------
  QM CALCULATION INFO
--------------------------------------------------------------------------------

| QMMM: Citation for AMBER QMMM Run:
| QMMM: R.C. Walker, M.F. Crowley and D.A. Case, J. COMP. CHEM. 29:1019, 2008

QMMM: SINGLET STATE CALCULATION
QMMM: RHF CALCULATION, NO. OF DOUBLY OCCUPIED LEVELS = 17

| QMMM: *** Selected Hamiltonian *** 
| QMMM: AM1         

| QMMM: *** Parameter sets in use ***
| QMMM: C : M.J.S.DEWAR et al. JACS, 107, 3902, (1985)
| QMMM: O : M.J.S.DEWAR et al. JACS, 107, 3902, (1985)
| QMMM: H : M.J.S.DEWAR et al. JACS, 107, 3902, (1985)

| QMMM: *** SCF convergence criteria ***
| QMMM: Energy change                :  0.1D-09 kcal/mol
| QMMM: Error matrix |FP-PF|         :  0.1D+00 au
| QMMM: Density matrix change        :  0.5D-06
| QMMM: Maximum number of SCF cycles :     1000

| QMMM: *** Diagonalization Routine Information ***
| QMMM: Pseudo diagonalizations are allowed.
| QMMM: Auto diagonalization routine selection is in use.
| QMMM:
| QMMM: Timing diagonalization routines:
| QMMM:                              norbs =       25
| QMMM:    diag iterations used for timing =       20
| QMMM:
| QMMM:              Internal diag routine = 0.000890 seconds
| QMMM:                 Dspev diag routine = 0.005495 seconds
| QMMM:                Dspevd diag routine = 0.000854 seconds
| QMMM:                Dspevx diag routine = 0.004017 seconds
| QMMM:                 Dsyev diag routine = 0.003449 seconds
| QMMM:                Dsyevd diag routine = 0.002757 seconds
| QMMM:                Dsyevr diag routine = 0.003960 seconds
| QMMM:
| QMMM:                Pseudo diag routine = 0.000116 seconds
| QMMM:
| QMMM: Using dspevd routine (diag_routine=3).

  QMMM: QM Region Cartesian Coordinates (*=link atom) 
  QMMM: QM_NO.   MM_NO.  ATOM         X         Y         Z
  QMMM:     1        1      C       32.5700    2.2260   79.6600
  QMMM:     2        2      C       32.7680    2.4840   81.1650
  QMMM:     3        3      O       33.3420    2.8120   78.7910
  QMMM:     4        4      O       31.6300    1.4210   79.2560
  QMMM:     5        5      O       33.6770    3.2620   81.5550
  QMMM:     6        6      O       31.9200    1.8390   82.1190
  QMMM:     7        7      H       31.8270    2.3980   82.8930

--------------------------------------------------------------------------------
  RESULTS
--------------------------------------------------------------------------------

      iter         sqm energy              rms gradient
      ----    -------------------    -----------------------
xmin    10     -208.4966 kcal/mol        3.9943 kcal/(mol*A)
xmin    20     -211.5116 kcal/mol        0.1785 kcal/(mol*A)
  ... geometry converged !
 
 Final MO eigenvalues (eV):
 -35.9826  -33.2553  -31.9181  -30.0469  -21.1396  -16.0373  -14.4628  -12.8235
 -11.8560  -10.7733  -10.4157   -9.8365   -8.0652   -7.8195   -5.7935   -5.4403
  -5.1331    5.7425    6.7616    7.4391    8.6120    9.6979   11.1165   11.6380
  12.9208

 Heat of formation   =       -211.51255267 kcal/mol  (       -9.17187254 eV)

 Total SCF energy    =     -35836.99372947 kcal/mol  (    -1554.00866092 eV)
 Electronic energy   =     -99554.92503877 kcal/mol  (    -4317.02549927 eV)
 Core-core repulsion =      63717.93130930 kcal/mol  (     2763.01683835 eV)
 
    Atomic Charges for Step       1 :
  Atom    Element       Mulliken Charge
     1      C                  0.389
     2      C                  0.239
     3      O                 -0.522
     4      O                 -0.522
     5      O                 -0.441
     6      O                 -0.335
     7      H                  0.191
 Total Mulliken Charge =      -1.000
 
                  X        Y        Z     TOTAL  
  QM DIPOLE  -157.442  -10.388 -382.053  413.352
 
 Final Structure

  QMMM: QM Region Cartesian Coordinates (*=link atom) 
  QMMM: QM_NO.   MM_NO.  ATOM         X         Y         Z
  QMMM:     1        1      C       32.5697    2.1941   79.6218
  QMMM:     2        2      C       32.7926    2.3713   81.1458
  QMMM:     3        3      O       32.6096    3.2420   78.9361
  QMMM:     4        4      O       32.3881    1.0190   79.2269
  QMMM:     5        5      O       33.8344    2.3551   81.8158
  QMMM:     6        6      O       31.6565    2.5803   81.8780
  QMMM:     7        7      H       31.8831    2.6802   82.8146

           --------- Calculation Completed ----------

