-I: Adding /apps/cuda/10.0.130/gcc/7.3.0/amber/20omp/dat/leap/prep to search path.
-I: Adding /apps/cuda/10.0.130/gcc/7.3.0/amber/20omp/dat/leap/lib to search path.
-I: Adding /apps/cuda/10.0.130/gcc/7.3.0/amber/20omp/dat/leap/parm to search path.
-I: Adding /apps/cuda/10.0.130/gcc/7.3.0/amber/20omp/dat/leap/cmd to search path.
-s: Ignoring startup file: leaprc
-f: Source 5vg3_tleap.in.

Welcome to LEaP!
Sourcing: ./5vg3_tleap.in
----- Source: /apps/cuda/10.0.130/gcc/7.3.0/amber/20omp/dat/leap/cmd/leaprc.protein.ff19SB
----- Source of /apps/cuda/10.0.130/gcc/7.3.0/amber/20omp/dat/leap/cmd/leaprc.protein.ff19SB done
Log file: ./leap.log
Loading parameters: /apps/cuda/10.0.130/gcc/7.3.0/amber/20omp/dat/leap/parm/parm19.dat
Reading title:
PARM99 + frcmod.ff99SB + frcmod.parmbsc0 + OL3 for RNA + ff19SB
Loading parameters: /apps/cuda/10.0.130/gcc/7.3.0/amber/20omp/dat/leap/parm/frcmod.ff19SB
Reading force field modification type file (frcmod)
Reading title:
ff19SB AA-specific backbone CMAPs for protein 07/25/2019
Loading library: /apps/cuda/10.0.130/gcc/7.3.0/amber/20omp/dat/leap/lib/amino19.lib
Loading library: /apps/cuda/10.0.130/gcc/7.3.0/amber/20omp/dat/leap/lib/aminoct12.lib
Loading library: /apps/cuda/10.0.130/gcc/7.3.0/amber/20omp/dat/leap/lib/aminont12.lib
----- Source: /apps/cuda/10.0.130/gcc/7.3.0/amber/20omp/dat/leap/cmd/leaprc.gaff
----- Source of /apps/cuda/10.0.130/gcc/7.3.0/amber/20omp/dat/leap/cmd/leaprc.gaff done
Log file: ./leap.log
Loading parameters: /apps/cuda/10.0.130/gcc/7.3.0/amber/20omp/dat/leap/parm/gaff.dat
Reading title:
AMBER General Force Field for organic molecules (Version 1.81, May 2017)
----- Source: /apps/cuda/10.0.130/gcc/7.3.0/amber/20omp/dat/leap/cmd/leaprc.water.tip3p
----- Source of /apps/cuda/10.0.130/gcc/7.3.0/amber/20omp/dat/leap/cmd/leaprc.water.tip3p done
Loading library: /apps/cuda/10.0.130/gcc/7.3.0/amber/20omp/dat/leap/lib/atomic_ions.lib
Loading library: /apps/cuda/10.0.130/gcc/7.3.0/amber/20omp/dat/leap/lib/solvents.lib
Loading parameters: /apps/cuda/10.0.130/gcc/7.3.0/amber/20omp/dat/leap/parm/frcmod.tip3p
Reading force field modification type file (frcmod)
Reading title:
This is the additional/replacement parameter set for TIP3P water
Loading parameters: /apps/cuda/10.0.130/gcc/7.3.0/amber/20omp/dat/leap/parm/frcmod.ions1lm_126_tip3p
Reading force field modification type file (frcmod)
Reading title:
Li/Merz ion parameters of monovalent ions for TIP3P water model (12-6 normal usage set)
Loading parameters: /apps/cuda/10.0.130/gcc/7.3.0/amber/20omp/dat/leap/parm/frcmod.ionsjc_tip3p
Reading force field modification type file (frcmod)
Reading title:
Monovalent ion parameters for Ewald and TIP3P water from Joung & Cheatham JPCB (2008)
Loading parameters: /apps/cuda/10.0.130/gcc/7.3.0/amber/20omp/dat/leap/parm/frcmod.ions234lm_126_tip3p
Reading force field modification type file (frcmod)
Reading title:
Li/Merz ion parameters of divalent to tetravalent ions for TIP3P water model (12-6 normal usage set)
Loading Mol2 file: ./HD1.mol2
Reading MOLECULE named HD1
Loading Mol2 file: ./HD2.mol2
Reading MOLECULE named HD2
Loading Mol2 file: ./GU1.mol2
Reading MOLECULE named GU1
Loading Mol2 file: ./HD3.mol2
Reading MOLECULE named HD3
Loading Mol2 file: ./HD4.mol2
Reading MOLECULE named HD4
Loading Mol2 file: ./HD5.mol2
Reading MOLECULE named HD5
Loading Mol2 file: ./GU2.mol2
Reading MOLECULE named GU2
Loading Mol2 file: ./HD6.mol2
Reading MOLECULE named HD6
Loading Mol2 file: ./MN1.mol2
Reading MOLECULE named MN1
Loading Mol2 file: ./MN2.mol2
Reading MOLECULE named MN2
Loading Mol2 file: ./WTR.mol2
Reading MOLECULE named WTR
Loading Mol2 file: ./WT1.mol2
Reading MOLECULE named WT1
Loading parameters: /apps/cuda/10.0.130/gcc/7.3.0/amber/20omp/dat/leap/parm/frcmod.ions1lm_126_tip3p
Reading force field modification type file (frcmod)
Reading title:
Li/Merz ion parameters of monovalent ions for TIP3P water model (12-6 normal usage set)
Loading parameters: ./5vg3_mcpbpy.frcmod
Reading force field modification type file (frcmod)
Reading title:
REMARK GOES HERE, THIS FILE IS GENERATED BY MCPB.PY
Loading parameters: ./5vg3_mcpbpyC.frcmod
Reading force field modification type file (frcmod)
Reading title:
REMARK GOES HERE, THIS FILE IS GENERATED BY MCPB.PY
Loading PDB file: ./5vg3_mcpbpy.pdb

/apps/cuda/10.0.130/gcc/7.3.0/amber/20omp/bin/teLeap: Warning!
One sided connection. Residue (HD1) missing connect0 atom.

/apps/cuda/10.0.130/gcc/7.3.0/amber/20omp/bin/teLeap: Warning!
One sided connection. Residue (default_name) missing connect1 atom.

/apps/cuda/10.0.130/gcc/7.3.0/amber/20omp/bin/teLeap: Warning!
One sided connection. Residue (HD2) missing connect0 atom.

/apps/cuda/10.0.130/gcc/7.3.0/amber/20omp/bin/teLeap: Warning!
One sided connection. Residue (default_name) missing connect1 atom.

/apps/cuda/10.0.130/gcc/7.3.0/amber/20omp/bin/teLeap: Warning!
One sided connection. Residue (GU1) missing connect0 atom.

/apps/cuda/10.0.130/gcc/7.3.0/amber/20omp/bin/teLeap: Warning!
One sided connection. Residue (default_name) missing connect1 atom.

/apps/cuda/10.0.130/gcc/7.3.0/amber/20omp/bin/teLeap: Warning!
One sided connection. Residue (HD3) missing connect0 atom.

/apps/cuda/10.0.130/gcc/7.3.0/amber/20omp/bin/teLeap: Warning!
One sided connection. Residue (default_name) missing connect1 atom.

/apps/cuda/10.0.130/gcc/7.3.0/amber/20omp/bin/teLeap: Warning!
One sided connection. Residue (HD4) missing connect0 atom.

/apps/cuda/10.0.130/gcc/7.3.0/amber/20omp/bin/teLeap: Warning!
One sided connection. Residue (default_name) missing connect1 atom.

/apps/cuda/10.0.130/gcc/7.3.0/amber/20omp/bin/teLeap: Warning!
One sided connection. Residue (HD5) missing connect0 atom.

/apps/cuda/10.0.130/gcc/7.3.0/amber/20omp/bin/teLeap: Warning!
One sided connection. Residue (default_name) missing connect1 atom.

/apps/cuda/10.0.130/gcc/7.3.0/amber/20omp/bin/teLeap: Warning!
One sided connection. Residue (GU2) missing connect0 atom.

/apps/cuda/10.0.130/gcc/7.3.0/amber/20omp/bin/teLeap: Warning!
One sided connection. Residue (default_name) missing connect1 atom.

/apps/cuda/10.0.130/gcc/7.3.0/amber/20omp/bin/teLeap: Warning!
One sided connection. Residue (HD6) missing connect0 atom.

/apps/cuda/10.0.130/gcc/7.3.0/amber/20omp/bin/teLeap: Warning!
One sided connection. Residue (default_name) missing connect1 atom.
  total atoms in file: 6038
Writing pdb file: 5vg3_dry.pdb

/apps/cuda/10.0.130/gcc/7.3.0/amber/20omp/bin/teLeap: Warning!
 Converting N-terminal residue name to PDB format: NMET -> MET

/apps/cuda/10.0.130/gcc/7.3.0/amber/20omp/bin/teLeap: Warning!
 Converting C-terminal residue name to PDB format: CLYS -> LYS
Checking Unit.

/apps/cuda/10.0.130/gcc/7.3.0/amber/20omp/bin/teLeap: Warning!
The unperturbed charge of the unit (8.000005) is not zero.

/apps/cuda/10.0.130/gcc/7.3.0/amber/20omp/bin/teLeap: Note.
Ignoring the warning from Unit Checking.

Building topology.
Building atom parameters.
Building bond parameters.
Building angle parameters.
Building proper torsion parameters.

/apps/cuda/10.0.130/gcc/7.3.0/amber/20omp/bin/teLeap: Error!
 ** No torsion terms for  Y6-M2-Y10-HW

/apps/cuda/10.0.130/gcc/7.3.0/amber/20omp/bin/teLeap: Error!
 ** No torsion terms for  Y6-M2-Y10-HW

/apps/cuda/10.0.130/gcc/7.3.0/amber/20omp/bin/teLeap: Error!
 ** No torsion terms for  Y7-M2-Y10-HW

/apps/cuda/10.0.130/gcc/7.3.0/amber/20omp/bin/teLeap: Error!
 ** No torsion terms for  Y7-M2-Y10-HW

/apps/cuda/10.0.130/gcc/7.3.0/amber/20omp/bin/teLeap: Error!
 ** No torsion terms for  Y8-M2-Y10-HW

/apps/cuda/10.0.130/gcc/7.3.0/amber/20omp/bin/teLeap: Error!
 ** No torsion terms for  Y8-M2-Y10-HW

/apps/cuda/10.0.130/gcc/7.3.0/amber/20omp/bin/teLeap: Error!
 ** No torsion terms for  Y9-M2-Y10-HW

/apps/cuda/10.0.130/gcc/7.3.0/amber/20omp/bin/teLeap: Error!
 ** No torsion terms for  Y9-M2-Y10-HW
Building improper torsion parameters.
 total 1262 improper torsions applied
Building H-Bond parameters.
Incorporating Non-Bonded adjustments.

/apps/cuda/10.0.130/gcc/7.3.0/amber/20omp/bin/teLeap: Warning!
Parameter file was not saved.
  Solute vdw bounding box:              55.574 90.407 63.077
  Total bounding box for atom centers:  75.574 110.407 83.077
  Solvent unit box:                     18.774 18.774 18.774
  Total vdw box size:                   78.672 113.827 86.545 angstroms.
  Volume: 775013.309 A^3 
  Total mass 387287.284 amu,  Density 0.830 g/cc
  Added 19088 residues.

/apps/cuda/10.0.130/gcc/7.3.0/amber/20omp/bin/teLeap: Warning!
addIons: 1st Ion & target unit have charges of the same sign:
     unit charge = 8; ion1 charge = 1;
     can't neutralize.
8 Cl- ions required to neutralize.
Adding 8 counter ions to "mol" using 1A grid
Grid extends from solute vdw + 4.68  to  10.67
Resolution:      1.00 Angstrom.
Solvent present: replacing closest with ion
	 when steric overlaps occur
Calculating grid charges
(Replacing solvent molecule)
Placed Cl- in mol at (-2.74, -36.37, 8.70).
(Replacing solvent molecule)
Placed Cl- in mol at (-24.12, 23.58, -0.86).
(Replacing solvent molecule)
Placed Cl- in mol at (15.32, 13.07, -11.52).
(Replacing solvent molecule)
Placed Cl- in mol at (-3.91, -24.08, 23.36).
(Replacing solvent molecule)
Placed Cl- in mol at (-25.82, -28.69, 24.17).
(Replacing solvent molecule)
Placed Cl- in mol at (-20.58, -16.34, 1.18).
(Replacing solvent molecule)
Placed Cl- in mol at (-25.51, 19.31, 6.99).
(Replacing solvent molecule)
Placed Cl- in mol at (9.12, -20.88, 28.11).

Done adding ions.
Writing pdb file: 5vg3_solv.pdb
   printing CRYST1 record to PDB file with box info

/apps/cuda/10.0.130/gcc/7.3.0/amber/20omp/bin/teLeap: Warning!
 Converting N-terminal residue name to PDB format: NMET -> MET

/apps/cuda/10.0.130/gcc/7.3.0/amber/20omp/bin/teLeap: Warning!
 Converting C-terminal residue name to PDB format: CLYS -> LYS
Checking Unit.
Building topology.
Building atom parameters.
Building bond parameters.
Building angle parameters.
Building proper torsion parameters.

/apps/cuda/10.0.130/gcc/7.3.0/amber/20omp/bin/teLeap: Error!
 ** No torsion terms for  Y6-M2-Y10-HW

/apps/cuda/10.0.130/gcc/7.3.0/amber/20omp/bin/teLeap: Error!
 ** No torsion terms for  Y6-M2-Y10-HW

/apps/cuda/10.0.130/gcc/7.3.0/amber/20omp/bin/teLeap: Error!
 ** No torsion terms for  Y7-M2-Y10-HW

/apps/cuda/10.0.130/gcc/7.3.0/amber/20omp/bin/teLeap: Error!
 ** No torsion terms for  Y7-M2-Y10-HW

/apps/cuda/10.0.130/gcc/7.3.0/amber/20omp/bin/teLeap: Error!
 ** No torsion terms for  Y8-M2-Y10-HW

/apps/cuda/10.0.130/gcc/7.3.0/amber/20omp/bin/teLeap: Error!
 ** No torsion terms for  Y8-M2-Y10-HW

/apps/cuda/10.0.130/gcc/7.3.0/amber/20omp/bin/teLeap: Error!
 ** No torsion terms for  Y9-M2-Y10-HW

/apps/cuda/10.0.130/gcc/7.3.0/amber/20omp/bin/teLeap: Error!
 ** No torsion terms for  Y9-M2-Y10-HW
Building improper torsion parameters.
 total 1262 improper torsions applied
Building H-Bond parameters.
Incorporating Non-Bonded adjustments.

/apps/cuda/10.0.130/gcc/7.3.0/amber/20omp/bin/teLeap: Warning!
Parameter file was not saved.
	Quit

Exiting LEaP: Errors = 16; Warnings = 24; Notes = 1.
