
          -------------------------------------------------------
          Amber 24 PMEMD                              2024
          -------------------------------------------------------

| PMEMD implementation of SANDER, Release 24

|  Compiled date/time: Thu Apr  3 17:55:38 2025
| Run on 11/08/2025 at 01:45:22

|   Executable path: pmemd.cuda
| Working directory: /home/john.aitken/md_sims_wd/md_simulations/clean_BiOx2_17750575
|          Hostname: c0605a-s5

  [-O]verwriting output

File Assignments:
|   MDIN: heat.in                                                               
|  MDOUT: heat.out                                                              
| INPCRD: min.rst7                                                              
|   PARM: ../../Closed_comfirmation/pH_4/Nterm_only/BiOx+2/5vg3_solv.prmtop     
| RESTRT: heat.rst7                                                             
|   REFC: min.rst7                                                              
|  MDVEL: mdvel                                                                 
|   MDEN: mden                                                                  
|  MDCRD: heat.nc                                                               
| MDINFO: heat.mdinfo                                                           
|  MDFRC: mdfrc                                                                 


 Here is the input file:

Heating from 0 to 300K over 50ps                                               
 &cntrl                                                                        
  imin   = 0,                                                                  
  ntx    = 1,                                                                  
  irest  = 0,                                                                  
  nmropt = 0,                                                                  
                                                                               
  nstlim = 25000,      ! 50ps at 2fs timestep                                  
  dt     = 0.002,                                                              
  ntc    = 2,                                                                  
  ntf    = 2,	       ! SHAKE for 2 fs                                          
                                                                               
  ntpr   = 500,                                                                
  ntwr   = 5000,                                                               
  ntwx   = 5000,                                                               
  ntxo   = 2,                                                                  
                                                                               
  cut    = 10.0,                                                               
  ntb    = 1,		! NVT                                                           
                                                                               
  ntt    = 3,                                                                  
  gamma_ln = 2.0,                                                              
  temp0  = 300.0,                                                              
                                                                               
 /                                                                             
                                                                               
 &wt TYPE='TEMP0', istep1=0, istep2=25000, value1=0.0, value2=300.0, /         
 &wt TYPE='END' /                                                              


Note: ig = -1. Setting random seed to   437738 based on wallclock time in 
      microseconds.
| irandom = 1, using AMBER's internal random number generator (default).
 
|--------------------- INFORMATION ----------------------
| GPU (CUDA) Version of PMEMD in use: NVIDIA GPU IN USE.
|                    Version 18.0.0
| 
|                      03/25/2018
| 
| Implementation by:
|                    Ross C. Walker     (SDSC)
|                    Scott Le Grand     (nVIDIA)
| 
| Version 18 performance extensions by:
|                    David Cerutti     (Rutgers)
| 
| Precision model in use:
|      [SPFP] - Single Precision Forces, 64-bit Fixed Point
|               Accumulation. (Default)
| 
|--------------------------------------------------------
 
|----------------- CITATION INFORMATION -----------------
|
|    When publishing work that utilized the CUDA version
|    of AMBER, please cite the following in addition to
|    the regular AMBER citations:
|
|  - Romelia Salomon-Ferrer; Andreas W. Goetz; Duncan
|    Poole; Scott Le Grand; Ross C. Walker "Routine
|    microsecond molecular dynamics simulations with
|    AMBER - Part II: Particle Mesh Ewald", J. Chem.
|    Theory Comput., 2013, 9 (9), pp3878-3888,
|    DOI: 10.1021/ct400314y.
|
|  - Andreas W. Goetz; Mark J. Williamson; Dong Xu;
|    Duncan Poole; Scott Le Grand; Ross C. Walker
|    "Routine microsecond molecular dynamics simulations
|    with AMBER - Part I: Generalized Born", J. Chem.
|    Theory Comput., 2012, 8 (5), pp1542-1555.
|
|  - Scott Le Grand; Andreas W. Goetz; Ross C. Walker
|    "SPFP: Speed without compromise - a mixed precision
|    model for GPU accelerated molecular dynamics
|    simulations.", Comp. Phys. Comm., 2013, 184
|    pp374-380, DOI: 10.1016/j.cpc.2012.09.022
|
|--------------------------------------------------------
 
|------------------- GPU DEVICE INFO --------------------
|
|            CUDA_VISIBLE_DEVICES: 0
|   CUDA Capable Devices Detected:      1
|           CUDA Device ID in use:      0
|                CUDA Device Name: NVIDIA L4
|     CUDA Device Global Mem Size:  22574 MB
| CUDA Device Num Multiprocessors:     58
|           CUDA Device Core Freq:   2.04 GHz
|
|--------------------------------------------------------
 
 
| Conditional Compilation Defines Used:
| PUBFFT
| BINTRAJ
| CUDA
| EMIL

| Largest sphere to fit in unit cell has radius =    39.336

| New format PARM file being parsed.
| Version =    1.000 Date = 10/14/25 Time = 12:07:52

| Note: 1-4 EEL scale factors are being read from the topology file.

| Note: 1-4 VDW scale factors are being read from the topology file.
| Duplicated    0 dihedrals

| Duplicated    0 dihedrals

--------------------------------------------------------------------------------
   1.  RESOURCE   USE: 
--------------------------------------------------------------------------------

 getting box info from netcdf restart file
 NATOM  =   63287 NTYPES =      19 NBONH =   60213 MBONA  =    3151
 NTHETH =    6788 MTHETA =    4291 NPHIH =   13866 MPHIA  =   13498
 NHPARM =       0 NPARM  =       0 NNB   =  109836 NRES   =   19473
 NBONA  =    3151 NTHETA =    4291 NPHIA =   13498 NUMBND =      92
 NUMANG =     222 NPTRA  =     202 NATYP =      49 NPHB   =       1
 IFBOX  =       1 NMXRS  =      24 IFCAP =       0 NEXTRA =       0
 NCOPY  =       0

| Coordinate Index Table dimensions:    14   20   15
| Direct force subcell size =     5.6194    5.6913    5.7697

     BOX TYPE: RECTILINEAR

--------------------------------------------------------------------------------
   2.  CONTROL  DATA  FOR  THE  RUN
--------------------------------------------------------------------------------

default_name                                                                    

General flags:
     imin    =       0, nmropt  =       0

Nature and format of input:
     ntx     =       1, irest   =       0, ntrx    =       1

Nature and format of output:
     ntxo    =       2, ntpr    =     500, ntrx    =       1, ntwr    =    5000
     iwrap   =       0, ntwx    =    5000, ntwv    =       0, ntwe    =       0
     ioutfm  =       1, ntwprt  =       0, idecomp =       0, rbornstat=      0

Potential function:
     ntf     =       2, ntb     =       1, igb     =       0, nsnb    =      25
     ipol    =       0, gbsa    =       0, iesp    =       0
     dielc   =   1.00000, cut     =  10.00000, intdiel =   1.00000

Frozen or restrained atoms:
     ibelly  =       0, ntr     =       0

Molecular dynamics:
     nstlim  =     25000, nscm    =      1000, nrespa  =         1
     t       =   0.00000, dt      =   0.00200, vlimit  =  -1.00000

Langevin dynamics temperature regulation:
     ig      =  437738
     temp0   = 300.00000, tempi   =   0.00000, gamma_ln=   2.00000

SHAKE:
     ntc     =       2, jfastw  =       0
     tol     =   0.00001

| Intermolecular bonds treatment:
|     no_intermolecular_bonds =       1

| Energy averages sample interval:
|     ene_avg_sampling =     500

Ewald parameters:
     verbose =       0, ew_type =       0, nbflag  =       1, use_pme =       1
     vdwmeth =       1, eedmeth =       1, netfrc  =       1
     Box X =   78.672   Box Y =  113.827   Box Z =   86.545
     Alpha =   90.000   Beta  =   90.000   Gamma =   90.000
     NFFT1 =   80       NFFT2 =  120       NFFT3 =   96
     Cutoff=   10.000   Tol   =0.100E-04
     Ewald Coefficient =  0.27511
     Interpolation order =    4

--------------------------------------------------------------------------------
   3.  ATOMIC COORDINATES AND VELOCITIES
--------------------------------------------------------------------------------

default_name                                                                    
 begin time read from input coords =     0.000 ps

 
 Number of triangulated 3-point waters found:    19079

     Sum of charges from parm topology file =   0.00000185
     Forcing neutrality...

| Dynamic Memory, Types Used:
| Reals             2019577
| Integers          2456655

| Nonbonded Pairs Initial Allocation:    19142735

| GPU memory information (estimate):
| KB of GPU memory in use:    430112
| KB of CPU memory in use:    111599

--------------------------------------------------------------------------------
   4.  RESULTS
--------------------------------------------------------------------------------


 NSTEP =        0   TIME(PS) =       0.000  TEMP(K) =     0.00  PRESS =     0.0
 Etot   =   -277884.5512  EKtot   =         0.0000  EPtot      =   -277884.5512
 BOND   =       203.1494  ANGLE   =       985.3569  DIHED      =      1638.3856
 UB     =         0.0000  IMP     =         0.0000  CMAP       =       223.1463
 1-4 NB =      1181.0464  1-4 EEL =     16949.4632  VDWAALS    =     53637.8677
 EELEC  =   -352702.9666  EHBOND  =         0.0000  RESTRAINT  =         0.0000
 ------------------------------------------------------------------------------


 NSTEP =      500   TIME(PS) =       1.000  TEMP(K) =   251.59  PRESS =     0.0
 Etot   =   -168753.2568  EKtot   =     32408.7207  EPtot      =   -201161.9775
 BOND   =      1043.2279  ANGLE   =      2956.0938  DIHED      =      2138.9189
 UB     =         0.0000  IMP     =         0.0000  CMAP       =       266.2332
 1-4 NB =      1312.2693  1-4 EEL =     16934.6651  VDWAALS    =     28994.3749
 EELEC  =   -254807.7606  EHBOND  =         0.0000  RESTRAINT  =         0.0000
 ------------------------------------------------------------------------------


 NSTEP =     1000   TIME(PS) =       2.000  TEMP(K) =   285.22  PRESS =     0.0
 Etot   =   -155294.9947  EKtot   =     36740.9375  EPtot      =   -192035.9322
 BOND   =      1193.6640  ANGLE   =      3169.5328  DIHED      =      2230.9760
 UB     =         0.0000  IMP     =         0.0000  CMAP       =       257.3357
 1-4 NB =      1330.4626  1-4 EEL =     16900.4677  VDWAALS    =     24840.5498
 EELEC  =   -241958.9209  EHBOND  =         0.0000  RESTRAINT  =         0.0000
 ------------------------------------------------------------------------------


 NSTEP =     1500   TIME(PS) =       3.000  TEMP(K) =   296.59  PRESS =     0.0
 Etot   =   -151324.4387  EKtot   =     38206.6250  EPtot      =   -189531.0637
 BOND   =      1200.4383  ANGLE   =      3279.4430  DIHED      =      2290.0091
 UB     =         0.0000  IMP     =         0.0000  CMAP       =       267.6735
 1-4 NB =      1337.7257  1-4 EEL =     16880.4531  VDWAALS    =     23486.5933
 EELEC  =   -238273.3998  EHBOND  =         0.0000  RESTRAINT  =         0.0000
 ------------------------------------------------------------------------------


 NSTEP =     2000   TIME(PS) =       4.000  TEMP(K) =   298.64  PRESS =     0.0
 Etot   =   -149961.2642  EKtot   =     38470.4453  EPtot      =   -188431.7095
 BOND   =      1144.2547  ANGLE   =      3282.7452  DIHED      =      2266.7706
 UB     =         0.0000  IMP     =         0.0000  CMAP       =       239.1684
 1-4 NB =      1344.2159  1-4 EEL =     16938.1304  VDWAALS    =     22733.1821
 EELEC  =   -236380.1769  EHBOND  =         0.0000  RESTRAINT  =         0.0000
 ------------------------------------------------------------------------------


 NSTEP =     2500   TIME(PS) =       5.000  TEMP(K) =   298.59  PRESS =     0.0
 Etot   =   -149752.2939  EKtot   =     38463.4141  EPtot      =   -188215.7080
 BOND   =      1184.5553  ANGLE   =      3273.4436  DIHED      =      2259.0434
 UB     =         0.0000  IMP     =         0.0000  CMAP       =       243.4722
 1-4 NB =      1355.1872  1-4 EEL =     16948.0192  VDWAALS    =     23011.0270
 EELEC  =   -236490.4558  EHBOND  =         0.0000  RESTRAINT  =         0.0000
 ------------------------------------------------------------------------------


 NSTEP =     3000   TIME(PS) =       6.000  TEMP(K) =   300.95  PRESS =     0.0
 Etot   =   -149393.5121  EKtot   =     38767.1562  EPtot      =   -188160.6683
 BOND   =      1181.3645  ANGLE   =      3275.7306  DIHED      =      2245.4789
 UB     =         0.0000  IMP     =         0.0000  CMAP       =       257.4027
 1-4 NB =      1371.8091  1-4 EEL =     16917.7959  VDWAALS    =     22345.8117
 EELEC  =   -235756.0618  EHBOND  =         0.0000  RESTRAINT  =         0.0000
 ------------------------------------------------------------------------------


 NSTEP =     3500   TIME(PS) =       7.000  TEMP(K) =   299.32  PRESS =     0.0
 Etot   =   -149469.7719  EKtot   =     38558.3125  EPtot      =   -188028.0844
 BOND   =      1210.6313  ANGLE   =      3173.6963  DIHED      =      2224.9480
 UB     =         0.0000  IMP     =         0.0000  CMAP       =       246.4236
 1-4 NB =      1342.6625  1-4 EEL =     16798.4954  VDWAALS    =     22668.5866
 EELEC  =   -235693.5280  EHBOND  =         0.0000  RESTRAINT  =         0.0000
 ------------------------------------------------------------------------------


 NSTEP =     4000   TIME(PS) =       8.000  TEMP(K) =   299.84  PRESS =     0.0
 Etot   =   -149811.7510  EKtot   =     38625.2227  EPtot      =   -188436.9737
 BOND   =      1206.3579  ANGLE   =      3192.8139  DIHED      =      2264.5055
 UB     =         0.0000  IMP     =         0.0000  CMAP       =       258.6478
 1-4 NB =      1337.1749  1-4 EEL =     16862.6609  VDWAALS    =     22292.0676
 EELEC  =   -235851.2022  EHBOND  =         0.0000  RESTRAINT  =         0.0000
 ------------------------------------------------------------------------------


 NSTEP =     4500   TIME(PS) =       9.000  TEMP(K) =   299.68  PRESS =     0.0
 Etot   =   -150042.4745  EKtot   =     38604.1875  EPtot      =   -188646.6620
 BOND   =      1166.2793  ANGLE   =      3280.6540  DIHED      =      2212.2007
 UB     =         0.0000  IMP     =         0.0000  CMAP       =       266.1731
 1-4 NB =      1344.0727  1-4 EEL =     16837.4490  VDWAALS    =     22181.5046
 EELEC  =   -235934.9956  EHBOND  =         0.0000  RESTRAINT  =         0.0000
 ------------------------------------------------------------------------------


 NSTEP =     5000   TIME(PS) =      10.000  TEMP(K) =   299.65  PRESS =     0.0
 Etot   =   -149830.7375  EKtot   =     38600.8125  EPtot      =   -188431.5500
 BOND   =      1246.8229  ANGLE   =      3317.3831  DIHED      =      2265.1501
 UB     =         0.0000  IMP     =         0.0000  CMAP       =       262.2329
 1-4 NB =      1359.6914  1-4 EEL =     16853.8461  VDWAALS    =     22721.3672
 EELEC  =   -236458.0437  EHBOND  =         0.0000  RESTRAINT  =         0.0000
 ------------------------------------------------------------------------------


 NSTEP =     5500   TIME(PS) =      11.000  TEMP(K) =   300.75  PRESS =     0.0
 Etot   =   -149778.6161  EKtot   =     38741.9805  EPtot      =   -188520.5966
 BOND   =      1195.4376  ANGLE   =      3272.1165  DIHED      =      2255.3354
 UB     =         0.0000  IMP     =         0.0000  CMAP       =       239.0371
 1-4 NB =      1368.7567  1-4 EEL =     16905.8705  VDWAALS    =     22400.1564
 EELEC  =   -236157.3067  EHBOND  =         0.0000  RESTRAINT  =         0.0000
 ------------------------------------------------------------------------------


 NSTEP =     6000   TIME(PS) =      12.000  TEMP(K) =   299.51  PRESS =     0.0
 Etot   =   -150291.5781  EKtot   =     38582.0742  EPtot      =   -188873.6523
 BOND   =      1169.1287  ANGLE   =      3245.4468  DIHED      =      2258.9506
 UB     =         0.0000  IMP     =         0.0000  CMAP       =       251.1599
 1-4 NB =      1368.1503  1-4 EEL =     16944.1787  VDWAALS    =     21959.6337
 EELEC  =   -236070.3010  EHBOND  =         0.0000  RESTRAINT  =         0.0000
 ------------------------------------------------------------------------------


 NSTEP =     6500   TIME(PS) =      13.000  TEMP(K) =   298.97  PRESS =     0.0
 Etot   =   -150039.6657  EKtot   =     38513.2695  EPtot      =   -188552.9352
 BOND   =      1203.6298  ANGLE   =      3273.7682  DIHED      =      2241.7361
 UB     =         0.0000  IMP     =         0.0000  CMAP       =       247.9180
 1-4 NB =      1324.7114  1-4 EEL =     16830.8187  VDWAALS    =     22242.7662
 EELEC  =   -235918.2835  EHBOND  =         0.0000  RESTRAINT  =         0.0000
 ------------------------------------------------------------------------------


 NSTEP =     7000   TIME(PS) =      14.000  TEMP(K) =   300.95  PRESS =     0.0
 Etot   =   -150221.1400  EKtot   =     38767.7227  EPtot      =   -188988.8627
 BOND   =      1129.9336  ANGLE   =      3244.9864  DIHED      =      2185.5181
 UB     =         0.0000  IMP     =         0.0000  CMAP       =       257.4397
 1-4 NB =      1338.0420  1-4 EEL =     16904.2310  VDWAALS    =     22428.6939
 EELEC  =   -236477.7075  EHBOND  =         0.0000  RESTRAINT  =         0.0000
 ------------------------------------------------------------------------------


 NSTEP =     7500   TIME(PS) =      15.000  TEMP(K) =   302.64  PRESS =     0.0
 Etot   =   -150040.7973  EKtot   =     38985.0742  EPtot      =   -189025.8715
 BOND   =      1184.7904  ANGLE   =      3260.6390  DIHED      =      2222.7842
 UB     =         0.0000  IMP     =         0.0000  CMAP       =       272.1140
 1-4 NB =      1351.8815  1-4 EEL =     16853.0121  VDWAALS    =     22263.9035
 EELEC  =   -236434.9964  EHBOND  =         0.0000  RESTRAINT  =         0.0000
 ------------------------------------------------------------------------------


 NSTEP =     8000   TIME(PS) =      16.000  TEMP(K) =   300.78  PRESS =     0.0
 Etot   =   -150789.9049  EKtot   =     38745.4297  EPtot      =   -189535.3345
 BOND   =      1190.6990  ANGLE   =      3273.6792  DIHED      =      2238.6701
 UB     =         0.0000  IMP     =         0.0000  CMAP       =       255.0662
 1-4 NB =      1361.8961  1-4 EEL =     16893.1333  VDWAALS    =     22616.7612
 EELEC  =   -237365.2396  EHBOND  =         0.0000  RESTRAINT  =         0.0000
 ------------------------------------------------------------------------------


 NSTEP =     8500   TIME(PS) =      17.000  TEMP(K) =   301.12  PRESS =     0.0
 Etot   =   -150854.7595  EKtot   =     38789.3164  EPtot      =   -189644.0759
 BOND   =      1146.0927  ANGLE   =      3259.8645  DIHED      =      2263.2308
 UB     =         0.0000  IMP     =         0.0000  CMAP       =       255.8609
 1-4 NB =      1362.4183  1-4 EEL =     16902.5245  VDWAALS    =     22954.9997
 EELEC  =   -237789.0674  EHBOND  =         0.0000  RESTRAINT  =         0.0000
 ------------------------------------------------------------------------------


 NSTEP =     9000   TIME(PS) =      18.000  TEMP(K) =   300.23  PRESS =     0.0
 Etot   =   -150919.5389  EKtot   =     38675.3320  EPtot      =   -189594.8709
 BOND   =      1209.7694  ANGLE   =      3276.0119  DIHED      =      2284.2643
 UB     =         0.0000  IMP     =         0.0000  CMAP       =       237.4793
 1-4 NB =      1341.5955  1-4 EEL =     16924.0224  VDWAALS    =     22601.8127
 EELEC  =   -237469.8263  EHBOND  =         0.0000  RESTRAINT  =         0.0000
 ------------------------------------------------------------------------------


 NSTEP =     9500   TIME(PS) =      19.000  TEMP(K) =   301.03  PRESS =     0.0
 Etot   =   -150557.4717  EKtot   =     38778.2383  EPtot      =   -189335.7099
 BOND   =      1138.2738  ANGLE   =      3250.1928  DIHED      =      2249.8948
 UB     =         0.0000  IMP     =         0.0000  CMAP       =       255.6971
 1-4 NB =      1377.4069  1-4 EEL =     16937.2725  VDWAALS    =     22399.5697
 EELEC  =   -236944.0176  EHBOND  =         0.0000  RESTRAINT  =         0.0000
 ------------------------------------------------------------------------------


 NSTEP =    10000   TIME(PS) =      20.000  TEMP(K) =   299.78  PRESS =     0.0
 Etot   =   -151013.6000  EKtot   =     38616.4648  EPtot      =   -189630.0648
 BOND   =      1113.5623  ANGLE   =      3289.4516  DIHED      =      2251.6547
 UB     =         0.0000  IMP     =         0.0000  CMAP       =       256.3225
 1-4 NB =      1364.9339  1-4 EEL =     16934.8327  VDWAALS    =     22821.5708
 EELEC  =   -237662.3933  EHBOND  =         0.0000  RESTRAINT  =         0.0000
 ------------------------------------------------------------------------------


 NSTEP =    10500   TIME(PS) =      21.000  TEMP(K) =   299.15  PRESS =     0.0
 Etot   =   -150846.0049  EKtot   =     38535.2383  EPtot      =   -189381.2431
 BOND   =      1205.4754  ANGLE   =      3302.5820  DIHED      =      2250.3668
 UB     =         0.0000  IMP     =         0.0000  CMAP       =       265.5319
 1-4 NB =      1350.9316  1-4 EEL =     16921.3076  VDWAALS    =     22096.8386
 EELEC  =   -236774.2770  EHBOND  =         0.0000  RESTRAINT  =         0.0000
 ------------------------------------------------------------------------------


 NSTEP =    11000   TIME(PS) =      22.000  TEMP(K) =   301.42  PRESS =     0.0
 Etot   =   -150834.7591  EKtot   =     38828.1445  EPtot      =   -189662.9037
 BOND   =      1163.8926  ANGLE   =      3296.4403  DIHED      =      2231.0117
 UB     =         0.0000  IMP     =         0.0000  CMAP       =       249.7954
 1-4 NB =      1346.1364  1-4 EEL =     16937.7834  VDWAALS    =     22579.6028
 EELEC  =   -237467.5664  EHBOND  =         0.0000  RESTRAINT  =         0.0000
 ------------------------------------------------------------------------------


 NSTEP =    11500   TIME(PS) =      23.000  TEMP(K) =   299.64  PRESS =     0.0
 Etot   =   -151039.5417  EKtot   =     38598.4844  EPtot      =   -189638.0260
 BOND   =      1187.5675  ANGLE   =      3301.0421  DIHED      =      2212.4741
 UB     =         0.0000  IMP     =         0.0000  CMAP       =       248.1449
 1-4 NB =      1355.3719  1-4 EEL =     16881.8363  VDWAALS    =     22281.8860
 EELEC  =   -237106.3489  EHBOND  =         0.0000  RESTRAINT  =         0.0000
 ------------------------------------------------------------------------------


 NSTEP =    12000   TIME(PS) =      24.000  TEMP(K) =   299.92  PRESS =     0.0
 Etot   =   -151134.8233  EKtot   =     38635.3086  EPtot      =   -189770.1319
 BOND   =      1130.0843  ANGLE   =      3249.8592  DIHED      =      2250.4985
 UB     =         0.0000  IMP     =         0.0000  CMAP       =       260.4609
 1-4 NB =      1360.1988  1-4 EEL =     16891.4695  VDWAALS    =     22630.4984
 EELEC  =   -237543.2016  EHBOND  =         0.0000  RESTRAINT  =         0.0000
 ------------------------------------------------------------------------------


 NSTEP =    12500   TIME(PS) =      25.000  TEMP(K) =   300.63  PRESS =     0.0
 Etot   =   -150996.4666  EKtot   =     38726.7031  EPtot      =   -189723.1697
 BOND   =      1157.6074  ANGLE   =      3333.6201  DIHED      =      2255.6049
 UB     =         0.0000  IMP     =         0.0000  CMAP       =       242.6545
 1-4 NB =      1339.7013  1-4 EEL =     16862.3892  VDWAALS    =     22811.8688
 EELEC  =   -237726.6159  EHBOND  =         0.0000  RESTRAINT  =         0.0000
 ------------------------------------------------------------------------------


 NSTEP =    13000   TIME(PS) =      26.000  TEMP(K) =   299.31  PRESS =     0.0
 Etot   =   -151522.1754  EKtot   =     38556.3008  EPtot      =   -190078.4762
 BOND   =      1184.3620  ANGLE   =      3187.7130  DIHED      =      2225.0419
 UB     =         0.0000  IMP     =         0.0000  CMAP       =       264.5734
 1-4 NB =      1354.0193  1-4 EEL =     16894.4668  VDWAALS    =     22775.6218
 EELEC  =   -237964.2744  EHBOND  =         0.0000  RESTRAINT  =         0.0000
 ------------------------------------------------------------------------------


 NSTEP =    13500   TIME(PS) =      27.000  TEMP(K) =   297.45  PRESS =     0.0
 Etot   =   -151595.0022  EKtot   =     38317.1172  EPtot      =   -189912.1194
 BOND   =      1162.4503  ANGLE   =      3288.9989  DIHED      =      2241.7929
 UB     =         0.0000  IMP     =         0.0000  CMAP       =       235.8114
 1-4 NB =      1324.9318  1-4 EEL =     16885.1674  VDWAALS    =     22705.1052
 EELEC  =   -237756.3772  EHBOND  =         0.0000  RESTRAINT  =         0.0000
 ------------------------------------------------------------------------------


 NSTEP =    14000   TIME(PS) =      28.000  TEMP(K) =   301.29  PRESS =     0.0
 Etot   =   -151431.4126  EKtot   =     38811.9141  EPtot      =   -190243.3267
 BOND   =      1188.3345  ANGLE   =      3351.1868  DIHED      =      2259.2511
 UB     =         0.0000  IMP     =         0.0000  CMAP       =       245.9411
 1-4 NB =      1357.1409  1-4 EEL =     16903.0487  VDWAALS    =     22845.0704
 EELEC  =   -238393.3003  EHBOND  =         0.0000  RESTRAINT  =         0.0000
 ------------------------------------------------------------------------------


 NSTEP =    14500   TIME(PS) =      29.000  TEMP(K) =   301.12  PRESS =     0.0
 Etot   =   -151124.2557  EKtot   =     38789.7188  EPtot      =   -189913.9744
 BOND   =      1212.0905  ANGLE   =      3261.3458  DIHED      =      2249.3979
 UB     =         0.0000  IMP     =         0.0000  CMAP       =       267.5714
 1-4 NB =      1337.0876  1-4 EEL =     16841.9985  VDWAALS    =     22749.0312
 EELEC  =   -237832.4974  EHBOND  =         0.0000  RESTRAINT  =         0.0000
 ------------------------------------------------------------------------------


 NSTEP =    15000   TIME(PS) =      30.000  TEMP(K) =   302.17  PRESS =     0.0
 Etot   =   -151510.5098  EKtot   =     38924.5938  EPtot      =   -190435.1035
 BOND   =      1198.7009  ANGLE   =      3325.3860  DIHED      =      2238.9433
 UB     =         0.0000  IMP     =         0.0000  CMAP       =       258.7729
 1-4 NB =      1333.9647  1-4 EEL =     16859.1439  VDWAALS    =     23154.2878
 EELEC  =   -238804.3030  EHBOND  =         0.0000  RESTRAINT  =         0.0000
 ------------------------------------------------------------------------------


 NSTEP =    15500   TIME(PS) =      31.000  TEMP(K) =   300.73  PRESS =     0.0
 Etot   =   -151413.9025  EKtot   =     38739.6367  EPtot      =   -190153.5393
 BOND   =      1181.2402  ANGLE   =      3262.1540  DIHED      =      2257.3154
 UB     =         0.0000  IMP     =         0.0000  CMAP       =       266.0523
 1-4 NB =      1352.7520  1-4 EEL =     16959.6333  VDWAALS    =     23092.3105
 EELEC  =   -238524.9969  EHBOND  =         0.0000  RESTRAINT  =         0.0000
 ------------------------------------------------------------------------------


 NSTEP =    16000   TIME(PS) =      32.000  TEMP(K) =   301.18  PRESS =     0.0
 Etot   =   -151815.6089  EKtot   =     38797.3086  EPtot      =   -190612.9174
 BOND   =      1223.6226  ANGLE   =      3229.5368  DIHED      =      2223.8554
 UB     =         0.0000  IMP     =         0.0000  CMAP       =       247.2325
 1-4 NB =      1339.4420  1-4 EEL =     16940.1032  VDWAALS    =     22856.5801
 EELEC  =   -238673.2901  EHBOND  =         0.0000  RESTRAINT  =         0.0000
 ------------------------------------------------------------------------------


 NSTEP =    16500   TIME(PS) =      33.000  TEMP(K) =   300.54  PRESS =     0.0
 Etot   =   -151836.0261  EKtot   =     38714.4609  EPtot      =   -190550.4870
 BOND   =      1207.5822  ANGLE   =      3235.4936  DIHED      =      2236.0356
 UB     =         0.0000  IMP     =         0.0000  CMAP       =       249.0577
 1-4 NB =      1333.1551  1-4 EEL =     16875.9812  VDWAALS    =     22697.3435
 EELEC  =   -238385.1360  EHBOND  =         0.0000  RESTRAINT  =         0.0000
 ------------------------------------------------------------------------------


 NSTEP =    17000   TIME(PS) =      34.000  TEMP(K) =   299.14  PRESS =     0.0
 Etot   =   -152518.5618  EKtot   =     38534.1641  EPtot      =   -191052.7259
 BOND   =      1175.5912  ANGLE   =      3153.6675  DIHED      =      2230.8897
 UB     =         0.0000  IMP     =         0.0000  CMAP       =       264.0158
 1-4 NB =      1337.9451  1-4 EEL =     16963.6432  VDWAALS    =     23052.4628
 EELEC  =   -239230.9412  EHBOND  =         0.0000  RESTRAINT  =         0.0000
 ------------------------------------------------------------------------------


 NSTEP =    17500   TIME(PS) =      35.000  TEMP(K) =   299.58  PRESS =     0.0
 Etot   =   -152289.8599  EKtot   =     38590.9727  EPtot      =   -190880.8326
 BOND   =      1161.9747  ANGLE   =      3272.3186  DIHED      =      2230.1370
 UB     =         0.0000  IMP     =         0.0000  CMAP       =       264.4736
 1-4 NB =      1320.4807  1-4 EEL =     16926.7219  VDWAALS    =     23102.7935
 EELEC  =   -239159.7326  EHBOND  =         0.0000  RESTRAINT  =         0.0000
 ------------------------------------------------------------------------------


 NSTEP =    18000   TIME(PS) =      36.000  TEMP(K) =   300.87  PRESS =     0.0
 Etot   =   -151909.6483  EKtot   =     38756.9570  EPtot      =   -190666.6053
 BOND   =      1187.4136  ANGLE   =      3375.8536  DIHED      =      2266.1590
 UB     =         0.0000  IMP     =         0.0000  CMAP       =       246.4693
 1-4 NB =      1346.3585  1-4 EEL =     16895.0973  VDWAALS    =     22853.3183
 EELEC  =   -238837.2749  EHBOND  =         0.0000  RESTRAINT  =         0.0000
 ------------------------------------------------------------------------------


 NSTEP =    18500   TIME(PS) =      37.000  TEMP(K) =   300.30  PRESS =     0.0
 Etot   =   -152105.6845  EKtot   =     38684.0586  EPtot      =   -190789.7431
 BOND   =      1130.1038  ANGLE   =      3257.4004  DIHED      =      2219.3750
 UB     =         0.0000  IMP     =         0.0000  CMAP       =       252.0336
 1-4 NB =      1343.4740  1-4 EEL =     16884.3522  VDWAALS    =     22744.4499
 EELEC  =   -238620.9320  EHBOND  =         0.0000  RESTRAINT  =         0.0000
 ------------------------------------------------------------------------------


 NSTEP =    19000   TIME(PS) =      38.000  TEMP(K) =   300.92  PRESS =     0.0
 Etot   =   -152028.1679  EKtot   =     38763.6602  EPtot      =   -190791.8281
 BOND   =      1162.5173  ANGLE   =      3302.0705  DIHED      =      2173.2852
 UB     =         0.0000  IMP     =         0.0000  CMAP       =       245.0523
 1-4 NB =      1369.2206  1-4 EEL =     16937.5500  VDWAALS    =     22720.8365
 EELEC  =   -238702.3604  EHBOND  =         0.0000  RESTRAINT  =         0.0000
 ------------------------------------------------------------------------------


 NSTEP =    19500   TIME(PS) =      39.000  TEMP(K) =   302.00  PRESS =     0.0
 Etot   =   -151645.6921  EKtot   =     38902.4414  EPtot      =   -190548.1335
 BOND   =      1172.0251  ANGLE   =      3317.8860  DIHED      =      2256.7328
 UB     =         0.0000  IMP     =         0.0000  CMAP       =       265.3140
 1-4 NB =      1346.8292  1-4 EEL =     16906.3202  VDWAALS    =     22499.2178
 EELEC  =   -238312.4585  EHBOND  =         0.0000  RESTRAINT  =         0.0000
 ------------------------------------------------------------------------------


 NSTEP =    20000   TIME(PS) =      40.000  TEMP(K) =   300.53  PRESS =     0.0
 Etot   =   -151980.0475  EKtot   =     38713.7695  EPtot      =   -190693.8170
 BOND   =      1184.2788  ANGLE   =      3262.1410  DIHED      =      2256.6253
 UB     =         0.0000  IMP     =         0.0000  CMAP       =       257.7114
 1-4 NB =      1322.4581  1-4 EEL =     16895.7395  VDWAALS    =     22379.4930
 EELEC  =   -238252.2640  EHBOND  =         0.0000  RESTRAINT  =         0.0000
 ------------------------------------------------------------------------------


 NSTEP =    20500   TIME(PS) =      41.000  TEMP(K) =   300.05  PRESS =     0.0
 Etot   =   -152146.4245  EKtot   =     38651.2070  EPtot      =   -190797.6315
 BOND   =      1217.5115  ANGLE   =      3291.1241  DIHED      =      2247.4820
 UB     =         0.0000  IMP     =         0.0000  CMAP       =       251.4727
 1-4 NB =      1348.3672  1-4 EEL =     16915.3948  VDWAALS    =     22634.9810
 EELEC  =   -238703.9649  EHBOND  =         0.0000  RESTRAINT  =         0.0000
 ------------------------------------------------------------------------------


 NSTEP =    21000   TIME(PS) =      42.000  TEMP(K) =   299.18  PRESS =     0.0
 Etot   =   -152384.5379  EKtot   =     38539.7461  EPtot      =   -190924.2840
 BOND   =      1180.5606  ANGLE   =      3290.5097  DIHED      =      2236.2669
 UB     =         0.0000  IMP     =         0.0000  CMAP       =       241.1741
 1-4 NB =      1359.0024  1-4 EEL =     16851.6700  VDWAALS    =     22580.8494
 EELEC  =   -238664.3170  EHBOND  =         0.0000  RESTRAINT  =         0.0000
 ------------------------------------------------------------------------------


 NSTEP =    21500   TIME(PS) =      43.000  TEMP(K) =   301.46  PRESS =     0.0
 Etot   =   -152154.7197  EKtot   =     38833.1523  EPtot      =   -190987.8721
 BOND   =      1145.9034  ANGLE   =      3259.9697  DIHED      =      2211.0239
 UB     =         0.0000  IMP     =         0.0000  CMAP       =       256.1225
 1-4 NB =      1345.5799  1-4 EEL =     16923.0442  VDWAALS    =     22581.8555
 EELEC  =   -238711.3711  EHBOND  =         0.0000  RESTRAINT  =         0.0000
 ------------------------------------------------------------------------------


 NSTEP =    22000   TIME(PS) =      44.000  TEMP(K) =   301.25  PRESS =     0.0
 Etot   =   -152268.7319  EKtot   =     38806.6055  EPtot      =   -191075.3374
 BOND   =      1188.8557  ANGLE   =      3274.1664  DIHED      =      2245.0310
 UB     =         0.0000  IMP     =         0.0000  CMAP       =       245.6792
 1-4 NB =      1355.7978  1-4 EEL =     16912.1025  VDWAALS    =     22565.2151
 EELEC  =   -238862.1851  EHBOND  =         0.0000  RESTRAINT  =         0.0000
 ------------------------------------------------------------------------------


 NSTEP =    22500   TIME(PS) =      45.000  TEMP(K) =   301.05  PRESS =     0.0
 Etot   =   -152024.3296  EKtot   =     38780.4922  EPtot      =   -190804.8218
 BOND   =      1166.4977  ANGLE   =      3226.2993  DIHED      =      2302.2870
 UB     =         0.0000  IMP     =         0.0000  CMAP       =       238.6478
 1-4 NB =      1361.2837  1-4 EEL =     16858.9715  VDWAALS    =     22586.4043
 EELEC  =   -238545.2130  EHBOND  =         0.0000  RESTRAINT  =         0.0000
 ------------------------------------------------------------------------------


 NSTEP =    23000   TIME(PS) =      46.000  TEMP(K) =   301.77  PRESS =     0.0
 Etot   =   -152095.7296  EKtot   =     38873.8086  EPtot      =   -190969.5382
 BOND   =      1183.8811  ANGLE   =      3301.7021  DIHED      =      2247.9608
 UB     =         0.0000  IMP     =         0.0000  CMAP       =       245.3790
 1-4 NB =      1341.5727  1-4 EEL =     16884.1153  VDWAALS    =     23060.8370
 EELEC  =   -239234.9861  EHBOND  =         0.0000  RESTRAINT  =         0.0000
 ------------------------------------------------------------------------------


 NSTEP =    23500   TIME(PS) =      47.000  TEMP(K) =   298.87  PRESS =     0.0
 Etot   =   -152083.9027  EKtot   =     38499.3828  EPtot      =   -190583.2855
 BOND   =      1190.1764  ANGLE   =      3313.2398  DIHED      =      2262.7664
 UB     =         0.0000  IMP     =         0.0000  CMAP       =       260.1764
 1-4 NB =      1338.7868  1-4 EEL =     16908.2970  VDWAALS    =     22748.3936
 EELEC  =   -238605.1218  EHBOND  =         0.0000  RESTRAINT  =         0.0000
 ------------------------------------------------------------------------------


 NSTEP =    24000   TIME(PS) =      48.000  TEMP(K) =   300.17  PRESS =     0.0
 Etot   =   -152812.4765  EKtot   =     38666.9492  EPtot      =   -191479.4257
 BOND   =      1173.3398  ANGLE   =      3217.9839  DIHED      =      2227.1973
 UB     =         0.0000  IMP     =         0.0000  CMAP       =       243.4166
 1-4 NB =      1357.4341  1-4 EEL =     16893.3298  VDWAALS    =     22673.8028
 EELEC  =   -239265.9300  EHBOND  =         0.0000  RESTRAINT  =         0.0000
 ------------------------------------------------------------------------------


 NSTEP =    24500   TIME(PS) =      49.000  TEMP(K) =   299.69  PRESS =     0.0
 Etot   =   -152545.8333  EKtot   =     38605.0703  EPtot      =   -191150.9036
 BOND   =      1179.9846  ANGLE   =      3184.2501  DIHED      =      2243.7717
 UB     =         0.0000  IMP     =         0.0000  CMAP       =       238.1059
 1-4 NB =      1363.5475  1-4 EEL =     16824.6271  VDWAALS    =     22721.1684
 EELEC  =   -238906.3590  EHBOND  =         0.0000  RESTRAINT  =         0.0000
 ------------------------------------------------------------------------------


 NSTEP =    25000   TIME(PS) =      50.000  TEMP(K) =   300.73  PRESS =     0.0
 Etot   =   -152103.0690  EKtot   =     38738.7461  EPtot      =   -190841.8151
 BOND   =      1140.8268  ANGLE   =      3312.3984  DIHED      =      2231.4943
 UB     =         0.0000  IMP     =         0.0000  CMAP       =       241.5122
 1-4 NB =      1344.4805  1-4 EEL =     16934.1986  VDWAALS    =     22923.6851
 EELEC  =   -238970.4110  EHBOND  =         0.0000  RESTRAINT  =         0.0000
 ------------------------------------------------------------------------------


      A V E R A G E S   O V E R      50 S T E P S


 NSTEP =    25000   TIME(PS) =      50.000  TEMP(K) =   298.96  PRESS =     0.0
 Etot   =   -151646.7895  EKtot   =     38511.1370  EPtot      =   -190157.9265
 BOND   =      1176.0673  ANGLE   =      3261.7207  DIHED      =      2241.4023
 UB     =         0.0000  IMP     =         0.0000  CMAP       =       253.0243
 1-4 NB =      1347.6503  1-4 EEL =     16897.4277  VDWAALS    =     22833.4148
 EELEC  =   -238168.6338  EHBOND  =         0.0000  RESTRAINT  =         0.0000
 ------------------------------------------------------------------------------


      R M S  F L U C T U A T I O N S


 NSTEP =    25000   TIME(PS) =      50.000  TEMP(K) =     7.18  PRESS =     0.0
 Etot   =      2669.8982  EKtot   =       924.5342  EPtot      =      1853.7920
 BOND   =        32.8875  ANGLE   =        62.9591  DIHED      =        27.2567
 UB     =         0.0000  IMP     =         0.0000  CMAP       =         9.7195
 1-4 NB =        14.2048  1-4 EEL =        37.0637  VDWAALS    =       975.4428
 EELEC  =      2677.6783  EHBOND  =         0.0000  RESTRAINT  =         0.0000
 ------------------------------------------------------------------------------

--------------------------------------------------------------------------------
   5.  TIMINGS
--------------------------------------------------------------------------------

|  NonSetup CPU Time in Major Routines:
|
|     Routine           Sec        %
|     ------------------------------
|     Nonbond           1.65    7.17
|     Bond              0.00    0.00
|     Angle             0.00    0.00
|     Dihedral          0.00    0.00
|     Shake             0.09    0.41
|     RunMD            21.27   92.33
|     Other             0.02    0.09
|     ------------------------------
|     Total            23.04

|  PME Nonbond Pairlist CPU Time:
|
|     Routine              Sec        %
|     ---------------------------------
|     Set Up Cit           0.00    0.00
|     Build List           0.00    0.00
|     ---------------------------------
|     Total                0.00    0.00

|  PME Direct Force CPU Time:
|
|     Routine              Sec        %
|     ---------------------------------
|     NonBonded Calc       0.00    0.00
|     Exclude Masked       0.00    0.00
|     Other                0.01    0.03
|     ---------------------------------
|     Total                0.01    0.03

|  PME Reciprocal Force CPU Time:
|
|     Routine              Sec        %
|     ---------------------------------
|     1D bspline           0.00    0.00
|     Grid Charges         0.00    0.00
|     Scalar Sum           0.00    0.00
|     Gradient Sum         0.00    0.00
|     FFT                  0.00    0.00
|     ---------------------------------
|     Total                0.00    0.00

|  Final Performance Info:
|     -----------------------------------------------------
|     Average timings for last   25000 steps:
|     Elapsed(s) =      23.13 Per Step(ms) =       0.93
|         ns/day =     186.79   seconds/ns =     462.55
|
|     Average timings for all steps:
|     Elapsed(s) =      23.13 Per Step(ms) =       0.93
|         ns/day =     186.79   seconds/ns =     462.55
|     -----------------------------------------------------

|  Setup CPU time:            0.45 seconds
|  NonSetup CPU time:        23.04 seconds
|  Total CPU time:           23.49 seconds     0.01 hours

|  Setup wall time:           1    seconds
|  NonSetup wall time:       23    seconds
|  Total wall time:          24    seconds     0.01 hours
