
          -------------------------------------------------------
          Amber 24 PMEMD                              2024
          -------------------------------------------------------

| PMEMD implementation of SANDER, Release 24

|  Compiled date/time: Thu Apr  3 17:55:38 2025
| Run on 11/08/2025 at 01:45:01

|   Executable path: pmemd.cuda
| Working directory: /home/john.aitken/md_sims_wd/md_simulations/clean_BiOx2_17750575
|          Hostname: c0605a-s5

  [-O]verwriting output

File Assignments:
|   MDIN: min.in                                                                
|  MDOUT: min.out                                                               
| INPCRD: ../../Closed_comfirmation/pH_4/Nterm_only/BiOx+2/5vg3_solv.inpcrd     
|   PARM: ../../Closed_comfirmation/pH_4/Nterm_only/BiOx+2/5vg3_solv.prmtop     
| RESTRT: min.rst7                                                              
|   REFC: ../../Closed_comfirmation/pH_4/Nterm_only/BiOx+2/5vg3_solv.inpcrd     
|  MDVEL: mdvel                                                                 
|   MDEN: mden                                                                  
|  MDCRD: mdcrd                                                                 
| MDINFO: min.mdinfo                                                            
|  MDFRC: mdfrc                                                                 


 Here is the input file:

 &cntrl                                                                        
  imin   = 1,                                                                  
  ntmin  = 1,                                                                  
  maxcyc = 10000,                                                              
  ncyc   = 2500,                                                               
                                                                               
  ntpr   = 100,                                                                
  ntwr   = 1000,                                                               
                                                                               
  cut    = 10.0,                                                               
  ntb    = 1,                                                                  
  ntp    = 0,                                                                  
  nmropt = 0                                                                   
 /                                                                             
 &wt TYPE='END', /                                                             
LISTOUT=POUT                                                                   


Note: ig = -1. Setting random seed to   666897 based on wallclock time in 
      microseconds.
| irandom = 1, using AMBER's internal random number generator (default).
 
|--------------------- INFORMATION ----------------------
| GPU (CUDA) Version of PMEMD in use: NVIDIA GPU IN USE.
|                    Version 18.0.0
| 
|                      03/25/2018
| 
| Implementation by:
|                    Ross C. Walker     (SDSC)
|                    Scott Le Grand     (nVIDIA)
| 
| Version 18 performance extensions by:
|                    David Cerutti     (Rutgers)
| 
| Precision model in use:
|      [SPFP] - Single Precision Forces, 64-bit Fixed Point
|               Accumulation. (Default)
| 
|--------------------------------------------------------
 
|----------------- CITATION INFORMATION -----------------
|
|    When publishing work that utilized the CUDA version
|    of AMBER, please cite the following in addition to
|    the regular AMBER citations:
|
|  - Romelia Salomon-Ferrer; Andreas W. Goetz; Duncan
|    Poole; Scott Le Grand; Ross C. Walker "Routine
|    microsecond molecular dynamics simulations with
|    AMBER - Part II: Particle Mesh Ewald", J. Chem.
|    Theory Comput., 2013, 9 (9), pp3878-3888,
|    DOI: 10.1021/ct400314y.
|
|  - Andreas W. Goetz; Mark J. Williamson; Dong Xu;
|    Duncan Poole; Scott Le Grand; Ross C. Walker
|    "Routine microsecond molecular dynamics simulations
|    with AMBER - Part I: Generalized Born", J. Chem.
|    Theory Comput., 2012, 8 (5), pp1542-1555.
|
|  - Scott Le Grand; Andreas W. Goetz; Ross C. Walker
|    "SPFP: Speed without compromise - a mixed precision
|    model for GPU accelerated molecular dynamics
|    simulations.", Comp. Phys. Comm., 2013, 184
|    pp374-380, DOI: 10.1016/j.cpc.2012.09.022
|
|--------------------------------------------------------
 
|------------------- GPU DEVICE INFO --------------------
|
|            CUDA_VISIBLE_DEVICES: 0
|   CUDA Capable Devices Detected:      1
|           CUDA Device ID in use:      0
|                CUDA Device Name: NVIDIA L4
|     CUDA Device Global Mem Size:  22574 MB
| CUDA Device Num Multiprocessors:     58
|           CUDA Device Core Freq:   2.04 GHz
|
|--------------------------------------------------------
 
 
| Conditional Compilation Defines Used:
| PUBFFT
| BINTRAJ
| CUDA
| EMIL

| Largest sphere to fit in unit cell has radius =    39.336

| New format PARM file being parsed.
| Version =    1.000 Date = 10/14/25 Time = 12:07:52

| Note: 1-4 EEL scale factors are being read from the topology file.

| Note: 1-4 VDW scale factors are being read from the topology file.
| Duplicated    0 dihedrals

| Duplicated    0 dihedrals

--------------------------------------------------------------------------------
   1.  RESOURCE   USE: 
--------------------------------------------------------------------------------

 getting new box info from bottom of inpcrd
 NATOM  =   63287 NTYPES =      19 NBONH =   60213 MBONA  =    3151
 NTHETH =    6788 MTHETA =    4291 NPHIH =   13866 MPHIA  =   13498
 NHPARM =       0 NPARM  =       0 NNB   =  109836 NRES   =   19473
 NBONA  =    3151 NTHETA =    4291 NPHIA =   13498 NUMBND =      92
 NUMANG =     222 NPTRA  =     202 NATYP =      49 NPHB   =       1
 IFBOX  =       1 NMXRS  =      24 IFCAP =       0 NEXTRA =       0
 NCOPY  =       0

| Coordinate Index Table dimensions:    14   20   15
| Direct force subcell size =     5.6194    5.6913    5.7697

     BOX TYPE: RECTILINEAR

--------------------------------------------------------------------------------
   2.  CONTROL  DATA  FOR  THE  RUN
--------------------------------------------------------------------------------

default_name                                                                    

General flags:
     imin    =       1, nmropt  =       0

Nature and format of input:
     ntx     =       1, irest   =       0, ntrx    =       1

Nature and format of output:
     ntxo    =       2, ntpr    =     100, ntrx    =       1, ntwr    =    1000
     iwrap   =       0, ntwx    =       0, ntwv    =       0, ntwe    =       0
     ioutfm  =       1, ntwprt  =       0, idecomp =       0, rbornstat=      0

Potential function:
     ntf     =       1, ntb     =       1, igb     =       0, nsnb    =      25
     ipol    =       0, gbsa    =       0, iesp    =       0
     dielc   =   1.00000, cut     =  10.00000, intdiel =   1.00000

Frozen or restrained atoms:
     ibelly  =       0, ntr     =       0

Energy minimization:
     maxcyc  =   10000, ncyc    =    2500, ntmin   =       1
     dx0     =   0.01000, drms    =   0.00010

| Intermolecular bonds treatment:
|     no_intermolecular_bonds =       1

| Energy averages sample interval:
|     ene_avg_sampling =       1

Ewald parameters:
     verbose =       0, ew_type =       0, nbflag  =       1, use_pme =       1
     vdwmeth =       1, eedmeth =       1, netfrc  =       0
     Box X =   78.672   Box Y =  113.827   Box Z =   86.545
     Alpha =   90.000   Beta  =   90.000   Gamma =   90.000
     NFFT1 =   80       NFFT2 =  120       NFFT3 =   96
     Cutoff=   10.000   Tol   =0.100E-04
     Ewald Coefficient =  0.27511
     Interpolation order =    4

--------------------------------------------------------------------------------
   3.  ATOMIC COORDINATES AND VELOCITIES
--------------------------------------------------------------------------------

default_name                                                                    
 begin time read from input coords =     0.000 ps

 
 Number of triangulated 3-point waters found:    19079

     Sum of charges from parm topology file =   0.00000185
     Forcing neutrality...

| Dynamic Memory, Types Used:
| Reals             1826740
| Integers          2450703

| Nonbonded Pairs Initial Allocation:    19142735

| GPU memory information (estimate):
| KB of GPU memory in use:    243643
| KB of CPU memory in use:    115018

--------------------------------------------------------------------------------
   4.  RESULTS
--------------------------------------------------------------------------------



   NSTEP       ENERGY          RMS            GMAX         NAME    NUMBER
      1      -1.7548E+05     1.3491E+01     1.4118E+03     OE2      1625

 BOND    =      279.0160  ANGLE   =      987.0080  DIHED      =     1561.9248
 UB      =        0.0000  IMP     =        0.0000  CMAP       =      267.9008
 VDWAALS =    17016.6789  EEL     =  -215165.4579  HBOND      =        0.0000
 1-4 VDW =     1776.5229  1-4 EEL =    17798.1166  RESTRAINT  =        0.0000


   NSTEP       ENERGY          RMS            GMAX         NAME    NUMBER
    100      -2.1594E+05     2.2933E+00     7.5931E+01     CZ       6035

 BOND    =    11030.6947  ANGLE   =      880.8450  DIHED      =     1626.8515
 UB      =        0.0000  IMP     =        0.0000  CMAP       =      259.8326
 VDWAALS =    17566.8790  EEL     =  -265889.6399  HBOND      =        0.0000
 1-4 VDW =     1320.2724  1-4 EEL =    17265.6051  RESTRAINT  =        0.0000


   NSTEP       ENERGY          RMS            GMAX         NAME    NUMBER
    200      -2.2315E+05     1.9806E+00     3.5527E+02     CZ       6035

 BOND    =    13776.4627  ANGLE   =      925.5722  DIHED      =     1621.1177
 UB      =        0.0000  IMP     =        0.0000  CMAP       =      256.9075
 VDWAALS =    21015.3750  EEL     =  -279163.5046  HBOND      =        0.0000
 1-4 VDW =     1256.6994  1-4 EEL =    17164.6059  RESTRAINT  =        0.0000


   NSTEP       ENERGY          RMS            GMAX         NAME    NUMBER
    300      -2.2725E+05     5.1596E-01     2.1488E+01     CD       2553

 BOND    =    13732.7674  ANGLE   =      935.0775  DIHED      =     1616.3337
 UB      =        0.0000  IMP     =        0.0000  CMAP       =      253.4050
 VDWAALS =    23767.5785  EEL     =  -285900.6016  HBOND      =        0.0000
 1-4 VDW =     1231.1360  1-4 EEL =    17112.5273  RESTRAINT  =        0.0000


   NSTEP       ENERGY          RMS            GMAX         NAME    NUMBER
    400      -2.3006E+05     4.5080E-01     2.5219E+01     CD       2338

 BOND    =    14267.4015  ANGLE   =      945.2285  DIHED      =     1614.5067
 UB      =        0.0000  IMP     =        0.0000  CMAP       =      250.6615
 VDWAALS =    26033.6471  EEL     =  -291470.6284  HBOND      =        0.0000
 1-4 VDW =     1217.3442  1-4 EEL =    17081.3343  RESTRAINT  =        0.0000


   NSTEP       ENERGY          RMS            GMAX         NAME    NUMBER
    500      -2.3218E+05     1.2042E+00     2.0552E+02     CZ       6035

 BOND    =    14746.1639  ANGLE   =      955.7241  DIHED      =     1613.1813
 UB      =        0.0000  IMP     =        0.0000  CMAP       =      248.2484
 VDWAALS =    27958.6858  EEL     =  -295975.8851  HBOND      =        0.0000
 1-4 VDW =     1209.0264  1-4 EEL =    17060.8707  RESTRAINT  =        0.0000


   NSTEP       ENERGY          RMS            GMAX         NAME    NUMBER
    600      -2.3397E+05     1.0188E+00     1.7245E+02     CD       2338

 BOND    =    15112.4150  ANGLE   =      964.6599  DIHED      =     1611.9224
 UB      =        0.0000  IMP     =        0.0000  CMAP       =      246.1920
 VDWAALS =    29557.3697  EEL     =  -299711.5598  HBOND      =        0.0000
 1-4 VDW =     1201.8934  1-4 EEL =    17051.1707  RESTRAINT  =        0.0000


   NSTEP       ENERGY          RMS            GMAX         NAME    NUMBER
    700      -2.3552E+05     9.8729E-01     1.6118E+02     CZ       6035

 BOND    =    15437.4741  ANGLE   =      963.9759  DIHED      =     1611.6424
 UB      =        0.0000  IMP     =        0.0000  CMAP       =      244.3472
 VDWAALS =    30977.3904  EEL     =  -302991.0467  HBOND      =        0.0000
 1-4 VDW =     1198.0231  1-4 EEL =    17037.7952  RESTRAINT  =        0.0000


   NSTEP       ENERGY          RMS            GMAX         NAME    NUMBER
    800      -2.3681E+05     7.5107E-01     1.2059E+02     CD       2338

 BOND    =    15709.3887  ANGLE   =      966.8545  DIHED      =     1610.9947
 UB      =        0.0000  IMP     =        0.0000  CMAP       =      242.7079
 VDWAALS =    32209.6356  EEL     =  -305776.4482  HBOND      =        0.0000
 1-4 VDW =     1194.1787  1-4 EEL =    17033.1940  RESTRAINT  =        0.0000


   NSTEP       ENERGY          RMS            GMAX         NAME    NUMBER
    900      -2.3794E+05     5.1394E-01     7.6666E+01     CD       2553

 BOND    =    15945.6076  ANGLE   =      964.8327  DIHED      =     1611.5318
 UB      =        0.0000  IMP     =        0.0000  CMAP       =      241.2514
 VDWAALS =    33311.9013  EEL     =  -308233.8113  HBOND      =        0.0000
 1-4 VDW =     1192.2737  1-4 EEL =    17025.0530  RESTRAINT  =        0.0000


   NSTEP       ENERGY          RMS            GMAX         NAME    NUMBER
   1000      -2.3892E+05     3.5914E-01     4.3493E+01     CD       2553

 BOND    =    16152.9111  ANGLE   =      967.1744  DIHED      =     1611.9896
 UB      =        0.0000  IMP     =        0.0000  CMAP       =      240.1271
 VDWAALS =    34271.9111  EEL     =  -310374.1935  HBOND      =        0.0000
 1-4 VDW =     1190.0670  1-4 EEL =    17021.5471  RESTRAINT  =        0.0000


   NSTEP       ENERGY          RMS            GMAX         NAME    NUMBER
   1100      -2.3977E+05     2.4607E-01     1.3018E+01     CD       2553

 BOND    =    16334.3024  ANGLE   =      967.9523  DIHED      =     1612.7007
 UB      =        0.0000  IMP     =        0.0000  CMAP       =      239.3401
 VDWAALS =    35126.8638  EEL     =  -312254.2987  HBOND      =        0.0000
 1-4 VDW =     1188.5072  1-4 EEL =    17016.9447  RESTRAINT  =        0.0000


   NSTEP       ENERGY          RMS            GMAX         NAME    NUMBER
   1200      -2.4053E+05     2.4652E-01     2.1569E+01     CD       2553

 BOND    =    16503.5070  ANGLE   =      969.9196  DIHED      =     1613.3137
 UB      =        0.0000  IMP     =        0.0000  CMAP       =      238.7908
 VDWAALS =    35922.4867  EEL     =  -313978.4273  HBOND      =        0.0000
 1-4 VDW =     1186.9627  1-4 EEL =    17013.5996  RESTRAINT  =        0.0000


   NSTEP       ENERGY          RMS            GMAX         NAME    NUMBER
   1300      -2.4120E+05     8.5658E-01     1.6894E+02     CD       2553

 BOND    =    16678.1488  ANGLE   =      976.3547  DIHED      =     1613.7990
 UB      =        0.0000  IMP     =        0.0000  CMAP       =      238.3098
 VDWAALS =    36655.1012  EEL     =  -315559.7147  HBOND      =        0.0000
 1-4 VDW =     1185.5009  1-4 EEL =    17011.5200  RESTRAINT  =        0.0000


   NSTEP       ENERGY          RMS            GMAX         NAME    NUMBER
   1400      -2.4182E+05     7.2768E-01     1.5348E+02     CD       2553

 BOND    =    16808.5591  ANGLE   =      972.1119  DIHED      =     1614.8099
 UB      =        0.0000  IMP     =        0.0000  CMAP       =      237.8237
 VDWAALS =    37309.0382  EEL     =  -316949.1285  HBOND      =        0.0000
 1-4 VDW =     1185.1796  1-4 EEL =    17006.5163  RESTRAINT  =        0.0000


   NSTEP       ENERGY          RMS            GMAX         NAME    NUMBER
   1500      -2.4237E+05     6.3645E-01     1.2209E+02     CZ       6035

 BOND    =    16933.9429  ANGLE   =      975.4767  DIHED      =     1615.0959
 UB      =        0.0000  IMP     =        0.0000  CMAP       =      237.4009
 VDWAALS =    37902.3606  EEL     =  -318225.7350  HBOND      =        0.0000
 1-4 VDW =     1183.8904  1-4 EEL =    17005.9428  RESTRAINT  =        0.0000


   NSTEP       ENERGY          RMS            GMAX         NAME    NUMBER
   1600      -2.4287E+05     5.2997E-01     1.0739E+02     CD       2553

 BOND    =    17043.4741  ANGLE   =      974.1331  DIHED      =     1615.9809
 UB      =        0.0000  IMP     =        0.0000  CMAP       =      237.0516
 VDWAALS =    38436.5506  EEL     =  -319366.7430  HBOND      =        0.0000
 1-4 VDW =     1183.4305  1-4 EEL =    17002.1291  RESTRAINT  =        0.0000


   NSTEP       ENERGY          RMS            GMAX         NAME    NUMBER
   1700      -2.4334E+05     4.7859E-01     1.0060E+02     CD       2553

 BOND    =    17150.3581  ANGLE   =      976.8676  DIHED      =     1616.3580
 UB      =        0.0000  IMP     =        0.0000  CMAP       =      236.7443
 VDWAALS =    38923.2043  EEL     =  -320424.7942  HBOND      =        0.0000
 1-4 VDW =     1182.5755  1-4 EEL =    17001.2590  RESTRAINT  =        0.0000


   NSTEP       ENERGY          RMS            GMAX         NAME    NUMBER
   1800      -2.4377E+05     3.1648E-01     5.9267E+01     CD       2553

 BOND    =    17242.4248  ANGLE   =      974.5476  DIHED      =     1617.1959
 UB      =        0.0000  IMP     =        0.0000  CMAP       =      236.4532
 VDWAALS =    39370.2610  EEL     =  -321386.8065  HBOND      =        0.0000
 1-4 VDW =     1182.3825  1-4 EEL =    16998.5096  RESTRAINT  =        0.0000


   NSTEP       ENERGY          RMS            GMAX         NAME    NUMBER
   1900      -2.4416E+05     2.3980E-01     3.7439E+01     CD       2553

 BOND    =    17333.1673  ANGLE   =      975.6293  DIHED      =     1617.8480
 UB      =        0.0000  IMP     =        0.0000  CMAP       =      236.0667
 VDWAALS =    39788.7373  EEL     =  -322294.6639  HBOND      =        0.0000
 1-4 VDW =     1181.8228  1-4 EEL =    16997.2920  RESTRAINT  =        0.0000


   NSTEP       ENERGY          RMS            GMAX         NAME    NUMBER
   2000      -2.4453E+05     1.7288E-01     1.6584E+01     CD       2553

 BOND    =    17416.2500  ANGLE   =      975.1458  DIHED      =     1618.8354
 UB      =        0.0000  IMP     =        0.0000  CMAP       =      235.5924
 VDWAALS =    40178.6382  EEL     =  -323134.1800  HBOND      =        0.0000
 1-4 VDW =     1181.4605  1-4 EEL =    16995.2694  RESTRAINT  =        0.0000


   NSTEP       ENERGY          RMS            GMAX         NAME    NUMBER
   2100      -2.4488E+05     7.0451E-01     1.8905E+02     CZ       6035

 BOND    =    17506.4455  ANGLE   =      977.2123  DIHED      =     1620.3549
 UB      =        0.0000  IMP     =        0.0000  CMAP       =      235.1870
 VDWAALS =    40552.6098  EEL     =  -323942.7703  HBOND      =        0.0000
 1-4 VDW =     1181.1546  1-4 EEL =    16992.1482  RESTRAINT  =        0.0000


   NSTEP       ENERGY          RMS            GMAX         NAME    NUMBER
   2200      -2.4521E+05     5.3764E-01     1.0260E+02     CD       2553

 BOND    =    17578.6270  ANGLE   =      977.5541  DIHED      =     1619.6374
 UB      =        0.0000  IMP     =        0.0000  CMAP       =      234.7413
 VDWAALS =    40893.1113  EEL     =  -324685.4615  HBOND      =        0.0000
 1-4 VDW =     1181.0254  1-4 EEL =    16989.4375  RESTRAINT  =        0.0000


   NSTEP       ENERGY          RMS            GMAX         NAME    NUMBER
   2300      -2.4552E+05     4.3681E-01     9.4776E+01     CD       2553

 BOND    =    17645.3655  ANGLE   =      974.5979  DIHED      =     1620.1411
 UB      =        0.0000  IMP     =        0.0000  CMAP       =      234.2526
 VDWAALS =    41223.7397  EEL     =  -325387.9030  HBOND      =        0.0000
 1-4 VDW =     1180.9140  1-4 EEL =    16987.8534  RESTRAINT  =        0.0000


   NSTEP       ENERGY          RMS            GMAX         NAME    NUMBER
   2400      -2.4581E+05     4.0311E-01     8.3486E+01     CD       2553

 BOND    =    17713.2711  ANGLE   =      976.8809  DIHED      =     1620.6586
 UB      =        0.0000  IMP     =        0.0000  CMAP       =      233.8092
 VDWAALS =    41534.4525  EEL     =  -326057.4596  HBOND      =        0.0000
 1-4 VDW =     1180.3211  1-4 EEL =    16987.6602  RESTRAINT  =        0.0000


   NSTEP       ENERGY          RMS            GMAX         NAME    NUMBER
   2500      -2.4609E+05     2.6092E-01     5.1381E+01     CD       2553

 BOND    =    17772.5758  ANGLE   =      975.2920  DIHED      =     1621.6766
 UB      =        0.0000  IMP     =        0.0000  CMAP       =      233.0936
 VDWAALS =    41829.7478  EEL     =  -326685.6635  HBOND      =        0.0000
 1-4 VDW =     1180.2256  1-4 EEL =    16985.8772  RESTRAINT  =        0.0000


   NSTEP       ENERGY          RMS            GMAX         NAME    NUMBER
   2600      -2.4772E+05     5.8945E-01     7.0209E+01     CG       2675

 BOND    =    18201.1251  ANGLE   =      990.2659  DIHED      =     1626.7339
 UB      =        0.0000  IMP     =        0.0000  CMAP       =      230.6803
 VDWAALS =    43849.2218  EEL     =  -330771.5211  HBOND      =        0.0000
 1-4 VDW =     1178.6395  1-4 EEL =    16971.9282  RESTRAINT  =        0.0000


   NSTEP       ENERGY          RMS            GMAX         NAME    NUMBER
   2700      -2.4826E+05     3.9921E-01     2.8883E+01     OD2      2677

 BOND    =    18295.6000  ANGLE   =      984.9952  DIHED      =     1625.1214
 UB      =        0.0000  IMP     =        0.0000  CMAP       =      230.0593
 VDWAALS =    44320.6643  EEL     =  -331859.4085  HBOND      =        0.0000
 1-4 VDW =     1177.5126  1-4 EEL =    16970.2114  RESTRAINT  =        0.0000


   NSTEP       ENERGY          RMS            GMAX         NAME    NUMBER
   2800      -2.4870E+05     4.0537E-01     3.4886E+01     CD       1623

 BOND    =    18395.0864  ANGLE   =      986.0649  DIHED      =     1624.1924
 UB      =        0.0000  IMP     =        0.0000  CMAP       =      229.3899
 VDWAALS =    44774.8519  EEL     =  -332855.1716  HBOND      =        0.0000
 1-4 VDW =     1177.1791  1-4 EEL =    16967.8303  RESTRAINT  =        0.0000


   NSTEP       ENERGY          RMS            GMAX         NAME    NUMBER
   2900      -2.4911E+05     4.0954E-01     4.0221E+01     CD       1623

 BOND    =    18487.7047  ANGLE   =      987.0056  DIHED      =     1623.5348
 UB      =        0.0000  IMP     =        0.0000  CMAP       =      228.7614
 VDWAALS =    45180.9875  EEL     =  -333763.9809  HBOND      =        0.0000
 1-4 VDW =     1176.7552  1-4 EEL =    16965.8003  RESTRAINT  =        0.0000


   NSTEP       ENERGY          RMS            GMAX         NAME    NUMBER
   3000      -2.4950E+05     4.1552E-01     4.1710E+01     CD       1623

 BOND    =    18574.7988  ANGLE   =      986.3823  DIHED      =     1622.8823
 UB      =        0.0000  IMP     =        0.0000  CMAP       =      228.2027
 VDWAALS =    45547.1974  EEL     =  -334602.5167  HBOND      =        0.0000
 1-4 VDW =     1176.4570  1-4 EEL =    16963.8377  RESTRAINT  =        0.0000


   NSTEP       ENERGY          RMS            GMAX         NAME    NUMBER
   3100      -2.4987E+05     3.9380E-01     3.4428E+01     CD       1623

 BOND    =    18657.9920  ANGLE   =      984.8713  DIHED      =     1622.3016
 UB      =        0.0000  IMP     =        0.0000  CMAP       =      227.7106
 VDWAALS =    45899.0738  EEL     =  -335398.4088  HBOND      =        0.0000
 1-4 VDW =     1176.1760  1-4 EEL =    16961.9917  RESTRAINT  =        0.0000


   NSTEP       ENERGY          RMS            GMAX         NAME    NUMBER
   3200      -2.5022E+05     3.7748E-01     4.5141E+01     CD       1623

 BOND    =    18742.2023  ANGLE   =      983.9286  DIHED      =     1621.8794
 UB      =        0.0000  IMP     =        0.0000  CMAP       =      227.2287
 VDWAALS =    46255.6406  EEL     =  -336187.1116  HBOND      =        0.0000
 1-4 VDW =     1176.0893  1-4 EEL =    16960.9360  RESTRAINT  =        0.0000


   NSTEP       ENERGY          RMS            GMAX         NAME    NUMBER
   3300      -2.5062E+05     4.8027E-01     4.1157E+01     CZ       6035

 BOND    =    18832.5389  ANGLE   =      983.4261  DIHED      =     1621.2619
 UB      =        0.0000  IMP     =        0.0000  CMAP       =      226.6220
 VDWAALS =    46645.1952  EEL     =  -337060.0064  HBOND      =        0.0000
 1-4 VDW =     1175.8573  1-4 EEL =    16959.5204  RESTRAINT  =        0.0000


   NSTEP       ENERGY          RMS            GMAX         NAME    NUMBER
   3400      -2.5101E+05     3.2824E-01     3.7192E+01     CG       5097

 BOND    =    18926.1244  ANGLE   =      981.5207  DIHED      =     1618.7728
 UB      =        0.0000  IMP     =        0.0000  CMAP       =      225.9403
 VDWAALS =    47007.5989  EEL     =  -337907.3504  HBOND      =        0.0000
 1-4 VDW =     1175.1604  1-4 EEL =    16958.6008  RESTRAINT  =        0.0000


   NSTEP       ENERGY          RMS            GMAX         NAME    NUMBER
   3500      -2.5131E+05     2.6645E-01     2.2962E+01     CZ       6035

 BOND    =    18990.6760  ANGLE   =      981.5523  DIHED      =     1617.8797
 UB      =        0.0000  IMP     =        0.0000  CMAP       =      225.2929
 VDWAALS =    47269.1676  EEL     =  -338522.8993  HBOND      =        0.0000
 1-4 VDW =     1174.4614  1-4 EEL =    16957.9688  RESTRAINT  =        0.0000


   NSTEP       ENERGY          RMS            GMAX         NAME    NUMBER
   3600      -2.5161E+05     2.2956E-01     1.5735E+01     CA       2656

 BOND    =    19063.5480  ANGLE   =      980.0923  DIHED      =     1618.5631
 UB      =        0.0000  IMP     =        0.0000  CMAP       =      224.3528
 VDWAALS =    47534.5163  EEL     =  -339169.1966  HBOND      =        0.0000
 1-4 VDW =     1174.4511  1-4 EEL =    16958.6787  RESTRAINT  =        0.0000


   NSTEP       ENERGY          RMS            GMAX         NAME    NUMBER
   3700      -2.5194E+05     1.9489E-01     1.2649E+01     CA       2656

 BOND    =    19134.1884  ANGLE   =      978.9174  DIHED      =     1619.9339
 UB      =        0.0000  IMP     =        0.0000  CMAP       =      223.3368
 VDWAALS =    47810.9916  EEL     =  -339842.2612  HBOND      =        0.0000
 1-4 VDW =     1174.5610  1-4 EEL =    16958.7203  RESTRAINT  =        0.0000


   NSTEP       ENERGY          RMS            GMAX         NAME    NUMBER
   3800      -2.5226E+05     1.7136E-01     1.1073E+01     N        2704

 BOND    =    19204.4002  ANGLE   =      978.3047  DIHED      =     1621.4641
 UB      =        0.0000  IMP     =        0.0000  CMAP       =      222.7797
 VDWAALS =    48091.6579  EEL     =  -340511.8954  HBOND      =        0.0000
 1-4 VDW =     1174.6080  1-4 EEL =    16958.1196  RESTRAINT  =        0.0000


   NSTEP       ENERGY          RMS            GMAX         NAME    NUMBER
   3900      -2.5254E+05     1.6002E-01     1.0916E+01     CG       5097

 BOND    =    19262.4889  ANGLE   =      977.9004  DIHED      =     1622.5065
 UB      =        0.0000  IMP     =        0.0000  CMAP       =      222.5542
 VDWAALS =    48357.5670  EEL     =  -341118.9253  HBOND      =        0.0000
 1-4 VDW =     1174.5774  1-4 EEL =    16957.6849  RESTRAINT  =        0.0000


   NSTEP       ENERGY          RMS            GMAX         NAME    NUMBER
   4000      -2.5288E+05     1.7864E-01     1.2342E+01     CZ       6035

 BOND    =    19329.3287  ANGLE   =      977.2088  DIHED      =     1623.6301
 UB      =        0.0000  IMP     =        0.0000  CMAP       =      222.2782
 VDWAALS =    48688.9710  EEL     =  -341858.7964  HBOND      =        0.0000
 1-4 VDW =     1174.6824  1-4 EEL =    16958.2714  RESTRAINT  =        0.0000


   NSTEP       ENERGY          RMS            GMAX         NAME    NUMBER
   4100      -2.5314E+05     1.8284E-01     1.9872E+01     CZ       6035

 BOND    =    19418.4140  ANGLE   =      977.7115  DIHED      =     1624.3547
 UB      =        0.0000  IMP     =        0.0000  CMAP       =      222.0892
 VDWAALS =    48939.1210  EEL     =  -342455.4210  HBOND      =        0.0000
 1-4 VDW =     1174.7171  1-4 EEL =    16958.8083  RESTRAINT  =        0.0000


   NSTEP       ENERGY          RMS            GMAX         NAME    NUMBER
   4200      -2.5336E+05     2.9005E-01     2.8818E+01     N         107

 BOND    =    19474.1911  ANGLE   =      978.6063  DIHED      =     1623.9434
 UB      =        0.0000  IMP     =        0.0000  CMAP       =      221.6323
 VDWAALS =    49166.2884  EEL     =  -342957.4237  HBOND      =        0.0000
 1-4 VDW =     1174.7584  1-4 EEL =    16958.2984  RESTRAINT  =        0.0000


   NSTEP       ENERGY          RMS            GMAX         NAME    NUMBER
   4300      -2.5359E+05     1.3464E-01     1.0858E+01     HB3       101

 BOND    =    19509.9471  ANGLE   =      976.2057  DIHED      =     1623.7834
 UB      =        0.0000  IMP     =        0.0000  CMAP       =      220.2043
 VDWAALS =    49371.9836  EEL     =  -343420.7260  HBOND      =        0.0000
 1-4 VDW =     1175.3381  1-4 EEL =    16958.0622  RESTRAINT  =        0.0000


   NSTEP       ENERGY          RMS            GMAX         NAME    NUMBER
   4400      -2.5387E+05     1.6941E-01     1.1717E+01     HB3       101

 BOND    =    19573.1788  ANGLE   =      975.7663  DIHED      =     1624.5772
 UB      =        0.0000  IMP     =        0.0000  CMAP       =      219.3198
 VDWAALS =    49640.9908  EEL     =  -344034.7281  HBOND      =        0.0000
 1-4 VDW =     1175.5978  1-4 EEL =    16958.2146  RESTRAINT  =        0.0000


   NSTEP       ENERGY          RMS            GMAX         NAME    NUMBER
   4500      -2.5404E+05     1.5506E-01     1.2795E+01     O       29979

 BOND    =    19611.1720  ANGLE   =      974.6573  DIHED      =     1624.9064
 UB      =        0.0000  IMP     =        0.0000  CMAP       =      218.9476
 VDWAALS =    49781.9823  EEL     =  -344382.3009  HBOND      =        0.0000
 1-4 VDW =     1175.7140  1-4 EEL =    16958.4382  RESTRAINT  =        0.0000


   NSTEP       ENERGY          RMS            GMAX         NAME    NUMBER
   4600      -2.5432E+05     1.7431E-01     1.2708E+01     HB3       101

 BOND    =    19657.2342  ANGLE   =      974.1587  DIHED      =     1624.4149
 UB      =        0.0000  IMP     =        0.0000  CMAP       =      218.8363
 VDWAALS =    50069.9288  EEL     =  -345002.5254  HBOND      =        0.0000
 1-4 VDW =     1175.8714  1-4 EEL =    16958.0879  RESTRAINT  =        0.0000


   NSTEP       ENERGY          RMS            GMAX         NAME    NUMBER
   4700      -2.5444E+05     1.9056E-01     1.8188E+01     CD       1623

 BOND    =    19689.7064  ANGLE   =      973.6574  DIHED      =     1624.6976
 UB      =        0.0000  IMP     =        0.0000  CMAP       =      218.8720
 VDWAALS =    50170.9208  EEL     =  -345249.6407  HBOND      =        0.0000
 1-4 VDW =     1175.9107  1-4 EEL =    16958.0855  RESTRAINT  =        0.0000


   NSTEP       ENERGY          RMS            GMAX         NAME    NUMBER
   4800      -2.5456E+05     1.3004E-01     6.6576E+00     C         124

 BOND    =    19719.6588  ANGLE   =      973.6994  DIHED      =     1624.7087
 UB      =        0.0000  IMP     =        0.0000  CMAP       =      218.8936
 VDWAALS =    50279.2888  EEL     =  -345510.9436  HBOND      =        0.0000
 1-4 VDW =     1175.8778  1-4 EEL =    16957.4984  RESTRAINT  =        0.0000


   NSTEP       ENERGY          RMS            GMAX         NAME    NUMBER
   4900      -2.5468E+05     1.0905E-01     7.2124E+00     O       29979

 BOND    =    19743.3070  ANGLE   =      973.7394  DIHED      =     1625.0014
 UB      =        0.0000  IMP     =        0.0000  CMAP       =      218.8798
 VDWAALS =    50379.4462  EEL     =  -345753.1555  HBOND      =        0.0000
 1-4 VDW =     1175.6120  1-4 EEL =    16956.5157  RESTRAINT  =        0.0000


   NSTEP       ENERGY          RMS            GMAX         NAME    NUMBER
   5000      -2.5490E+05     1.3268E-01     8.0659E+00     CG        102

 BOND    =    19798.3085  ANGLE   =      974.4837  DIHED      =     1626.8515
 UB      =        0.0000  IMP     =        0.0000  CMAP       =      218.7147
 VDWAALS =    50623.7320  EEL     =  -346275.9032  HBOND      =        0.0000
 1-4 VDW =     1175.6798  1-4 EEL =    16955.4904  RESTRAINT  =        0.0000


   NSTEP       ENERGY          RMS            GMAX         NAME    NUMBER
   5100      -2.5500E+05     1.3713E-01     9.1591E+00     CZ       6035

 BOND    =    19820.0339  ANGLE   =      974.7419  DIHED      =     1626.8432
 UB      =        0.0000  IMP     =        0.0000  CMAP       =      218.8171
 VDWAALS =    50724.7768  EEL     =  -346493.0124  HBOND      =        0.0000
 1-4 VDW =     1175.8118  1-4 EEL =    16954.8862  RESTRAINT  =        0.0000


   NSTEP       ENERGY          RMS            GMAX         NAME    NUMBER
   5200      -2.5508E+05     1.8439E-01     2.1941E+01     CZ       6035

 BOND    =    19838.7404  ANGLE   =      974.8347  DIHED      =     1626.7699
 UB      =        0.0000  IMP     =        0.0000  CMAP       =      218.9226
 VDWAALS =    50809.0788  EEL     =  -346678.9875  HBOND      =        0.0000
 1-4 VDW =     1175.8990  1-4 EEL =    16954.2631  RESTRAINT  =        0.0000


   NSTEP       ENERGY          RMS            GMAX         NAME    NUMBER
   5300      -2.5516E+05     1.3469E-01     1.4943E+01     CZ       6035

 BOND    =    19854.9694  ANGLE   =      974.9980  DIHED      =     1626.7412
 UB      =        0.0000  IMP     =        0.0000  CMAP       =      219.0492
 VDWAALS =    50896.7821  EEL     =  -346863.6146  HBOND      =        0.0000
 1-4 VDW =     1175.9141  1-4 EEL =    16953.4263  RESTRAINT  =        0.0000


   NSTEP       ENERGY          RMS            GMAX         NAME    NUMBER
   5400      -2.5524E+05     1.3345E-01     7.5392E+00     CB         99

 BOND    =    19873.3094  ANGLE   =      975.1394  DIHED      =     1626.8018
 UB      =        0.0000  IMP     =        0.0000  CMAP       =      219.1786
 VDWAALS =    50983.4927  EEL     =  -347046.0522  HBOND      =        0.0000
 1-4 VDW =     1175.8334  1-4 EEL =    16952.5203  RESTRAINT  =        0.0000


   NSTEP       ENERGY          RMS            GMAX         NAME    NUMBER
   5500      -2.5532E+05     1.3319E-01     7.0885E+00     CG1       117

 BOND    =    19890.5698  ANGLE   =      975.4428  DIHED      =     1627.0073
 UB      =        0.0000  IMP     =        0.0000  CMAP       =      219.3403
 VDWAALS =    51066.2272  EEL     =  -347221.7867  HBOND      =        0.0000
 1-4 VDW =     1175.7758  1-4 EEL =    16951.8085  RESTRAINT  =        0.0000


   NSTEP       ENERGY          RMS            GMAX         NAME    NUMBER
   5600      -2.5538E+05     1.1880E-01     1.1109E+01     CD       1623

 BOND    =    19905.7565  ANGLE   =      975.9276  DIHED      =     1627.1999
 UB      =        0.0000  IMP     =        0.0000  CMAP       =      219.4957
 VDWAALS =    51134.8391  EEL     =  -347374.6460  HBOND      =        0.0000
 1-4 VDW =     1175.6482  1-4 EEL =    16950.9268  RESTRAINT  =        0.0000


   NSTEP       ENERGY          RMS            GMAX         NAME    NUMBER
   5700      -2.5545E+05     1.3285E-01     1.1608E+01     CD       1623

 BOND    =    19921.8564  ANGLE   =      977.0150  DIHED      =     1627.7334
 UB      =        0.0000  IMP     =        0.0000  CMAP       =      219.7130
 VDWAALS =    51196.0811  EEL     =  -347518.3545  HBOND      =        0.0000
 1-4 VDW =     1175.3930  1-4 EEL =    16949.9494  RESTRAINT  =        0.0000


   NSTEP       ENERGY          RMS            GMAX         NAME    NUMBER
   5800      -2.5557E+05     7.1600E-02     4.9670E+00     CA         97

 BOND    =    19943.7505  ANGLE   =      977.6532  DIHED      =     1628.0821
 UB      =        0.0000  IMP     =        0.0000  CMAP       =      220.2272
 VDWAALS =    51302.9750  EEL     =  -347766.2580  HBOND      =        0.0000
 1-4 VDW =     1175.0484  1-4 EEL =    16947.8709  RESTRAINT  =        0.0000


   NSTEP       ENERGY          RMS            GMAX         NAME    NUMBER
   5900      -2.5572E+05     1.2438E-01     1.1300E+01     CD       2338

 BOND    =    19977.9811  ANGLE   =      980.2782  DIHED      =     1629.6616
 UB      =        0.0000  IMP     =        0.0000  CMAP       =      220.8207
 VDWAALS =    51445.7610  EEL     =  -348093.0586  HBOND      =        0.0000
 1-4 VDW =     1175.1538  1-4 EEL =    16946.6136  RESTRAINT  =        0.0000


   NSTEP       ENERGY          RMS            GMAX         NAME    NUMBER
   6000      -2.5580E+05     1.4378E-01     1.2246E+01     CD       2338

 BOND    =    19995.4747  ANGLE   =      981.1776  DIHED      =     1630.2434
 UB      =        0.0000  IMP     =        0.0000  CMAP       =      220.8925
 VDWAALS =    51514.7780  EEL     =  -348268.3742  HBOND      =        0.0000
 1-4 VDW =     1175.3579  1-4 EEL =    16946.1469  RESTRAINT  =        0.0000


   NSTEP       ENERGY          RMS            GMAX         NAME    NUMBER
   6100      -2.5591E+05     1.0739E-01     7.0982E+00     CD       4397

 BOND    =    20020.2078  ANGLE   =      981.0834  DIHED      =     1630.6858
 UB      =        0.0000  IMP     =        0.0000  CMAP       =      220.9394
 VDWAALS =    51623.8727  EEL     =  -348508.9814  HBOND      =        0.0000
 1-4 VDW =     1175.6566  1-4 EEL =    16945.9454  RESTRAINT  =        0.0000


   NSTEP       ENERGY          RMS            GMAX         NAME    NUMBER
   6200      -2.5598E+05     1.3215E-01     1.2468E+01     OE2      1881

 BOND    =    20036.1683  ANGLE   =      981.1430  DIHED      =     1630.7946
 UB      =        0.0000  IMP     =        0.0000  CMAP       =      221.1013
 VDWAALS =    51697.5465  EEL     =  -348667.6373  HBOND      =        0.0000
 1-4 VDW =     1175.7410  1-4 EEL =    16946.0735  RESTRAINT  =        0.0000


   NSTEP       ENERGY          RMS            GMAX         NAME    NUMBER
   6300      -2.5604E+05     1.1439E-01     7.8468E+00     CD       2338

 BOND    =    20049.7235  ANGLE   =      980.5880  DIHED      =     1630.6404
 UB      =        0.0000  IMP     =        0.0000  CMAP       =      221.3019
 VDWAALS =    51759.6287  EEL     =  -348802.3115  HBOND      =        0.0000
 1-4 VDW =     1175.8156  1-4 EEL =    16946.3202  RESTRAINT  =        0.0000


   NSTEP       ENERGY          RMS            GMAX         NAME    NUMBER
   6400      -2.5609E+05     1.2337E-01     1.0147E+01     CZ       6035

 BOND    =    20061.8435  ANGLE   =      980.6243  DIHED      =     1630.1845
 UB      =        0.0000  IMP     =        0.0000  CMAP       =      221.5890
 VDWAALS =    51812.0229  EEL     =  -348922.4586  HBOND      =        0.0000
 1-4 VDW =     1175.8141  1-4 EEL =    16946.3701  RESTRAINT  =        0.0000


   NSTEP       ENERGY          RMS            GMAX         NAME    NUMBER
   6500      -2.5615E+05     1.0461E-01     7.3563E+00     CZ       6035

 BOND    =    20071.9458  ANGLE   =      980.7379  DIHED      =     1629.9496
 UB      =        0.0000  IMP     =        0.0000  CMAP       =      221.9217
 VDWAALS =    51859.3416  EEL     =  -349033.3228  HBOND      =        0.0000
 1-4 VDW =     1175.8235  1-4 EEL =    16946.4733  RESTRAINT  =        0.0000


   NSTEP       ENERGY          RMS            GMAX         NAME    NUMBER
   6600      -2.5620E+05     9.2530E-02     6.9155E+00     O       10212

 BOND    =    20083.6020  ANGLE   =      980.8167  DIHED      =     1629.9243
 UB      =        0.0000  IMP     =        0.0000  CMAP       =      222.2638
 VDWAALS =    51910.5715  EEL     =  -349150.8868  HBOND      =        0.0000
 1-4 VDW =     1175.8392  1-4 EEL =    16946.4458  RESTRAINT  =        0.0000


   NSTEP       ENERGY          RMS            GMAX         NAME    NUMBER
   6700      -2.5626E+05     1.2163E-01     1.6502E+01     CZ       6035

 BOND    =    20096.7683  ANGLE   =      980.9771  DIHED      =     1630.1237
 UB      =        0.0000  IMP     =        0.0000  CMAP       =      222.6038
 VDWAALS =    51966.7083  EEL     =  -349280.9273  HBOND      =        0.0000
 1-4 VDW =     1175.9564  1-4 EEL =    16946.2196  RESTRAINT  =        0.0000


   NSTEP       ENERGY          RMS            GMAX         NAME    NUMBER
   6800      -2.5632E+05     1.3655E-01     1.6561E+01     CD       1623

 BOND    =    20110.3138  ANGLE   =      981.1979  DIHED      =     1630.6520
 UB      =        0.0000  IMP     =        0.0000  CMAP       =      222.8910
 VDWAALS =    52024.8875  EEL     =  -349412.0753  HBOND      =        0.0000
 1-4 VDW =     1176.1084  1-4 EEL =    16945.9863  RESTRAINT  =        0.0000


   NSTEP       ENERGY          RMS            GMAX         NAME    NUMBER
   6900      -2.5637E+05     1.7557E-01     3.0839E+01     CZ       6035

 BOND    =    20122.9565  ANGLE   =      981.5407  DIHED      =     1631.1029
 UB      =        0.0000  IMP     =        0.0000  CMAP       =      223.0887
 VDWAALS =    52074.5186  EEL     =  -349527.1459  HBOND      =        0.0000
 1-4 VDW =     1176.2281  1-4 EEL =    16945.7749  RESTRAINT  =        0.0000


   NSTEP       ENERGY          RMS            GMAX         NAME    NUMBER
   7000      -2.5644E+05     5.7632E-02     3.7683E+00     O       10212

 BOND    =    20136.3082  ANGLE   =      979.9942  DIHED      =     1631.3493
 UB      =        0.0000  IMP     =        0.0000  CMAP       =      223.2513
 VDWAALS =    52137.3190  EEL     =  -349671.3905  HBOND      =        0.0000
 1-4 VDW =     1176.0057  1-4 EEL =    16946.1586  RESTRAINT  =        0.0000


   NSTEP       ENERGY          RMS            GMAX         NAME    NUMBER
   7100      -2.5653E+05     1.2987E-01     6.0480E+00     CD       4397

 BOND    =    20163.5010  ANGLE   =      981.7216  DIHED      =     1632.4486
 UB      =        0.0000  IMP     =        0.0000  CMAP       =      223.5153
 VDWAALS =    52236.4854  EEL     =  -349889.9033  HBOND      =        0.0000
 1-4 VDW =     1176.3434  1-4 EEL =    16946.1064  RESTRAINT  =        0.0000


   NSTEP       ENERGY          RMS            GMAX         NAME    NUMBER
   7200      -2.5659E+05     1.1577E-01     6.5346E+00     CG       3342

 BOND    =    20168.0837  ANGLE   =      980.7145  DIHED      =     1632.6228
 UB      =        0.0000  IMP     =        0.0000  CMAP       =      223.5227
 VDWAALS =    52301.2144  EEL     =  -350023.6200  HBOND      =        0.0000
 1-4 VDW =     1176.6914  1-4 EEL =    16947.0430  RESTRAINT  =        0.0000


   NSTEP       ENERGY          RMS            GMAX         NAME    NUMBER
   7300      -2.5664E+05     7.6131E-02     3.9092E+00     H1      13252

 BOND    =    20182.3459  ANGLE   =      980.6210  DIHED      =     1632.9741
 UB      =        0.0000  IMP     =        0.0000  CMAP       =      223.5191
 VDWAALS =    52347.0730  EEL     =  -350132.2498  HBOND      =        0.0000
 1-4 VDW =     1176.6403  1-4 EEL =    16947.1570  RESTRAINT  =        0.0000


   NSTEP       ENERGY          RMS            GMAX         NAME    NUMBER
   7400      -2.5668E+05     9.8570E-02     8.7473E+00     CD       2338

 BOND    =    20192.4806  ANGLE   =      980.7552  DIHED      =     1633.1833
 UB      =        0.0000  IMP     =        0.0000  CMAP       =      223.6099
 VDWAALS =    52402.1262  EEL     =  -350239.3220  HBOND      =        0.0000
 1-4 VDW =     1176.8677  1-4 EEL =    16947.3577  RESTRAINT  =        0.0000


   NSTEP       ENERGY          RMS            GMAX         NAME    NUMBER
   7500      -2.5672E+05     9.8080E-02     1.0539E+01     CD       2338

 BOND    =    20202.0296  ANGLE   =      980.8174  DIHED      =     1633.3948
 UB      =        0.0000  IMP     =        0.0000  CMAP       =      223.7822
 VDWAALS =    52450.3331  EEL     =  -350338.8678  HBOND      =        0.0000
 1-4 VDW =     1177.1005  1-4 EEL =    16947.4932  RESTRAINT  =        0.0000


   NSTEP       ENERGY          RMS            GMAX         NAME    NUMBER
   7600      -2.5677E+05     1.4661E-01     9.6322E+00     C        2652

 BOND    =    20212.5998  ANGLE   =      981.2974  DIHED      =     1633.6807
 UB      =        0.0000  IMP     =        0.0000  CMAP       =      224.2309
 VDWAALS =    52505.2698  EEL     =  -350451.4065  HBOND      =        0.0000
 1-4 VDW =     1177.5234  1-4 EEL =    16947.6685  RESTRAINT  =        0.0000


   NSTEP       ENERGY          RMS            GMAX         NAME    NUMBER
   7700      -2.5685E+05     2.1462E-01     1.4611E+01     CB       2755

 BOND    =    20240.2570  ANGLE   =      981.4654  DIHED      =     1633.7594
 UB      =        0.0000  IMP     =        0.0000  CMAP       =      223.8863
 VDWAALS =    52628.8855  EEL     =  -350688.4038  HBOND      =        0.0000
 1-4 VDW =     1177.5738  1-4 EEL =    16948.1850  RESTRAINT  =        0.0000


   NSTEP       ENERGY          RMS            GMAX         NAME    NUMBER
   7800      -2.5691E+05     1.2145E-01     8.1172E+00     CD       1623

 BOND    =    20248.2085  ANGLE   =      980.8796  DIHED      =     1633.8912
 UB      =        0.0000  IMP     =        0.0000  CMAP       =      224.1872
 VDWAALS =    52674.2525  EEL     =  -350800.2089  HBOND      =        0.0000
 1-4 VDW =     1177.7387  1-4 EEL =    16947.7369  RESTRAINT  =        0.0000


   NSTEP       ENERGY          RMS            GMAX         NAME    NUMBER
   7900      -2.5696E+05     1.1902E-01     8.6544E+00     CD       1623

 BOND    =    20258.4235  ANGLE   =      980.9711  DIHED      =     1634.3913
 UB      =        0.0000  IMP     =        0.0000  CMAP       =      224.3047
 VDWAALS =    52717.1818  EEL     =  -350896.8143  HBOND      =        0.0000
 1-4 VDW =     1178.0759  1-4 EEL =    16948.0160  RESTRAINT  =        0.0000


   NSTEP       ENERGY          RMS            GMAX         NAME    NUMBER
   8000      -2.5699E+05     1.0952E-01     6.9495E+00     CA       2682

 BOND    =    20266.7167  ANGLE   =      981.6294  DIHED      =     1635.5709
 UB      =        0.0000  IMP     =        0.0000  CMAP       =      224.5028
 VDWAALS =    52757.4027  EEL     =  -350983.4021  HBOND      =        0.0000
 1-4 VDW =     1178.0444  1-4 EEL =    16948.0479  RESTRAINT  =        0.0000


   NSTEP       ENERGY          RMS            GMAX         NAME    NUMBER
   8100      -2.5703E+05     1.2963E-01     1.0993E+01     CA       2682

 BOND    =    20275.9604  ANGLE   =      982.4132  DIHED      =     1637.0860
 UB      =        0.0000  IMP     =        0.0000  CMAP       =      224.8532
 VDWAALS =    52801.6915  EEL     =  -351080.8228  HBOND      =        0.0000
 1-4 VDW =     1178.1873  1-4 EEL =    16947.7559  RESTRAINT  =        0.0000


   NSTEP       ENERGY          RMS            GMAX         NAME    NUMBER
   8200      -2.5707E+05     1.0443E-01     8.3192E+00     CA       2682

 BOND    =    20284.5100  ANGLE   =      982.2625  DIHED      =     1637.2644
 UB      =        0.0000  IMP     =        0.0000  CMAP       =      224.9780
 VDWAALS =    52842.7825  EEL     =  -351169.3511  HBOND      =        0.0000
 1-4 VDW =     1178.5546  1-4 EEL =    16947.6852  RESTRAINT  =        0.0000


   NSTEP       ENERGY          RMS            GMAX         NAME    NUMBER
   8300      -2.5710E+05     1.0213E-01     7.3027E+00     CD       4397

 BOND    =    20292.6344  ANGLE   =      982.3414  DIHED      =     1637.3631
 UB      =        0.0000  IMP     =        0.0000  CMAP       =      225.0546
 VDWAALS =    52886.1797  EEL     =  -351252.0446  HBOND      =        0.0000
 1-4 VDW =     1178.8626  1-4 EEL =    16948.0383  RESTRAINT  =        0.0000


   NSTEP       ENERGY          RMS            GMAX         NAME    NUMBER
   8400      -2.5713E+05     8.9312E-02     6.2734E+00     CA       2682

 BOND    =    20300.8591  ANGLE   =      982.3113  DIHED      =     1637.4738
 UB      =        0.0000  IMP     =        0.0000  CMAP       =      225.1625
 VDWAALS =    52929.8171  EEL     =  -351333.4766  HBOND      =        0.0000
 1-4 VDW =     1179.1434  1-4 EEL =    16948.3944  RESTRAINT  =        0.0000


   NSTEP       ENERGY          RMS            GMAX         NAME    NUMBER
   8500      -2.5716E+05     7.5824E-02     5.6467E+00     CD       2338

 BOND    =    20308.5040  ANGLE   =      982.6476  DIHED      =     1637.7059
 UB      =        0.0000  IMP     =        0.0000  CMAP       =      225.2258
 VDWAALS =    52971.8892  EEL     =  -351411.3347  HBOND      =        0.0000
 1-4 VDW =     1179.3108  1-4 EEL =    16948.4711  RESTRAINT  =        0.0000


   NSTEP       ENERGY          RMS            GMAX         NAME    NUMBER
   8600      -2.5719E+05     7.9891E-02     9.5268E+00     CD       2338

 BOND    =    20317.4020  ANGLE   =      983.1197  DIHED      =     1638.1033
 UB      =        0.0000  IMP     =        0.0000  CMAP       =      225.1753
 VDWAALS =    53017.0480  EEL     =  -351497.7680  HBOND      =        0.0000
 1-4 VDW =     1179.4901  1-4 EEL =    16948.2952  RESTRAINT  =        0.0000


   NSTEP       ENERGY          RMS            GMAX         NAME    NUMBER
   8700      -2.5722E+05     7.2356E-02     4.0915E+00     OD1      2008

 BOND    =    20324.2393  ANGLE   =      983.5665  DIHED      =     1637.7539
 UB      =        0.0000  IMP     =        0.0000  CMAP       =      225.1029
 VDWAALS =    53056.7510  EEL     =  -351571.6923  HBOND      =        0.0000
 1-4 VDW =     1179.5203  1-4 EEL =    16948.1217  RESTRAINT  =        0.0000


   NSTEP       ENERGY          RMS            GMAX         NAME    NUMBER
   8800      -2.5724E+05     6.9167E-02     3.7872E+00     OD1      2008

 BOND    =    20332.6709  ANGLE   =      983.7242  DIHED      =     1637.5104
 UB      =        0.0000  IMP     =        0.0000  CMAP       =      225.0315
 VDWAALS =    53092.9933  EEL     =  -351642.6879  HBOND      =        0.0000
 1-4 VDW =     1179.5721  1-4 EEL =    16948.1505  RESTRAINT  =        0.0000


   NSTEP       ENERGY          RMS            GMAX         NAME    NUMBER
   8900      -2.5727E+05     8.9458E-02     8.5220E+00     CZ       6035

 BOND    =    20340.1155  ANGLE   =      983.9155  DIHED      =     1637.4256
 UB      =        0.0000  IMP     =        0.0000  CMAP       =      224.9736
 VDWAALS =    53128.2298  EEL     =  -351709.0432  HBOND      =        0.0000
 1-4 VDW =     1179.6597  1-4 EEL =    16948.1864  RESTRAINT  =        0.0000


   NSTEP       ENERGY          RMS            GMAX         NAME    NUMBER
   9000      -2.5729E+05     1.2463E-01     6.1677E+00     CB       2016

 BOND    =    20348.1101  ANGLE   =      984.3037  DIHED      =     1637.6890
 UB      =        0.0000  IMP     =        0.0000  CMAP       =      224.7978
 VDWAALS =    53166.8768  EEL     =  -351782.6016  HBOND      =        0.0000
 1-4 VDW =     1179.7919  1-4 EEL =    16948.0854  RESTRAINT  =        0.0000


   NSTEP       ENERGY          RMS            GMAX         NAME    NUMBER
   9100      -2.5732E+05     1.4287E-01     1.1805E+01     CD       1623

 BOND    =    20355.6289  ANGLE   =      985.3326  DIHED      =     1637.9116
 UB      =        0.0000  IMP     =        0.0000  CMAP       =      224.3627
 VDWAALS =    53205.6617  EEL     =  -351858.7124  HBOND      =        0.0000
 1-4 VDW =     1179.8998  1-4 EEL =    16948.0761  RESTRAINT  =        0.0000


   NSTEP       ENERGY          RMS            GMAX         NAME    NUMBER
   9200      -2.5736E+05     1.7534E-01     1.4058E+01     CD       1623

 BOND    =    20366.0001  ANGLE   =      985.8677  DIHED      =     1637.7779
 UB      =        0.0000  IMP     =        0.0000  CMAP       =      224.1215
 VDWAALS =    53253.8789  EEL     =  -351953.5480  HBOND      =        0.0000
 1-4 VDW =     1179.9566  1-4 EEL =    16947.6048  RESTRAINT  =        0.0000


   NSTEP       ENERGY          RMS            GMAX         NAME    NUMBER
   9300      -2.5739E+05     1.0361E-01     4.9493E+00     CD       1623

 BOND    =    20377.2153  ANGLE   =      984.8143  DIHED      =     1637.6378
 UB      =        0.0000  IMP     =        0.0000  CMAP       =      223.9394
 VDWAALS =    53307.4798  EEL     =  -352053.3146  HBOND      =        0.0000
 1-4 VDW =     1180.0120  1-4 EEL =    16947.6423  RESTRAINT  =        0.0000


   NSTEP       ENERGY          RMS            GMAX         NAME    NUMBER
   9400      -2.5743E+05     1.4642E-01     9.9209E+00     CA       2030

 BOND    =    20387.2123  ANGLE   =      985.6082  DIHED      =     1637.7142
 UB      =        0.0000  IMP     =        0.0000  CMAP       =      223.5264
 VDWAALS =    53361.7185  EEL     =  -352149.6703  HBOND      =        0.0000
 1-4 VDW =     1180.3288  1-4 EEL =    16948.5533  RESTRAINT  =        0.0000


   NSTEP       ENERGY          RMS            GMAX         NAME    NUMBER
   9500      -2.5745E+05     1.2155E-01     9.0618E+00     CA       2030

 BOND    =    20393.8729  ANGLE   =      984.7067  DIHED      =     1637.7604
 UB      =        0.0000  IMP     =        0.0000  CMAP       =      223.2620
 VDWAALS =    53400.4722  EEL     =  -352222.2703  HBOND      =        0.0000
 1-4 VDW =     1180.4606  1-4 EEL =    16949.4003  RESTRAINT  =        0.0000


   NSTEP       ENERGY          RMS            GMAX         NAME    NUMBER
   9600      -2.5749E+05     1.4709E-01     8.6660E+00     CA       2030

 BOND    =    20405.1821  ANGLE   =      985.2899  DIHED      =     1638.1515
 UB      =        0.0000  IMP     =        0.0000  CMAP       =      223.2087
 VDWAALS =    53456.2145  EEL     =  -352327.7188  HBOND      =        0.0000
 1-4 VDW =     1180.4684  1-4 EEL =    16949.6251  RESTRAINT  =        0.0000


   NSTEP       ENERGY          RMS            GMAX         NAME    NUMBER
   9700      -2.5753E+05     1.1838E-01     7.6830E+00     CG       3342

 BOND    =    20415.2026  ANGLE   =      985.0644  DIHED      =     1638.3345
 UB      =        0.0000  IMP     =        0.0000  CMAP       =      223.1645
 VDWAALS =    53518.4053  EEL     =  -352440.1455  HBOND      =        0.0000
 1-4 VDW =     1180.4990  1-4 EEL =    16949.1895  RESTRAINT  =        0.0000


   NSTEP       ENERGY          RMS            GMAX         NAME    NUMBER
   9800      -2.5757E+05     1.7612E-01     1.6139E+01     H1      22933

 BOND    =    20424.3806  ANGLE   =      985.8554  DIHED      =     1638.4166
 UB      =        0.0000  IMP     =        0.0000  CMAP       =      223.1935
 VDWAALS =    53569.1743  EEL     =  -352541.9379  HBOND      =        0.0000
 1-4 VDW =     1180.6820  1-4 EEL =    16949.1290  RESTRAINT  =        0.0000


   NSTEP       ENERGY          RMS            GMAX         NAME    NUMBER
   9900      -2.5761E+05     1.0157E-01     7.8667E+00     CA       2030

 BOND    =    20434.0972  ANGLE   =      985.2399  DIHED      =     1638.2083
 UB      =        0.0000  IMP     =        0.0000  CMAP       =      223.1940
 VDWAALS =    53606.6103  EEL     =  -352628.3958  HBOND      =        0.0000
 1-4 VDW =     1180.8275  1-4 EEL =    16949.1079  RESTRAINT  =        0.0000


   NSTEP       ENERGY          RMS            GMAX         NAME    NUMBER
  10000      -2.5764E+05     1.1414E-01     7.4552E+00     CG       3342

 BOND    =    20442.7670  ANGLE   =      985.3569  DIHED      =     1638.3856
 UB      =        0.0000  IMP     =        0.0000  CMAP       =      223.1463
 VDWAALS =    53642.5154  EEL     =  -352703.3539  HBOND      =        0.0000
 1-4 VDW =     1181.0464  1-4 EEL =    16949.4632  RESTRAINT  =        0.0000


  Maximum number of minimization cycles reached.


                    FINAL RESULTS



   NSTEP       ENERGY          RMS            GMAX         NAME    NUMBER
  10000      -2.5764E+05     1.1414E-01     7.4552E+00     CG       3342

 BOND    =    20442.7670  ANGLE   =      985.3569  DIHED      =     1638.3856
 UB      =        0.0000  IMP     =        0.0000  CMAP       =      223.1463
 VDWAALS =    53642.5154  EEL     =  -352703.3539  HBOND      =        0.0000
 1-4 VDW =     1181.0464  1-4 EEL =    16949.4632  RESTRAINT  =        0.0000
--------------------------------------------------------------------------------
   5.  TIMINGS
--------------------------------------------------------------------------------

|  NonSetup CPU Time in Major Routines:
|
|     Routine           Sec        %
|     ------------------------------
|     Nonbond           6.04   30.26
|     Bond              0.00    0.00
|     Angle             0.00    0.00
|     Dihedral          0.00    0.00
|     Shake             0.00    0.00
|     Other            13.91   69.74
|     ------------------------------
|     Total            19.95

|  PME Nonbond Pairlist CPU Time:
|
|     Routine              Sec        %
|     ---------------------------------
|     Set Up Cit           0.00    0.00
|     Build List           0.00    0.00
|     ---------------------------------
|     Total                0.00    0.00

|  PME Direct Force CPU Time:
|
|     Routine              Sec        %
|     ---------------------------------
|     NonBonded Calc       0.00    0.00
|     Exclude Masked       0.00    0.00
|     Other                0.01    0.03
|     ---------------------------------
|     Total                0.01    0.03

|  PME Reciprocal Force CPU Time:
|
|     Routine              Sec        %
|     ---------------------------------
|     1D bspline           0.00    0.00
|     Grid Charges         0.00    0.00
|     Scalar Sum           0.00    0.00
|     Gradient Sum         0.00    0.00
|     FFT                  0.00    0.00
|     ---------------------------------
|     Total                0.00    0.00

|  Setup CPU time:            0.53 seconds
|  NonSetup CPU time:        19.95 seconds
|  Total CPU time:           20.48 seconds     0.01 hours

|  Setup wall time:           0    seconds
|  NonSetup wall time:       20    seconds
|  Total wall time:          20    seconds     0.01 hours
