-I: Adding /apps/cuda/10.0.130/gcc/7.3.0/amber/20omp/dat/leap/prep to search path.
-I: Adding /apps/cuda/10.0.130/gcc/7.3.0/amber/20omp/dat/leap/lib to search path.
-I: Adding /apps/cuda/10.0.130/gcc/7.3.0/amber/20omp/dat/leap/parm to search path.
-I: Adding /apps/cuda/10.0.130/gcc/7.3.0/amber/20omp/dat/leap/cmd to search path.
-s: Ignoring startup file: leaprc
-f: Source 5vg3_tleap_combine.in.

Welcome to LEaP!
Sourcing: ./5vg3_tleap_combine.in
----- Source: /apps/cuda/10.0.130/gcc/7.3.0/amber/20omp/dat/leap/cmd/leaprc.protein.ff19SB
----- Source of /apps/cuda/10.0.130/gcc/7.3.0/amber/20omp/dat/leap/cmd/leaprc.protein.ff19SB done
Log file: ./leap.log
Loading parameters: /apps/cuda/10.0.130/gcc/7.3.0/amber/20omp/dat/leap/parm/parm19.dat
Reading title:
PARM99 + frcmod.ff99SB + frcmod.parmbsc0 + OL3 for RNA + ff19SB
Loading parameters: /apps/cuda/10.0.130/gcc/7.3.0/amber/20omp/dat/leap/parm/frcmod.ff19SB
Reading force field modification type file (frcmod)
Reading title:
ff19SB AA-specific backbone CMAPs for protein 07/25/2019
Loading library: /apps/cuda/10.0.130/gcc/7.3.0/amber/20omp/dat/leap/lib/amino19.lib
Loading library: /apps/cuda/10.0.130/gcc/7.3.0/amber/20omp/dat/leap/lib/aminoct12.lib
Loading library: /apps/cuda/10.0.130/gcc/7.3.0/amber/20omp/dat/leap/lib/aminont12.lib
----- Source: /apps/cuda/10.0.130/gcc/7.3.0/amber/20omp/dat/leap/cmd/leaprc.gaff
----- Source of /apps/cuda/10.0.130/gcc/7.3.0/amber/20omp/dat/leap/cmd/leaprc.gaff done
Log file: ./leap.log
Loading parameters: /apps/cuda/10.0.130/gcc/7.3.0/amber/20omp/dat/leap/parm/gaff.dat
Reading title:
AMBER General Force Field for organic molecules (Version 1.81, May 2017)
----- Source: /apps/cuda/10.0.130/gcc/7.3.0/amber/20omp/dat/leap/cmd/leaprc.water.tip3p
----- Source of /apps/cuda/10.0.130/gcc/7.3.0/amber/20omp/dat/leap/cmd/leaprc.water.tip3p done
Loading library: /apps/cuda/10.0.130/gcc/7.3.0/amber/20omp/dat/leap/lib/atomic_ions.lib
Loading library: /apps/cuda/10.0.130/gcc/7.3.0/amber/20omp/dat/leap/lib/solvents.lib
Loading parameters: /apps/cuda/10.0.130/gcc/7.3.0/amber/20omp/dat/leap/parm/frcmod.tip3p
Reading force field modification type file (frcmod)
Reading title:
This is the additional/replacement parameter set for TIP3P water
Loading parameters: /apps/cuda/10.0.130/gcc/7.3.0/amber/20omp/dat/leap/parm/frcmod.ions1lm_126_tip3p
Reading force field modification type file (frcmod)
Reading title:
Li/Merz ion parameters of monovalent ions for TIP3P water model (12-6 normal usage set)
Loading parameters: /apps/cuda/10.0.130/gcc/7.3.0/amber/20omp/dat/leap/parm/frcmod.ionsjc_tip3p
Reading force field modification type file (frcmod)
Reading title:
Monovalent ion parameters for Ewald and TIP3P water from Joung & Cheatham JPCB (2008)
Loading parameters: /apps/cuda/10.0.130/gcc/7.3.0/amber/20omp/dat/leap/parm/frcmod.ions234lm_126_tip3p
Reading force field modification type file (frcmod)
Reading title:
Li/Merz ion parameters of divalent to tetravalent ions for TIP3P water model (12-6 normal usage set)
Loading Mol2 file: ./HD1.mol2
Reading MOLECULE named HD1
Loading Mol2 file: ./HD2.mol2
Reading MOLECULE named HD2
Loading Mol2 file: ./GU1.mol2
Reading MOLECULE named GU1
Loading Mol2 file: ./HD3.mol2
Reading MOLECULE named HD3
Loading Mol2 file: ./HD4.mol2
Reading MOLECULE named HD4
Loading Mol2 file: ./HD5.mol2
Reading MOLECULE named HD5
Loading Mol2 file: ./GU2.mol2
Reading MOLECULE named GU2
Loading Mol2 file: ./HD6.mol2
Reading MOLECULE named HD6
Loading Mol2 file: ./MN1.mol2
Reading MOLECULE named MN1
Loading Mol2 file: ./MN2.mol2
Reading MOLECULE named MN2
Loading Mol2 file: ./OX1.mol2
Reading MOLECULE named OX1
Loading Mol2 file: ./WTR.mol2
Reading MOLECULE named WTR
Loading parameters: /apps/cuda/10.0.130/gcc/7.3.0/amber/20omp/dat/leap/parm/frcmod.ions1lm_126_tip3p
Reading force field modification type file (frcmod)
Reading title:
Li/Merz ion parameters of monovalent ions for TIP3P water model (12-6 normal usage set)
Loading parameters: ./5vg3_mcpbpy.frcmod
Reading force field modification type file (frcmod)
Reading title:
REMARK GOES HERE, THIS FILE IS GENERATED BY MCPB.PY
Loading parameters: ./5vg3_mcpbpyC.frcmod
Reading force field modification type file (frcmod)
Reading title:
REMARK GOES HERE, THIS FILE IS GENERATED BY MCPB.PY
Loading parameters: ./OX.frcmod
Reading force field modification type file (frcmod)
Reading title:
Remark line goes here
Loading PDB file: ./5vg3_mcpbpy.pdb

/apps/cuda/10.0.130/gcc/7.3.0/amber/20omp/bin/teLeap: Warning!
One sided connection. Residue (HD1) missing connect0 atom.

/apps/cuda/10.0.130/gcc/7.3.0/amber/20omp/bin/teLeap: Warning!
One sided connection. Residue (default_name) missing connect1 atom.

/apps/cuda/10.0.130/gcc/7.3.0/amber/20omp/bin/teLeap: Warning!
One sided connection. Residue (HD2) missing connect0 atom.

/apps/cuda/10.0.130/gcc/7.3.0/amber/20omp/bin/teLeap: Warning!
One sided connection. Residue (default_name) missing connect1 atom.

/apps/cuda/10.0.130/gcc/7.3.0/amber/20omp/bin/teLeap: Warning!
One sided connection. Residue (GU1) missing connect0 atom.

/apps/cuda/10.0.130/gcc/7.3.0/amber/20omp/bin/teLeap: Warning!
One sided connection. Residue (default_name) missing connect1 atom.

/apps/cuda/10.0.130/gcc/7.3.0/amber/20omp/bin/teLeap: Warning!
One sided connection. Residue (HD3) missing connect0 atom.

/apps/cuda/10.0.130/gcc/7.3.0/amber/20omp/bin/teLeap: Warning!
One sided connection. Residue (default_name) missing connect1 atom.

/apps/cuda/10.0.130/gcc/7.3.0/amber/20omp/bin/teLeap: Warning!
One sided connection. Residue (HD4) missing connect0 atom.

/apps/cuda/10.0.130/gcc/7.3.0/amber/20omp/bin/teLeap: Warning!
One sided connection. Residue (default_name) missing connect1 atom.

/apps/cuda/10.0.130/gcc/7.3.0/amber/20omp/bin/teLeap: Warning!
One sided connection. Residue (HD5) missing connect0 atom.

/apps/cuda/10.0.130/gcc/7.3.0/amber/20omp/bin/teLeap: Warning!
One sided connection. Residue (default_name) missing connect1 atom.

/apps/cuda/10.0.130/gcc/7.3.0/amber/20omp/bin/teLeap: Warning!
One sided connection. Residue (GU2) missing connect0 atom.

/apps/cuda/10.0.130/gcc/7.3.0/amber/20omp/bin/teLeap: Warning!
One sided connection. Residue (default_name) missing connect1 atom.

/apps/cuda/10.0.130/gcc/7.3.0/amber/20omp/bin/teLeap: Warning!
One sided connection. Residue (HD6) missing connect0 atom.

/apps/cuda/10.0.130/gcc/7.3.0/amber/20omp/bin/teLeap: Warning!
One sided connection. Residue (default_name) missing connect1 atom.
  total atoms in file: 6042
Writing pdb file: 5vg3_dry.pdb

/apps/cuda/10.0.130/gcc/7.3.0/amber/20omp/bin/teLeap: Warning!
 Converting N-terminal residue name to PDB format: NMET -> MET

/apps/cuda/10.0.130/gcc/7.3.0/amber/20omp/bin/teLeap: Warning!
 Converting C-terminal residue name to PDB format: CLYS -> LYS
Checking Unit.

/apps/cuda/10.0.130/gcc/7.3.0/amber/20omp/bin/teLeap: Warning!
The unperturbed charge of the unit (7.000005) is not zero.

/apps/cuda/10.0.130/gcc/7.3.0/amber/20omp/bin/teLeap: Note.
Ignoring the warning from Unit Checking.

Building topology.
Building atom parameters.
Building bond parameters.
Building angle parameters.
Building proper torsion parameters.
Building improper torsion parameters.
 total 1265 improper torsions applied
Building H-Bond parameters.
Incorporating Non-Bonded adjustments.
Not Marking per-residue atom chain types.
Marking per-residue atom chain types.
  (Residues lacking connect0/connect1 - 
   these don't have chain types marked:

	res	total affected

	CLYS	1
	GU1	1
	GU2	1
	HD1	1
	HD2	1
	HD3	1
	HD4	1
	HD5	1
	HD6	1
	NMET	1
	OX1	1
	WTR	1
  )
 (no restraints)
  Solute vdw bounding box:              55.574 90.407 63.077
  Total bounding box for atom centers:  75.574 110.407 83.077
  Solvent unit box:                     18.774 18.774 18.774
  Total vdw box size:                   78.672 113.827 86.545 angstroms.
  Volume: 775013.309 A^3 
  Total mass 387358.296 amu,  Density 0.830 g/cc
  Added 19088 residues.

/apps/cuda/10.0.130/gcc/7.3.0/amber/20omp/bin/teLeap: Warning!
addIons: 1st Ion & target unit have charges of the same sign:
     unit charge = 7; ion1 charge = 1;
     can't neutralize.
7 Cl- ions required to neutralize.
Adding 7 counter ions to "mol" using 1A grid
Grid extends from solute vdw + 4.50  to  10.49
Resolution:      1.00 Angstrom.
Solvent present: replacing closest with ion
	 when steric overlaps occur
Calculating grid charges
(Replacing solvent molecule)
Placed Cl- in mol at (-5.06, -35.38, 11.98).
(Replacing solvent molecule)
Placed Cl- in mol at (-24.12, 23.58, -0.86).
(Replacing solvent molecule)
Placed Cl- in mol at (-0.69, -26.52, 23.18).
(Replacing solvent molecule)
Placed Cl- in mol at (15.32, 13.07, -11.52).
(Replacing solvent molecule)
Placed Cl- in mol at (-25.82, -25.42, 25.22).
(Replacing solvent molecule)
Placed Cl- in mol at (-23.15, -16.92, 4.59).
(Replacing solvent molecule)
Placed Cl- in mol at (-14.91, 38.15, 9.28).

Done adding ions.
Writing pdb file: 5vg3_solv.pdb
   printing CRYST1 record to PDB file with box info

/apps/cuda/10.0.130/gcc/7.3.0/amber/20omp/bin/teLeap: Warning!
 Converting N-terminal residue name to PDB format: NMET -> MET

/apps/cuda/10.0.130/gcc/7.3.0/amber/20omp/bin/teLeap: Warning!
 Converting C-terminal residue name to PDB format: CLYS -> LYS
Checking Unit.
Building topology.
Building atom parameters.
Building bond parameters.
Building angle parameters.
Building proper torsion parameters.
Building improper torsion parameters.
 total 1265 improper torsions applied
Building H-Bond parameters.
Incorporating Non-Bonded adjustments.
Not Marking per-residue atom chain types.
Marking per-residue atom chain types.
  (Residues lacking connect0/connect1 - 
   these don't have chain types marked:

	res	total affected

	CLYS	1
	GU1	1
	GU2	1
	HD1	1
	HD2	1
	HD3	1
	HD4	1
	HD5	1
	HD6	1
	NMET	1
	OX1	1
	WAT	19081
	WTR	1
  )
 (no restraints)
	Quit

Exiting LEaP: Errors = 0; Warnings = 22; Notes = 1.
