
          -------------------------------------------------------
          Amber 24 PMEMD                              2024
          -------------------------------------------------------

| PMEMD implementation of SANDER, Release 24

|  Compiled date/time: Thu Apr  3 17:55:38 2025
| Run on 11/28/2025 at 17:21:13

|   Executable path: /apps/gcc/14.2.0/openmpi/5.0.7/amber/25/bin/pmemd
| Working directory: /home/john.aitken/oxdc-md-fall25/systems/BiOx+2
|          Hostname: c0709a-s9

  [-O]verwriting output

File Assignments:
|   MDIN: mdin_templates/heat_nvt_1fs.in                                        
|  MDOUT: heat.cpu.out                                                          
| INPCRD: 5vg3_solv.inpcrd                                                      
|   PARM: 5vg3_solv.prmtop                                                      
| RESTRT: heat.cpu.rst7                                                         
|   REFC: refc                                                                  
|  MDVEL: mdvel                                                                 
|   MDEN: mden                                                                  
|  MDCRD: heat.cpu.nc                                                           
| MDINFO: heat.cpu.mdinfo                                                       
|  MDFRC: mdfrc                                                                 


 Here is the input file:

Heating NVT 50 ps (1 fs, SHAKE)                                                
&cntrl                                                                         
  imin=0, irest=0, ntx=1,                                                      
  nstlim=50000, dt=0.001,                                                      
  ntc=2, ntf=2,                                                                
  ntb=1,                                                                       
  ntt=3, gamma_ln=2.0, tempi=0.0, temp0=300.0,                                 
  ntpr=1000, ntwx=1000, ntwr=5000, ioutfm=1, iwrap=1                           
/                                                                              
&wt TYPE='TEMP0', istep1=0, istep2=50000, value1=0.0, value2=300.0 /           
&wt TYPE='END' /                                                               
                                                                               


Note: ig = -1. Setting random seed to   968514 based on wallclock time in 
      microseconds.
| irandom = 1, using AMBER's internal random number generator (default).
 
 
| Conditional Compilation Defines Used:
| PUBFFT
| BINTRAJ
| EMIL

| Largest sphere to fit in unit cell has radius =    39.336

| New format PARM file being parsed.
| Version =    1.000 Date = 10/14/25 Time = 12:07:52

| Note: 1-4 EEL scale factors are being read from the topology file.

| Note: 1-4 VDW scale factors are being read from the topology file.
| Duplicated    0 dihedrals

| Duplicated    0 dihedrals

--------------------------------------------------------------------------------
   1.  RESOURCE   USE: 
--------------------------------------------------------------------------------

 getting new box info from bottom of inpcrd
 NATOM  =   63287 NTYPES =      19 NBONH =   60213 MBONA  =    3151
 NTHETH =    6788 MTHETA =    4291 NPHIH =   13866 MPHIA  =   13498
 NHPARM =       0 NPARM  =       0 NNB   =  109836 NRES   =   19473
 NBONA  =    3151 NTHETA =    4291 NPHIA =   13498 NUMBND =      92
 NUMANG =     222 NPTRA  =     202 NATYP =      49 NPHB   =       1
 IFBOX  =       1 NMXRS  =      24 IFCAP =       0 NEXTRA =       0
 NCOPY  =       0

| Coordinate Index Table dimensions:    17   25   19
| Direct force subcell size =     4.6278    4.5531    4.5550

     BOX TYPE: RECTILINEAR

--------------------------------------------------------------------------------
   2.  CONTROL  DATA  FOR  THE  RUN
--------------------------------------------------------------------------------

default_name                                                                    

General flags:
     imin    =       0, nmropt  =       0

Nature and format of input:
     ntx     =       1, irest   =       0, ntrx    =       1

Nature and format of output:
     ntxo    =       2, ntpr    =    1000, ntrx    =       1, ntwr    =    5000
     iwrap   =       1, ntwx    =    1000, ntwv    =       0, ntwe    =       0
     ioutfm  =       1, ntwprt  =       0, idecomp =       0, rbornstat=      0

Potential function:
     ntf     =       2, ntb     =       1, igb     =       0, nsnb    =      25
     ipol    =       0, gbsa    =       0, iesp    =       0
     dielc   =   1.00000, cut     =   8.00000, intdiel =   1.00000

Frozen or restrained atoms:
     ibelly  =       0, ntr     =       0

Molecular dynamics:
     nstlim  =     50000, nscm    =      1000, nrespa  =         1
     t       =   0.00000, dt      =   0.00100, vlimit  =  20.00000

Langevin dynamics temperature regulation:
     ig      =  968514
     temp0   = 300.00000, tempi   =   0.00000, gamma_ln=   2.00000

SHAKE:
     ntc     =       2, jfastw  =       0
     tol     =   0.00001

| Intermolecular bonds treatment:
|     no_intermolecular_bonds =       1

| Energy averages sample interval:
|     ene_avg_sampling =    1000

Ewald parameters:
     verbose =       0, ew_type =       0, nbflag  =       1, use_pme =       1
     vdwmeth =       1, eedmeth =       1, netfrc  =       1
     Box X =   78.672   Box Y =  113.827   Box Z =   86.545
     Alpha =   90.000   Beta  =   90.000   Gamma =   90.000
     NFFT1 =   80       NFFT2 =  120       NFFT3 =   90
     Cutoff=    8.000   Tol   =0.100E-04
     Ewald Coefficient =  0.34864
     Interpolation order =    4

--------------------------------------------------------------------------------
   3.  ATOMIC COORDINATES AND VELOCITIES
--------------------------------------------------------------------------------

default_name                                                                    
 begin time read from input coords =     0.000 ps

 
 Number of triangulated 3-point waters found:    19079

     Sum of charges from parm topology file =   0.00000185
     Forcing neutrality...

| Dynamic Memory, Types Used:
| Reals             1999115
| Integers          2615392

| Nonbonded Pairs Initial Allocation:    10570511

--------------------------------------------------------------------------------
   4.  RESULTS
--------------------------------------------------------------------------------

 ---------------------------------------------------
 APPROXIMATING switch and d/dx switch using CUBIC SPLINE INTERPOLATION
 using   5000.0 points per unit in tabled values
 TESTING RELATIVE ERROR over r ranging from 0.0 to cutoff
| CHECK switch(x): max rel err =   0.2738E-14   at   2.422500
| CHECK d/dx switch(x): max rel err =   0.8332E-11   at   2.782960
 ---------------------------------------------------
|---------------------------------------------------
| APPROXIMATING direct energy using CUBIC SPLINE INTERPOLATION
|  with   50.0 points per unit in tabled values
| Relative Error Limit not exceeded for r .gt.   2.47
| APPROXIMATING direct force using CUBIC SPLINE INTERPOLATION
|  with   50.0 points per unit in tabled values
| Relative Error Limit not exceeded for r .gt.   2.89
|---------------------------------------------------

 NSTEP =        0   TIME(PS) =       0.000  TEMP(K) =     0.00  PRESS =     0.0
 Etot   =   -175462.3571  EKtot   =         0.0000  EPtot      =   -175462.3571
 BOND   =       262.4160  ANGLE   =       987.0080  DIHED      =      1561.9246
 UB     =         0.0000  IMP     =         0.0000  CMAP       =       267.9006
 1-4 NB =      1776.5231  1-4 EEL =     17798.1173  VDWAALS    =     17067.7890
 EELEC  =   -215184.0357  EHBOND  =         0.0000  RESTRAINT  =         0.0000
 Ewald error estimate:   0.1056E-02
 ------------------------------------------------------------------------------


 NSTEP =     1000   TIME(PS) =       1.000  TEMP(K) =   287.99  PRESS =     0.0
 Etot   =   -152544.4245  EKtot   =     37098.2417  EPtot      =   -189642.6662
 BOND   =      1075.7488  ANGLE   =      2943.9693  DIHED      =      2251.0876
 UB     =         0.0000  IMP     =         0.0000  CMAP       =       235.9278
 1-4 NB =      1322.9291  1-4 EEL =     16898.4372  VDWAALS    =     24189.4475
 EELEC  =   -238560.2136  EHBOND  =         0.0000  RESTRAINT  =         0.0000
 Ewald error estimate:   0.6699E-04
 ------------------------------------------------------------------------------


 NSTEP =     2000   TIME(PS) =       2.000  TEMP(K) =   298.14  PRESS =     0.0
 Etot   =   -149080.6104  EKtot   =     38405.6322  EPtot      =   -187486.2426
 BOND   =      1129.7814  ANGLE   =      3185.1337  DIHED      =      2232.0031
 UB     =         0.0000  IMP     =         0.0000  CMAP       =       246.1932
 1-4 NB =      1349.3815  1-4 EEL =     16908.9040  VDWAALS    =     23057.7988
 EELEC  =   -235595.4383  EHBOND  =         0.0000  RESTRAINT  =         0.0000
 Ewald error estimate:   0.1979E-04
 ------------------------------------------------------------------------------


 NSTEP =     3000   TIME(PS) =       3.000  TEMP(K) =   301.11  PRESS =     0.0
 Etot   =   -148363.1460  EKtot   =     38788.6262  EPtot      =   -187151.7722
 BOND   =      1112.4848  ANGLE   =      3238.8009  DIHED      =      2281.9762
 UB     =         0.0000  IMP     =         0.0000  CMAP       =       253.6765
 1-4 NB =      1353.4549  1-4 EEL =     16920.0304  VDWAALS    =     22613.8219
 EELEC  =   -234926.0178  EHBOND  =         0.0000  RESTRAINT  =         0.0000
 Ewald error estimate:   0.1483E-04
 ------------------------------------------------------------------------------


 NSTEP =     4000   TIME(PS) =       4.000  TEMP(K) =   297.88  PRESS =     0.0
 Etot   =   -148661.2627  EKtot   =     38371.7960  EPtot      =   -187033.0587
 BOND   =      1180.4459  ANGLE   =      3260.8667  DIHED      =      2249.2271
 UB     =         0.0000  IMP     =         0.0000  CMAP       =       259.7853
 1-4 NB =      1349.3166  1-4 EEL =     16923.0393  VDWAALS    =     22077.6856
 EELEC  =   -234333.4252  EHBOND  =         0.0000  RESTRAINT  =         0.0000
 Ewald error estimate:   0.4697E-04
 ------------------------------------------------------------------------------


 NSTEP =     5000   TIME(PS) =       5.000  TEMP(K) =   298.64  PRESS =     0.0
 Etot   =   -148702.5765  EKtot   =     38469.6078  EPtot      =   -187172.1842
 BOND   =      1146.6978  ANGLE   =      3208.2124  DIHED      =      2252.9607
 UB     =         0.0000  IMP     =         0.0000  CMAP       =       228.1522
 1-4 NB =      1336.6039  1-4 EEL =     16818.8959  VDWAALS    =     22749.9931
 EELEC  =   -234913.7002  EHBOND  =         0.0000  RESTRAINT  =         0.0000
 Ewald error estimate:   0.4653E-04
 ------------------------------------------------------------------------------


 NSTEP =     6000   TIME(PS) =       6.000  TEMP(K) =   298.21  PRESS =     0.0
 Etot   =   -149027.6315  EKtot   =     38415.1440  EPtot      =   -187442.7755
 BOND   =      1155.3241  ANGLE   =      3202.2376  DIHED      =      2251.1207
 UB     =         0.0000  IMP     =         0.0000  CMAP       =       233.8311
 1-4 NB =      1336.8363  1-4 EEL =     16916.5732  VDWAALS    =     22257.9145
 EELEC  =   -234796.6130  EHBOND  =         0.0000  RESTRAINT  =         0.0000
 Ewald error estimate:   0.2358E-04
 ------------------------------------------------------------------------------


 NSTEP =     7000   TIME(PS) =       7.000  TEMP(K) =   299.46  PRESS =     0.0
 Etot   =   -149074.2044  EKtot   =     38575.2260  EPtot      =   -187649.4304
 BOND   =      1106.2183  ANGLE   =      3161.3290  DIHED      =      2279.6179
 UB     =         0.0000  IMP     =         0.0000  CMAP       =       254.5536
 1-4 NB =      1366.6868  1-4 EEL =     16953.6828  VDWAALS    =     22260.5606
 EELEC  =   -235032.0795  EHBOND  =         0.0000  RESTRAINT  =         0.0000
 Ewald error estimate:   0.6979E-05
 ------------------------------------------------------------------------------


 NSTEP =     8000   TIME(PS) =       8.000  TEMP(K) =   300.01  PRESS =     0.0
 Etot   =   -149209.7759  EKtot   =     38647.1581  EPtot      =   -187856.9340
 BOND   =      1090.8158  ANGLE   =      3184.7244  DIHED      =      2217.3472
 UB     =         0.0000  IMP     =         0.0000  CMAP       =       237.1417
 1-4 NB =      1340.8083  1-4 EEL =     16942.7718  VDWAALS    =     22209.0424
 EELEC  =   -235079.5856  EHBOND  =         0.0000  RESTRAINT  =         0.0000
 Ewald error estimate:   0.4677E-04
 ------------------------------------------------------------------------------


 NSTEP =     9000   TIME(PS) =       9.000  TEMP(K) =   300.58  PRESS =     0.0
 Etot   =   -149840.5680  EKtot   =     38720.4029  EPtot      =   -188560.9710
 BOND   =      1146.8772  ANGLE   =      3146.8488  DIHED      =      2231.4782
 UB     =         0.0000  IMP     =         0.0000  CMAP       =       237.7197
 1-4 NB =      1337.0716  1-4 EEL =     16934.0106  VDWAALS    =     22464.2321
 EELEC  =   -236059.2092  EHBOND  =         0.0000  RESTRAINT  =         0.0000
 Ewald error estimate:   0.3130E-05
 ------------------------------------------------------------------------------


 NSTEP =    10000   TIME(PS) =      10.000  TEMP(K) =   298.14  PRESS =     0.0
 Etot   =   -149813.3372  EKtot   =     38405.1899  EPtot      =   -188218.5271
 BOND   =      1137.1657  ANGLE   =      3157.7159  DIHED      =      2225.1360
 UB     =         0.0000  IMP     =         0.0000  CMAP       =       246.0226
 1-4 NB =      1342.9692  1-4 EEL =     16917.4363  VDWAALS    =     21887.0360
 EELEC  =   -235132.0087  EHBOND  =         0.0000  RESTRAINT  =         0.0000
 Ewald error estimate:   0.1733E-06
 ------------------------------------------------------------------------------


 NSTEP =    11000   TIME(PS) =      11.000  TEMP(K) =   298.90  PRESS =     0.0
 Etot   =   -149963.3644  EKtot   =     38503.9192  EPtot      =   -188467.2836
 BOND   =      1178.9191  ANGLE   =      3150.4790  DIHED      =      2229.6637
 UB     =         0.0000  IMP     =         0.0000  CMAP       =       246.3435
 1-4 NB =      1334.3282  1-4 EEL =     16924.6786  VDWAALS    =     22284.8033
 EELEC  =   -235816.4990  EHBOND  =         0.0000  RESTRAINT  =         0.0000
 Ewald error estimate:   0.2336E-04
 ------------------------------------------------------------------------------


 NSTEP =    12000   TIME(PS) =      12.000  TEMP(K) =   301.32  PRESS =     0.0
 Etot   =   -149496.5517  EKtot   =     38815.7170  EPtot      =   -188312.2687
 BOND   =      1230.8344  ANGLE   =      3209.4365  DIHED      =      2208.2318
 UB     =         0.0000  IMP     =         0.0000  CMAP       =       246.1145
 1-4 NB =      1334.0418  1-4 EEL =     16854.4809  VDWAALS    =     22704.2038
 EELEC  =   -236099.6124  EHBOND  =         0.0000  RESTRAINT  =         0.0000
 Ewald error estimate:   0.2890E-04
 ------------------------------------------------------------------------------


 NSTEP =    13000   TIME(PS) =      13.000  TEMP(K) =   300.48  PRESS =     0.0
 Etot   =   -149540.3465  EKtot   =     38706.7650  EPtot      =   -188247.1115
 BOND   =      1122.5583  ANGLE   =      3245.5574  DIHED      =      2229.8407
 UB     =         0.0000  IMP     =         0.0000  CMAP       =       235.5715
 1-4 NB =      1354.8788  1-4 EEL =     16952.8328  VDWAALS    =     22425.7911
 EELEC  =   -235814.1421  EHBOND  =         0.0000  RESTRAINT  =         0.0000
 Ewald error estimate:   0.1388E-04
 ------------------------------------------------------------------------------


 NSTEP =    14000   TIME(PS) =      14.000  TEMP(K) =   299.09  PRESS =     0.0
 Etot   =   -149960.4055  EKtot   =     38527.9945  EPtot      =   -188488.4000
 BOND   =      1124.2321  ANGLE   =      3226.5225  DIHED      =      2242.2814
 UB     =         0.0000  IMP     =         0.0000  CMAP       =       255.0663
 1-4 NB =      1338.7211  1-4 EEL =     16919.5000  VDWAALS    =     22334.2465
 EELEC  =   -235928.9699  EHBOND  =         0.0000  RESTRAINT  =         0.0000
 Ewald error estimate:   0.5129E-04
 ------------------------------------------------------------------------------


 NSTEP =    15000   TIME(PS) =      15.000  TEMP(K) =   299.10  PRESS =     0.0
 Etot   =   -149888.2257  EKtot   =     38530.0119  EPtot      =   -188418.2376
 BOND   =      1135.9226  ANGLE   =      3245.1368  DIHED      =      2213.0422
 UB     =         0.0000  IMP     =         0.0000  CMAP       =       234.4625
 1-4 NB =      1342.3642  1-4 EEL =     16894.1102  VDWAALS    =     22403.0239
 EELEC  =   -235886.2999  EHBOND  =         0.0000  RESTRAINT  =         0.0000
 Ewald error estimate:   0.1251E-03
 ------------------------------------------------------------------------------


 NSTEP =    16000   TIME(PS) =      16.000  TEMP(K) =   299.30  PRESS =     0.0
 Etot   =   -150148.9708  EKtot   =     38554.9861  EPtot      =   -188703.9569
 BOND   =      1156.1922  ANGLE   =      3175.4213  DIHED      =      2266.7962
 UB     =         0.0000  IMP     =         0.0000  CMAP       =       263.6714
 1-4 NB =      1320.5014  1-4 EEL =     16889.5184  VDWAALS    =     22130.6148
 EELEC  =   -235906.6726  EHBOND  =         0.0000  RESTRAINT  =         0.0000
 Ewald error estimate:   0.4348E-06
 ------------------------------------------------------------------------------


 NSTEP =    17000   TIME(PS) =      17.000  TEMP(K) =   301.42  PRESS =     0.0
 Etot   =   -150260.2488  EKtot   =     38828.2955  EPtot      =   -189088.5443
 BOND   =      1163.8273  ANGLE   =      3230.4128  DIHED      =      2222.4444
 UB     =         0.0000  IMP     =         0.0000  CMAP       =       237.6687
 1-4 NB =      1336.1926  1-4 EEL =     16842.8590  VDWAALS    =     22364.0614
 EELEC  =   -236486.0106  EHBOND  =         0.0000  RESTRAINT  =         0.0000
 Ewald error estimate:   0.2619E-04
 ------------------------------------------------------------------------------


 NSTEP =    18000   TIME(PS) =      18.000  TEMP(K) =   301.79  PRESS =     0.0
 Etot   =   -150016.5179  EKtot   =     38876.0144  EPtot      =   -188892.5324
 BOND   =      1144.7403  ANGLE   =      3128.1130  DIHED      =      2232.7677
 UB     =         0.0000  IMP     =         0.0000  CMAP       =       246.7246
 1-4 NB =      1359.6977  1-4 EEL =     16814.9976  VDWAALS    =     22924.2369
 EELEC  =   -236743.8102  EHBOND  =         0.0000  RESTRAINT  =         0.0000
 Ewald error estimate:   0.2959E-05
 ------------------------------------------------------------------------------


 NSTEP =    19000   TIME(PS) =      19.000  TEMP(K) =   299.68  PRESS =     0.0
 Etot   =   -150787.5203  EKtot   =     38604.1614  EPtot      =   -189391.6818
 BOND   =      1180.1376  ANGLE   =      3274.1690  DIHED      =      2255.3573
 UB     =         0.0000  IMP     =         0.0000  CMAP       =       235.6228
 1-4 NB =      1323.3103  1-4 EEL =     16813.5956  VDWAALS    =     22915.3697
 EELEC  =   -237389.2441  EHBOND  =         0.0000  RESTRAINT  =         0.0000
 Ewald error estimate:   0.5128E-04
 ------------------------------------------------------------------------------


 NSTEP =    20000   TIME(PS) =      20.000  TEMP(K) =   299.98  PRESS =     0.0
 Etot   =   -150469.9792  EKtot   =     38642.7012  EPtot      =   -189112.6804
 BOND   =      1169.1236  ANGLE   =      3189.2822  DIHED      =      2198.2909
 UB     =         0.0000  IMP     =         0.0000  CMAP       =       240.9735
 1-4 NB =      1326.7352  1-4 EEL =     16799.8818  VDWAALS    =     22344.0392
 EELEC  =   -236381.0068  EHBOND  =         0.0000  RESTRAINT  =         0.0000
 Ewald error estimate:   0.6018E-04
 ------------------------------------------------------------------------------


 NSTEP =    21000   TIME(PS) =      21.000  TEMP(K) =   300.86  PRESS =     0.0
 Etot   =   -150598.1940  EKtot   =     38756.1364  EPtot      =   -189354.3303
 BOND   =      1166.4933  ANGLE   =      3197.0180  DIHED      =      2234.8262
 UB     =         0.0000  IMP     =         0.0000  CMAP       =       250.1776
 1-4 NB =      1327.3852  1-4 EEL =     16834.4027  VDWAALS    =     22555.7484
 EELEC  =   -236920.3817  EHBOND  =         0.0000  RESTRAINT  =         0.0000
 Ewald error estimate:   0.3753E-04
 ------------------------------------------------------------------------------


 NSTEP =    22000   TIME(PS) =      22.000  TEMP(K) =   301.31  PRESS =     0.0
 Etot   =   -150740.5261  EKtot   =     38814.3648  EPtot      =   -189554.8909
 BOND   =      1167.0357  ANGLE   =      3146.0010  DIHED      =      2236.8379
 UB     =         0.0000  IMP     =         0.0000  CMAP       =       239.9886
 1-4 NB =      1327.2414  1-4 EEL =     16939.1933  VDWAALS    =     22316.8300
 EELEC  =   -236928.0188  EHBOND  =         0.0000  RESTRAINT  =         0.0000
 Ewald error estimate:   0.9248E-04
 ------------------------------------------------------------------------------


 NSTEP =    23000   TIME(PS) =      23.000  TEMP(K) =   301.43  PRESS =     0.0
 Etot   =   -150748.4175  EKtot   =     38829.3400  EPtot      =   -189577.7575
 BOND   =      1107.4717  ANGLE   =      3201.5828  DIHED      =      2246.3637
 UB     =         0.0000  IMP     =         0.0000  CMAP       =       236.4833
 1-4 NB =      1335.9928  1-4 EEL =     16935.3008  VDWAALS    =     22464.9394
 EELEC  =   -237105.8920  EHBOND  =         0.0000  RESTRAINT  =         0.0000
 Ewald error estimate:   0.6253E-05
 ------------------------------------------------------------------------------


 NSTEP =    24000   TIME(PS) =      24.000  TEMP(K) =   301.28  PRESS =     0.0
 Etot   =   -150559.0329  EKtot   =     38810.1636  EPtot      =   -189369.1965
 BOND   =      1113.8417  ANGLE   =      3184.8380  DIHED      =      2189.3308
 UB     =         0.0000  IMP     =         0.0000  CMAP       =       229.0583
 1-4 NB =      1323.7932  1-4 EEL =     16878.5372  VDWAALS    =     22725.9433
 EELEC  =   -237014.5391  EHBOND  =         0.0000  RESTRAINT  =         0.0000
 Ewald error estimate:   0.1623E-04
 ------------------------------------------------------------------------------


 NSTEP =    25000   TIME(PS) =      25.000  TEMP(K) =   302.04  PRESS =     0.0
 Etot   =   -150314.2016  EKtot   =     38908.0973  EPtot      =   -189222.2989
 BOND   =      1186.7775  ANGLE   =      3240.1593  DIHED      =      2233.0462
 UB     =         0.0000  IMP     =         0.0000  CMAP       =       227.1409
 1-4 NB =      1353.0194  1-4 EEL =     16830.2483  VDWAALS    =     22408.1019
 EELEC  =   -236700.7924  EHBOND  =         0.0000  RESTRAINT  =         0.0000
 Ewald error estimate:   0.1074E-03
 ------------------------------------------------------------------------------


 NSTEP =    26000   TIME(PS) =      26.000  TEMP(K) =   298.85  PRESS =     0.0
 Etot   =   -151129.9307  EKtot   =     38497.4974  EPtot      =   -189627.4281
 BOND   =      1168.9203  ANGLE   =      3183.8091  DIHED      =      2246.5140
 UB     =         0.0000  IMP     =         0.0000  CMAP       =       245.6026
 1-4 NB =      1320.4670  1-4 EEL =     16890.3692  VDWAALS    =     22679.3786
 EELEC  =   -237362.4890  EHBOND  =         0.0000  RESTRAINT  =         0.0000
 Ewald error estimate:   0.2085E-04
 ------------------------------------------------------------------------------


 NSTEP =    27000   TIME(PS) =      27.000  TEMP(K) =   298.38  PRESS =     0.0
 Etot   =   -151441.5115  EKtot   =     38436.3785  EPtot      =   -189877.8900
 BOND   =      1147.8982  ANGLE   =      3198.3255  DIHED      =      2187.5400
 UB     =         0.0000  IMP     =         0.0000  CMAP       =       257.1590
 1-4 NB =      1353.4479  1-4 EEL =     16857.1296  VDWAALS    =     22950.6089
 EELEC  =   -237829.9992  EHBOND  =         0.0000  RESTRAINT  =         0.0000
 Ewald error estimate:   0.7842E-05
 ------------------------------------------------------------------------------


 NSTEP =    28000   TIME(PS) =      28.000  TEMP(K) =   298.94  PRESS =     0.0
 Etot   =   -151561.1603  EKtot   =     38508.4936  EPtot      =   -190069.6539
 BOND   =      1149.7609  ANGLE   =      3186.6693  DIHED      =      2229.0282
 UB     =         0.0000  IMP     =         0.0000  CMAP       =       247.3146
 1-4 NB =      1323.8805  1-4 EEL =     16863.5741  VDWAALS    =     22729.7443
 EELEC  =   -237799.6258  EHBOND  =         0.0000  RESTRAINT  =         0.0000
 Ewald error estimate:   0.1009E-03
 ------------------------------------------------------------------------------


 NSTEP =    29000   TIME(PS) =      29.000  TEMP(K) =   299.67  PRESS =     0.0
 Etot   =   -151430.0169  EKtot   =     38603.1673  EPtot      =   -190033.1843
 BOND   =      1120.0160  ANGLE   =      3129.4499  DIHED      =      2225.1148
 UB     =         0.0000  IMP     =         0.0000  CMAP       =       247.8111
 1-4 NB =      1349.3951  1-4 EEL =     16861.9161  VDWAALS    =     22563.7552
 EELEC  =   -237530.6424  EHBOND  =         0.0000  RESTRAINT  =         0.0000
 Ewald error estimate:   0.4992E-04
 ------------------------------------------------------------------------------


 NSTEP =    30000   TIME(PS) =      30.000  TEMP(K) =   298.92  PRESS =     0.0
 Etot   =   -151757.0259  EKtot   =     38505.7028  EPtot      =   -190262.7287
 BOND   =      1123.8774  ANGLE   =      3214.5368  DIHED      =      2186.5058
 UB     =         0.0000  IMP     =         0.0000  CMAP       =       250.1737
 1-4 NB =      1341.8337  1-4 EEL =     16839.1667  VDWAALS    =     22737.4049
 EELEC  =   -237956.2276  EHBOND  =         0.0000  RESTRAINT  =         0.0000
 Ewald error estimate:   0.5426E-04
 ------------------------------------------------------------------------------


 NSTEP =    31000   TIME(PS) =      31.000  TEMP(K) =   297.29  PRESS =     0.0
 Etot   =   -152043.2840  EKtot   =     38295.6439  EPtot      =   -190338.9279
 BOND   =      1157.2780  ANGLE   =      3166.6690  DIHED      =      2221.6874
 UB     =         0.0000  IMP     =         0.0000  CMAP       =       255.6791
 1-4 NB =      1340.3271  1-4 EEL =     16752.9839  VDWAALS    =     22531.7141
 EELEC  =   -237765.2665  EHBOND  =         0.0000  RESTRAINT  =         0.0000
 Ewald error estimate:   0.3325E-04
 ------------------------------------------------------------------------------


 NSTEP =    32000   TIME(PS) =      32.000  TEMP(K) =   299.81  PRESS =     0.0
 Etot   =   -151621.1666  EKtot   =     38621.4596  EPtot      =   -190242.6262
 BOND   =      1145.1273  ANGLE   =      3161.6785  DIHED      =      2238.2027
 UB     =         0.0000  IMP     =         0.0000  CMAP       =       244.8530
 1-4 NB =      1314.6600  1-4 EEL =     16899.0487  VDWAALS    =     22723.6320
 EELEC  =   -237969.8283  EHBOND  =         0.0000  RESTRAINT  =         0.0000
 Ewald error estimate:   0.1436E-05
 ------------------------------------------------------------------------------


 NSTEP =    33000   TIME(PS) =      33.000  TEMP(K) =   299.56  PRESS =     0.0
 Etot   =   -151737.6312  EKtot   =     38588.4304  EPtot      =   -190326.0616
 BOND   =      1123.4566  ANGLE   =      3225.1117  DIHED      =      2199.1196
 UB     =         0.0000  IMP     =         0.0000  CMAP       =       251.8693
 1-4 NB =      1334.5949  1-4 EEL =     16937.0190  VDWAALS    =     22376.6286
 EELEC  =   -237773.8613  EHBOND  =         0.0000  RESTRAINT  =         0.0000
 Ewald error estimate:   0.5020E-05
 ------------------------------------------------------------------------------


 NSTEP =    34000   TIME(PS) =      34.000  TEMP(K) =   299.10  PRESS =     0.0
 Etot   =   -151666.7313  EKtot   =     38528.8253  EPtot      =   -190195.5566
 BOND   =      1198.1224  ANGLE   =      3194.8716  DIHED      =      2215.2805
 UB     =         0.0000  IMP     =         0.0000  CMAP       =       256.3463
 1-4 NB =      1364.2961  1-4 EEL =     16901.2324  VDWAALS    =     23082.6595
 EELEC  =   -238408.3653  EHBOND  =         0.0000  RESTRAINT  =         0.0000
 Ewald error estimate:   0.5969E-04
 ------------------------------------------------------------------------------


 NSTEP =    35000   TIME(PS) =      35.000  TEMP(K) =   299.24  PRESS =     0.0
 Etot   =   -152051.5859  EKtot   =     38547.0895  EPtot      =   -190598.6753
 BOND   =      1125.7984  ANGLE   =      3172.2257  DIHED      =      2231.0924
 UB     =         0.0000  IMP     =         0.0000  CMAP       =       243.1177
 1-4 NB =      1332.8310  1-4 EEL =     16807.6665  VDWAALS    =     22854.8594
 EELEC  =   -238366.2664  EHBOND  =         0.0000  RESTRAINT  =         0.0000
 Ewald error estimate:   0.3137E-04
 ------------------------------------------------------------------------------


 NSTEP =    36000   TIME(PS) =      36.000  TEMP(K) =   300.55  PRESS =     0.0
 Etot   =   -151738.8192  EKtot   =     38715.6722  EPtot      =   -190454.4914
 BOND   =      1132.8167  ANGLE   =      3254.3900  DIHED      =      2203.8136
 UB     =         0.0000  IMP     =         0.0000  CMAP       =       240.6508
 1-4 NB =      1333.6090  1-4 EEL =     16858.7551  VDWAALS    =     22937.9221
 EELEC  =   -238416.4487  EHBOND  =         0.0000  RESTRAINT  =         0.0000
 Ewald error estimate:   0.1721E-04
 ------------------------------------------------------------------------------


 NSTEP =    37000   TIME(PS) =      37.000  TEMP(K) =   298.90  PRESS =     0.0
 Etot   =   -151898.4348  EKtot   =     38504.1709  EPtot      =   -190402.6057
 BOND   =      1169.0414  ANGLE   =      3218.9140  DIHED      =      2207.8811
 UB     =         0.0000  IMP     =         0.0000  CMAP       =       258.8562
 1-4 NB =      1323.3741  1-4 EEL =     16895.8869  VDWAALS    =     23116.2323
 EELEC  =   -238592.7916  EHBOND  =         0.0000  RESTRAINT  =         0.0000
 Ewald error estimate:   0.6177E-05
 ------------------------------------------------------------------------------


 NSTEP =    38000   TIME(PS) =      38.000  TEMP(K) =   302.45  PRESS =     0.0
 Etot   =   -151109.2608  EKtot   =     38961.3930  EPtot      =   -190070.6538
 BOND   =      1176.0985  ANGLE   =      3211.4535  DIHED      =      2210.9352
 UB     =         0.0000  IMP     =         0.0000  CMAP       =       250.5837
 1-4 NB =      1335.5433  1-4 EEL =     16890.3734  VDWAALS    =     22491.4473
 EELEC  =   -237637.0886  EHBOND  =         0.0000  RESTRAINT  =         0.0000
 Ewald error estimate:   0.2909E-04
 ------------------------------------------------------------------------------


 NSTEP =    39000   TIME(PS) =      39.000  TEMP(K) =   298.83  PRESS =     0.0
 Etot   =   -152133.6406  EKtot   =     38495.2294  EPtot      =   -190628.8700
 BOND   =      1119.9905  ANGLE   =      3255.6362  DIHED      =      2222.8029
 UB     =         0.0000  IMP     =         0.0000  CMAP       =       234.4004
 1-4 NB =      1318.5750  1-4 EEL =     16902.5668  VDWAALS    =     22317.6818
 EELEC  =   -238000.5238  EHBOND  =         0.0000  RESTRAINT  =         0.0000
 Ewald error estimate:   0.1094E-04
 ------------------------------------------------------------------------------


 NSTEP =    40000   TIME(PS) =      40.000  TEMP(K) =   298.78  PRESS =     0.0
 Etot   =   -152402.1935  EKtot   =     38488.3030  EPtot      =   -190890.4965
 BOND   =      1149.2527  ANGLE   =      3165.9032  DIHED      =      2239.7748
 UB     =         0.0000  IMP     =         0.0000  CMAP       =       249.7910
 1-4 NB =      1312.4907  1-4 EEL =     16790.4162  VDWAALS    =     23297.2464
 EELEC  =   -239095.3716  EHBOND  =         0.0000  RESTRAINT  =         0.0000
 Ewald error estimate:   0.5453E-04
 ------------------------------------------------------------------------------


 NSTEP =    41000   TIME(PS) =      41.000  TEMP(K) =   299.49  PRESS =     0.0
 Etot   =   -152315.0051  EKtot   =     38579.0996  EPtot      =   -190894.1047
 BOND   =      1105.3337  ANGLE   =      3152.8955  DIHED      =      2263.9932
 UB     =         0.0000  IMP     =         0.0000  CMAP       =       250.2955
 1-4 NB =      1314.3224  1-4 EEL =     16947.5283  VDWAALS    =     23030.7590
 EELEC  =   -238959.2323  EHBOND  =         0.0000  RESTRAINT  =         0.0000
 Ewald error estimate:   0.5215E-04
 ------------------------------------------------------------------------------


 NSTEP =    42000   TIME(PS) =      42.000  TEMP(K) =   300.10  PRESS =     0.0
 Etot   =   -152011.8239  EKtot   =     38658.6049  EPtot      =   -190670.4288
 BOND   =      1123.1718  ANGLE   =      3280.8073  DIHED      =      2244.7171
 UB     =         0.0000  IMP     =         0.0000  CMAP       =       258.8621
 1-4 NB =      1344.4273  1-4 EEL =     16828.2134  VDWAALS    =     22652.0880
 EELEC  =   -238402.7156  EHBOND  =         0.0000  RESTRAINT  =         0.0000
 Ewald error estimate:   0.8319E-04
 ------------------------------------------------------------------------------


 NSTEP =    43000   TIME(PS) =      43.000  TEMP(K) =   298.00  PRESS =     0.0
 Etot   =   -152337.3432  EKtot   =     38388.1719  EPtot      =   -190725.5151
 BOND   =      1194.9043  ANGLE   =      3180.8284  DIHED      =      2226.7826
 UB     =         0.0000  IMP     =         0.0000  CMAP       =       251.7044
 1-4 NB =      1314.9117  1-4 EEL =     16941.7210  VDWAALS    =     22798.5401
 EELEC  =   -238634.9077  EHBOND  =         0.0000  RESTRAINT  =         0.0000
 Ewald error estimate:   0.1190E-03
 ------------------------------------------------------------------------------


 NSTEP =    44000   TIME(PS) =      44.000  TEMP(K) =   299.54  PRESS =     0.0
 Etot   =   -152275.3527  EKtot   =     38586.3328  EPtot      =   -190861.6855
 BOND   =      1114.5948  ANGLE   =      3124.6692  DIHED      =      2195.3817
 UB     =         0.0000  IMP     =         0.0000  CMAP       =       255.2506
 1-4 NB =      1356.3190  1-4 EEL =     16879.8881  VDWAALS    =     22988.9133
 EELEC  =   -238776.7023  EHBOND  =         0.0000  RESTRAINT  =         0.0000
 Ewald error estimate:   0.5785E-04
 ------------------------------------------------------------------------------


 NSTEP =    45000   TIME(PS) =      45.000  TEMP(K) =   300.89  PRESS =     0.0
 Etot   =   -151422.9168  EKtot   =     38760.4614  EPtot      =   -190183.3782
 BOND   =      1182.9202  ANGLE   =      3117.1450  DIHED      =      2227.0800
 UB     =         0.0000  IMP     =         0.0000  CMAP       =       252.5507
 1-4 NB =      1355.9807  1-4 EEL =     16858.3108  VDWAALS    =     22396.5753
 EELEC  =   -237573.9409  EHBOND  =         0.0000  RESTRAINT  =         0.0000
 Ewald error estimate:   0.2088E-04
 ------------------------------------------------------------------------------


 NSTEP =    46000   TIME(PS) =      46.000  TEMP(K) =   301.37  PRESS =     0.0
 Etot   =   -151664.8067  EKtot   =     38821.2402  EPtot      =   -190486.0468
 BOND   =      1148.3234  ANGLE   =      3206.8883  DIHED      =      2238.4747
 UB     =         0.0000  IMP     =         0.0000  CMAP       =       251.0047
 1-4 NB =      1342.4094  1-4 EEL =     16900.6490  VDWAALS    =     22711.7789
 EELEC  =   -238285.5753  EHBOND  =         0.0000  RESTRAINT  =         0.0000
 Ewald error estimate:   0.6166E-05
 ------------------------------------------------------------------------------


 NSTEP =    47000   TIME(PS) =      47.000  TEMP(K) =   299.23  PRESS =     0.0
 Etot   =   -152419.2797  EKtot   =     38546.2998  EPtot      =   -190965.5795
 BOND   =      1113.5299  ANGLE   =      3177.8051  DIHED      =      2206.3971
 UB     =         0.0000  IMP     =         0.0000  CMAP       =       243.0784
 1-4 NB =      1321.9611  1-4 EEL =     16860.7583  VDWAALS    =     22744.9842
 EELEC  =   -238634.0936  EHBOND  =         0.0000  RESTRAINT  =         0.0000
 Ewald error estimate:   0.5504E-04
 ------------------------------------------------------------------------------


 NSTEP =    48000   TIME(PS) =      48.000  TEMP(K) =   299.73  PRESS =     0.0
 Etot   =   -152451.3578  EKtot   =     38610.6702  EPtot      =   -191062.0280
 BOND   =      1141.7242  ANGLE   =      3180.0727  DIHED      =      2220.2744
 UB     =         0.0000  IMP     =         0.0000  CMAP       =       238.2988
 1-4 NB =      1325.3797  1-4 EEL =     16932.2520  VDWAALS    =     23012.3507
 EELEC  =   -239112.3804  EHBOND  =         0.0000  RESTRAINT  =         0.0000
 Ewald error estimate:   0.4446E-04
 ------------------------------------------------------------------------------


 NSTEP =    49000   TIME(PS) =      49.000  TEMP(K) =   300.50  PRESS =     0.0
 Etot   =   -152407.0296  EKtot   =     38709.9439  EPtot      =   -191116.9735
 BOND   =      1118.7791  ANGLE   =      3122.7720  DIHED      =      2243.6565
 UB     =         0.0000  IMP     =         0.0000  CMAP       =       244.7062
 1-4 NB =      1360.0832  1-4 EEL =     16940.9822  VDWAALS    =     23084.3468
 EELEC  =   -239232.2996  EHBOND  =         0.0000  RESTRAINT  =         0.0000
 Ewald error estimate:   0.7912E-04
 ------------------------------------------------------------------------------


 NSTEP =    50000   TIME(PS) =      50.000  TEMP(K) =   298.94  PRESS =     0.0
 Etot   =   -152923.9980  EKtot   =     38509.3897  EPtot      =   -191433.3876
 BOND   =      1164.1256  ANGLE   =      3123.6599  DIHED      =      2229.4261
 UB     =         0.0000  IMP     =         0.0000  CMAP       =       247.2975
 1-4 NB =      1332.9046  1-4 EEL =     16881.4849  VDWAALS    =     22937.7258
 EELEC  =   -239350.0122  EHBOND  =         0.0000  RESTRAINT  =         0.0000
 Ewald error estimate:   0.2968E-04
 ------------------------------------------------------------------------------


      A V E R A G E S   O V E R      50 S T E P S


 NSTEP =    50000   TIME(PS) =      50.000  TEMP(K) =   299.50  PRESS =     0.0
 Etot   =   -150915.2269  EKtot   =     38581.4673  EPtot      =   -189496.6942
 BOND   =      1144.8906  ANGLE   =      3186.8231  DIHED      =      2229.4510
 UB     =         0.0000  IMP     =         0.0000  CMAP       =       245.7066
 1-4 NB =      1336.8457  1-4 EEL =     16883.5562  VDWAALS    =     22656.3693
 EELEC  =   -237180.3368  EHBOND  =         0.0000  RESTRAINT  =         0.0000
 Ewald error estimate:   0.3898E-04
 ------------------------------------------------------------------------------


      R M S  F L U C T U A T I O N S


 NSTEP =    50000   TIME(PS) =      50.000  TEMP(K) =     2.03  PRESS =     0.0
 Etot   =      1219.2784  EKtot   =       261.5578  EPtot      =      1191.2974
 BOND   =        30.2136  ANGLE   =        53.8303  DIHED      =        21.7219
 UB     =         0.0000  IMP     =         0.0000  CMAP       =         8.7819
 1-4 NB =        14.0098  1-4 EEL =        48.2807  VDWAALS    =       379.4309
 EELEC  =      1369.2399  EHBOND  =         0.0000  RESTRAINT  =         0.0000
 Ewald error estimate:   0.3185E-04
 ------------------------------------------------------------------------------

--------------------------------------------------------------------------------
   5.  TIMINGS
--------------------------------------------------------------------------------

|  NonSetup CPU Time in Major Routines:
|
|     Routine           Sec        %
|     ------------------------------
|     Nonbond        5782.41   89.51
|     Bond              1.54    0.02
|     Angle            21.95    0.34
|     Dihedral        140.77    2.18
|     Shake            81.99    1.27
|     RunMD           431.61    6.68
|     Other             0.05    0.00
|     ------------------------------
|     Total          6460.31

|  PME Nonbond Pairlist CPU Time:
|
|     Routine              Sec        %
|     ---------------------------------
|     Set Up Cit          11.37    0.18
|     Build List         729.65   11.29
|     ---------------------------------
|     Total              741.02   11.47

|  PME Direct Force CPU Time:
|
|     Routine              Sec        %
|     ---------------------------------
|     NonBonded Calc    3532.87   54.69
|     Exclude Masked      84.15    1.30
|     Other               60.66    0.94
|     ---------------------------------
|     Total             3677.68   56.93

|  PME Reciprocal Force CPU Time:
|
|     Routine              Sec        %
|     ---------------------------------
|     1D bspline         177.37    2.75
|     Grid Charges       213.09    3.30
|     Scalar Sum          32.16    0.50
|     Gradient Sum       213.95    3.31
|     FFT                727.16   11.26
|     ---------------------------------
|     Total             1363.74   21.11

|  Final Performance Info:
|     -----------------------------------------------------
|     Average timings for last       1 steps:
|     Elapsed(s) =       0.00 Per Step(ms) =       0.74
|         ns/day =     116.91   seconds/ns =     739.01
|
|     Average timings for all steps:
|     Elapsed(s) =    6485.60 Per Step(ms) =     129.71
|         ns/day =       0.67   seconds/ns =  129711.92
|     -----------------------------------------------------

|  Setup CPU time:            0.25 seconds
|  NonSetup CPU time:      6460.31 seconds
|  Total CPU time:         6460.56 seconds     1.79 hours

|  Setup wall time:           0    seconds
|  NonSetup wall time:     6486    seconds
|  Total wall time:        6486    seconds     1.80 hours
