            --------------------------------------------------------
                             AMBER SQM VERSION 19
 
                                     By
              Ross C. Walker, Michael F. Crowley, Scott Brozell,
                         Tim Giese, Andreas W. Goetz,
                        Tai-Sung Lee and David A. Case
 
            --------------------------------------------------------
 

--------------------------------------------------------------------------------
  QM CALCULATION INFO
--------------------------------------------------------------------------------

| QMMM: Citation for AMBER QMMM Run:
| QMMM: R.C. Walker, M.F. Crowley and D.A. Case, J. COMP. CHEM. 29:1019, 2008

QMMM: SINGLET STATE CALCULATION
QMMM: RHF CALCULATION, NO. OF DOUBLY OCCUPIED LEVELS = 17

| QMMM: *** Selected Hamiltonian *** 
| QMMM: AM1         

| QMMM: *** Parameter sets in use ***
| QMMM: C : M.J.S.DEWAR et al. JACS, 107, 3902, (1985)
| QMMM: O : M.J.S.DEWAR et al. JACS, 107, 3902, (1985)
| QMMM: H : M.J.S.DEWAR et al. JACS, 107, 3902, (1985)

| QMMM: *** SCF convergence criteria ***
| QMMM: Energy change                :  0.1D-09 kcal/mol
| QMMM: Error matrix |FP-PF|         :  0.1D+00 au
| QMMM: Density matrix change        :  0.5D-06
| QMMM: Maximum number of SCF cycles :     1000

| QMMM: *** Diagonalization Routine Information ***
| QMMM: Pseudo diagonalizations are allowed.
| QMMM: Auto diagonalization routine selection is in use.
| QMMM:
| QMMM: Timing diagonalization routines:
| QMMM:                              norbs =       25
| QMMM:    diag iterations used for timing =       20
| QMMM:
| QMMM:              Internal diag routine = 0.000888 seconds
| QMMM:                 Dspev diag routine = 0.000905 seconds
| QMMM:                Dspevd diag routine = 0.000856 seconds
| QMMM:                Dspevx diag routine = 0.004017 seconds
| QMMM:                 Dsyev diag routine = 0.003562 seconds
| QMMM:                Dsyevd diag routine = 0.003575 seconds
| QMMM:                Dsyevr diag routine = 0.004114 seconds
| QMMM:
| QMMM:                Pseudo diag routine = 0.000116 seconds
| QMMM:
| QMMM: Using dspevd routine (diag_routine=3).

  QMMM: QM Region Cartesian Coordinates (*=link atom) 
  QMMM: QM_NO.   MM_NO.  ATOM         X         Y         Z
  QMMM:     1        1      C        0.2560    3.1490   79.2380
  QMMM:     2        2      C        0.4120    3.4870   80.7320
  QMMM:     3        3      O        0.0750    3.6620   78.3660
  QMMM:     4        4      O        0.3060    2.3500   78.8470
  QMMM:     5        5      O        0.3310    4.2600   81.1100
  QMMM:     6        6      O        0.5120    2.9230   81.6900
  QMMM:     7        7      H        0.5380    3.0950   82.7290

--------------------------------------------------------------------------------
  RESULTS
--------------------------------------------------------------------------------

      iter         sqm energy              rms gradient
      ----    -------------------    -----------------------
xmin    10     -208.4028 kcal/mol        3.0469 kcal/(mol*A)
xmin    20     -211.4962 kcal/mol        0.7909 kcal/(mol*A)
xmin    30     -211.5126 kcal/mol        0.0018 kcal/(mol*A)
  ... geometry converged !
 
 Final MO eigenvalues (eV):
 -35.9826  -33.2554  -31.9181  -30.0469  -21.1396  -16.0373  -14.4628  -12.8235
 -11.8560  -10.7733  -10.4157   -9.8365   -8.0652   -7.8195   -5.7935   -5.4403
  -5.1331    5.7425    6.7616    7.4391    8.6120    9.6979   11.1165   11.6380
  12.9208

 Heat of formation   =       -211.51255267 kcal/mol  (       -9.17187254 eV)

 Total SCF energy    =     -35836.99372947 kcal/mol  (    -1554.00866092 eV)
 Electronic energy   =     -99554.93444251 kcal/mol  (    -4317.02590705 eV)
 Core-core repulsion =      63717.94071304 kcal/mol  (     2763.01724613 eV)
 
    Atomic Charges for Step       1 :
  Atom    Element       Mulliken Charge
     1      C                  0.389
     2      C                  0.239
     3      O                 -0.522
     4      O                 -0.522
     5      O                 -0.441
     6      O                 -0.335
     7      H                  0.191
 Total Mulliken Charge =      -1.000
 
                  X        Y        Z     TOTAL  
  QM DIPOLE    -1.798  -15.601 -380.003  380.327
 
 Final Structure

  QMMM: QM Region Cartesian Coordinates (*=link atom) 
  QMMM: QM_NO.   MM_NO.  ATOM         X         Y         Z
  QMMM:     1        1      C        0.2596    3.0976   79.2382
  QMMM:     2        2      C        0.5336    3.5455   80.6970
  QMMM:     3        3      O       -0.7412    3.6104   78.6858
  QMMM:     4        4      O        1.0757    2.2801   78.7530
  QMMM:     5        5      O        1.2066    4.4869   81.1388
  QMMM:     6        6      O       -0.0626    2.7798   81.6608
  QMMM:     7        7      H        0.1583    3.1257   82.5384

           --------- Calculation Completed ----------

